# nnet-get-egs --left-context=9 --right-context=7 "ark,s,cs:utils/filter_scp.pl exp/nnet/egs/train_subset_uttlist data/train/feats.scp | apply-cmvn  --utt2spk=ark:data/train/utt2spk scp:data/train/cmvn.scp scp:- ark:- | splice-feats --left-context=3 --right-context=3 ark:- ark:- | transform-feats exp/nnet/egs/final.mat ark:- ark:- | transform-feats --utt2spk=ark:data/train/utt2spk 'ark:cat exp/tri3_ali/trans.*|' ark:- ark:- |" "ark,s,cs:gunzip -c exp/nnet/egs/ali_special.gz | ali-to-pdf exp/tri3_ali/final.mdl ark:- ark:- | ali-to-post ark:- ark:- |" ark:exp/nnet/egs/train_subset_all.egs 
# Started at Fri Sep 28 18:00:34 KST 2018
#
nnet-get-egs --left-context=9 --right-context=7 "ark,s,cs:utils/filter_scp.pl exp/nnet/egs/train_subset_uttlist data/train/feats.scp | apply-cmvn  --utt2spk=ark:data/train/utt2spk scp:data/train/cmvn.scp scp:- ark:- | splice-feats --left-context=3 --right-context=3 ark:- ark:- | transform-feats exp/nnet/egs/final.mat ark:- ark:- | transform-feats --utt2spk=ark:data/train/utt2spk 'ark:cat exp/tri3_ali/trans.*|' ark:- ark:- |" 'ark,s,cs:gunzip -c exp/nnet/egs/ali_special.gz | ali-to-pdf exp/tri3_ali/final.mdl ark:- ark:- | ali-to-post ark:- ark:- |' ark:exp/nnet/egs/train_subset_all.egs 
apply-cmvn --utt2spk=ark:data/train/utt2spk scp:data/train/cmvn.scp scp:- ark:- 
transform-feats --utt2spk=ark:data/train/utt2spk 'ark:cat exp/tri3_ali/trans.*|' ark:- ark:- 
splice-feats --left-context=3 --right-context=3 ark:- ark:- 
transform-feats exp/nnet/egs/final.mat ark:- ark:- 
ali-to-post ark:- ark:- 
ali-to-pdf exp/tri3_ali/final.mdl ark:- ark:- 
WARNING (nnet-get-egs[5.2.88~1392-cc246]:main():nnet-get-egs.cc:156) No pdf-level posterior for key 152_003_1070
WARNING (nnet-get-egs[5.2.88~1392-cc246]:main():nnet-get-egs.cc:156) No pdf-level posterior for key 171_003_1365
WARNING (nnet-get-egs[5.2.88~1392-cc246]:main():nnet-get-egs.cc:156) No pdf-level posterior for key 196_003_0036
WARNING (nnet-get-egs[5.2.88~1392-cc246]:main():nnet-get-egs.cc:156) No pdf-level posterior for key 196_003_1357
LOG (ali-to-pdf[5.2.88~1392-cc246]:main():ali-to-pdf.cc:68) Converted 596 alignments to pdf sequences.
LOG (apply-cmvn[5.2.88~1392-cc246]:main():apply-cmvn.cc:162) Applied cepstral mean normalization to 300 utterances, errors on 0
LOG (ali-to-post[5.2.88~1392-cc246]:main():ali-to-post.cc:73) Converted 596 alignments.
LOG (transform-feats[5.2.88~1392-cc246]:main():transform-feats.cc:158) Overall average [pseudo-]logdet is -87.5573 over 248871 frames.
LOG (transform-feats[5.2.88~1392-cc246]:main():transform-feats.cc:161) Applied transform to 300 utterances; 0 had errors.
LOG (transform-feats[5.2.88~1392-cc246]:main():transform-feats.cc:158) Overall average logdet is 1.58033 over 248871 frames.
LOG (transform-feats[5.2.88~1392-cc246]:main():transform-feats.cc:161) Applied transform to 300 utterances; 0 had errors.
LOG (nnet-get-egs[5.2.88~1392-cc246]:main():nnet-get-egs.cc:174) Finished generating examples, successfully processed 296 feature files, wrote 246011 examples,  with 246011 egs in total; 4 files had errors.
# Accounting: time=36 threads=1
# Ended (code 0) at Fri Sep 28 18:01:10 KST 2018, elapsed time 36 seconds
