# nnet-get-egs --left-context=9 --right-context=7 --num-frames=8 "ark,s,cs:utils/filter_scp.pl --exclude exp/nnet/egs/valid_uttlist data/train/split109/83/feats.scp | apply-cmvn  --utt2spk=ark:data/train/split109/83/utt2spk scp:data/train/split109/83/cmvn.scp scp:- ark:- | splice-feats --left-context=3 --right-context=3 ark:- ark:- | transform-feats exp/nnet/egs/final.mat ark:- ark:- | transform-feats --utt2spk=ark:data/train/split109/83/utt2spk ark:exp/tri3_ali/trans.83 ark:- ark:- |" "ark,s,cs:gunzip -c exp/tri3_ali/ali.83.gz | ali-to-pdf exp/tri3_ali/final.mdl ark:- ark:- | ali-to-post ark:- ark:- |" ark:- | nnet-copy-egs ark:- ark:exp/nnet/egs/egs_orig.1.83.ark ark:exp/nnet/egs/egs_orig.2.83.ark ark:exp/nnet/egs/egs_orig.3.83.ark ark:exp/nnet/egs/egs_orig.4.83.ark ark:exp/nnet/egs/egs_orig.5.83.ark ark:exp/nnet/egs/egs_orig.6.83.ark ark:exp/nnet/egs/egs_orig.7.83.ark 
# Started at Fri Sep 28 18:02:13 KST 2018
#
nnet-get-egs --left-context=9 --right-context=7 --num-frames=8 'ark,s,cs:utils/filter_scp.pl --exclude exp/nnet/egs/valid_uttlist data/train/split109/83/feats.scp | apply-cmvn  --utt2spk=ark:data/train/split109/83/utt2spk scp:data/train/split109/83/cmvn.scp scp:- ark:- | splice-feats --left-context=3 --right-context=3 ark:- ark:- | transform-feats exp/nnet/egs/final.mat ark:- ark:- | transform-feats --utt2spk=ark:data/train/split109/83/utt2spk ark:exp/tri3_ali/trans.83 ark:- ark:- |' 'ark,s,cs:gunzip -c exp/tri3_ali/ali.83.gz | ali-to-pdf exp/tri3_ali/final.mdl ark:- ark:- | ali-to-post ark:- ark:- |' ark:- 
nnet-copy-egs ark:- ark:exp/nnet/egs/egs_orig.1.83.ark ark:exp/nnet/egs/egs_orig.2.83.ark ark:exp/nnet/egs/egs_orig.3.83.ark ark:exp/nnet/egs/egs_orig.4.83.ark ark:exp/nnet/egs/egs_orig.5.83.ark ark:exp/nnet/egs/egs_orig.6.83.ark ark:exp/nnet/egs/egs_orig.7.83.ark 
transform-feats exp/nnet/egs/final.mat ark:- ark:- 
transform-feats --utt2spk=ark:data/train/split109/83/utt2spk ark:exp/tri3_ali/trans.83 ark:- ark:- 
splice-feats --left-context=3 --right-context=3 ark:- ark:- 
apply-cmvn --utt2spk=ark:data/train/split109/83/utt2spk scp:data/train/split109/83/cmvn.scp scp:- ark:- 
ali-to-pdf exp/tri3_ali/final.mdl ark:- ark:- 
ali-to-post ark:- ark:- 
LOG (ali-to-pdf[5.2.88~1392-cc246]:main():ali-to-pdf.cc:68) Converted 440 alignments to pdf sequences.
LOG (apply-cmvn[5.2.88~1392-cc246]:main():apply-cmvn.cc:162) Applied cepstral mean normalization to 432 utterances, errors on 0
LOG (ali-to-post[5.2.88~1392-cc246]:main():ali-to-post.cc:73) Converted 440 alignments.
LOG (transform-feats[5.2.88~1392-cc246]:main():transform-feats.cc:158) Overall average [pseudo-]logdet is -87.5573 over 357267 frames.
LOG (transform-feats[5.2.88~1392-cc246]:main():transform-feats.cc:161) Applied transform to 432 utterances; 0 had errors.
LOG (transform-feats[5.2.88~1392-cc246]:main():transform-feats.cc:158) Overall average logdet is 2.26987 over 357267 frames.
LOG (transform-feats[5.2.88~1392-cc246]:main():transform-feats.cc:161) Applied transform to 432 utterances; 0 had errors.
LOG (nnet-get-egs[5.2.88~1392-cc246]:main():nnet-get-egs.cc:174) Finished generating examples, successfully processed 432 feature files, wrote 44845 examples,  with 357267 egs in total; 0 files had errors.
LOG (nnet-copy-egs[5.2.88~1392-cc246]:main():nnet-copy-egs.cc:170) Read 44845 neural-network training examples, wrote 44845
# Accounting: time=13 threads=1
# Ended (code 0) at Fri Sep 28 18:02:26 KST 2018, elapsed time 13 seconds
