# nnet-get-egs --left-context=9 --right-context=7 --num-frames=8 "ark,s,cs:utils/filter_scp.pl --exclude exp/nnet/egs/valid_uttlist data/train/split109/18/feats.scp | apply-cmvn  --utt2spk=ark:data/train/split109/18/utt2spk scp:data/train/split109/18/cmvn.scp scp:- ark:- | splice-feats --left-context=3 --right-context=3 ark:- ark:- | transform-feats exp/nnet/egs/final.mat ark:- ark:- | transform-feats --utt2spk=ark:data/train/split109/18/utt2spk ark:exp/tri3_ali/trans.18 ark:- ark:- |" "ark,s,cs:gunzip -c exp/tri3_ali/ali.18.gz | ali-to-pdf exp/tri3_ali/final.mdl ark:- ark:- | ali-to-post ark:- ark:- |" ark:- | nnet-copy-egs ark:- ark:exp/nnet/egs/egs_orig.1.18.ark ark:exp/nnet/egs/egs_orig.2.18.ark ark:exp/nnet/egs/egs_orig.3.18.ark ark:exp/nnet/egs/egs_orig.4.18.ark ark:exp/nnet/egs/egs_orig.5.18.ark ark:exp/nnet/egs/egs_orig.6.18.ark ark:exp/nnet/egs/egs_orig.7.18.ark 
# Started at Fri Sep 28 18:01:24 KST 2018
#
nnet-copy-egs ark:- ark:exp/nnet/egs/egs_orig.1.18.ark ark:exp/nnet/egs/egs_orig.2.18.ark ark:exp/nnet/egs/egs_orig.3.18.ark ark:exp/nnet/egs/egs_orig.4.18.ark ark:exp/nnet/egs/egs_orig.5.18.ark ark:exp/nnet/egs/egs_orig.6.18.ark ark:exp/nnet/egs/egs_orig.7.18.ark 
nnet-get-egs --left-context=9 --right-context=7 --num-frames=8 'ark,s,cs:utils/filter_scp.pl --exclude exp/nnet/egs/valid_uttlist data/train/split109/18/feats.scp | apply-cmvn  --utt2spk=ark:data/train/split109/18/utt2spk scp:data/train/split109/18/cmvn.scp scp:- ark:- | splice-feats --left-context=3 --right-context=3 ark:- ark:- | transform-feats exp/nnet/egs/final.mat ark:- ark:- | transform-feats --utt2spk=ark:data/train/split109/18/utt2spk ark:exp/tri3_ali/trans.18 ark:- ark:- |' 'ark,s,cs:gunzip -c exp/tri3_ali/ali.18.gz | ali-to-pdf exp/tri3_ali/final.mdl ark:- ark:- | ali-to-post ark:- ark:- |' ark:- 
apply-cmvn --utt2spk=ark:data/train/split109/18/utt2spk scp:data/train/split109/18/cmvn.scp scp:- ark:- 
splice-feats --left-context=3 --right-context=3 ark:- ark:- 
transform-feats --utt2spk=ark:data/train/split109/18/utt2spk ark:exp/tri3_ali/trans.18 ark:- ark:- 
transform-feats exp/nnet/egs/final.mat ark:- ark:- 
ali-to-post ark:- ark:- 
ali-to-pdf exp/tri3_ali/final.mdl ark:- ark:- 
WARNING (nnet-get-egs[5.2.88~1392-cc246]:main():nnet-get-egs.cc:156) No pdf-level posterior for key 124_003_0017
WARNING (nnet-get-egs[5.2.88~1392-cc246]:main():nnet-get-egs.cc:156) No pdf-level posterior for key 124_003_0948
WARNING (nnet-get-egs[5.2.88~1392-cc246]:main():nnet-get-egs.cc:156) No pdf-level posterior for key 124_003_2138
LOG (ali-to-pdf[5.2.88~1392-cc246]:main():ali-to-pdf.cc:68) Converted 118 alignments to pdf sequences.
WARNING (nnet-get-egs[5.2.88~1392-cc246]:main():nnet-get-egs.cc:156) No pdf-level posterior for key 124_003_2682
LOG (apply-cmvn[5.2.88~1392-cc246]:main():apply-cmvn.cc:162) Applied cepstral mean normalization to 120 utterances, errors on 0
LOG (ali-to-post[5.2.88~1392-cc246]:main():ali-to-post.cc:73) Converted 118 alignments.
LOG (transform-feats[5.2.88~1392-cc246]:main():transform-feats.cc:158) Overall average [pseudo-]logdet is -87.5573 over 101696 frames.
LOG (transform-feats[5.2.88~1392-cc246]:main():transform-feats.cc:161) Applied transform to 120 utterances; 0 had errors.
LOG (transform-feats[5.2.88~1392-cc246]:main():transform-feats.cc:158) Overall average logdet is 3.96641 over 101696 frames.
LOG (transform-feats[5.2.88~1392-cc246]:main():transform-feats.cc:161) Applied transform to 120 utterances; 0 had errors.
LOG (nnet-get-egs[5.2.88~1392-cc246]:main():nnet-get-egs.cc:174) Finished generating examples, successfully processed 116 feature files, wrote 12382 examples,  with 98668 egs in total; 4 files had errors.
LOG (nnet-copy-egs[5.2.88~1392-cc246]:main():nnet-copy-egs.cc:170) Read 12382 neural-network training examples, wrote 12382
# Accounting: time=2 threads=1
# Ended (code 0) at Fri Sep 28 18:01:26 KST 2018, elapsed time 2 seconds
