# nnet-get-egs --left-context=9 --right-context=7 --num-frames=8 "ark,s,cs:utils/filter_scp.pl --exclude exp/nnet/egs/valid_uttlist data/train/split109/57/feats.scp | apply-cmvn  --utt2spk=ark:data/train/split109/57/utt2spk scp:data/train/split109/57/cmvn.scp scp:- ark:- | splice-feats --left-context=3 --right-context=3 ark:- ark:- | transform-feats exp/nnet/egs/final.mat ark:- ark:- | transform-feats --utt2spk=ark:data/train/split109/57/utt2spk ark:exp/tri3_ali/trans.57 ark:- ark:- |" "ark,s,cs:gunzip -c exp/tri3_ali/ali.57.gz | ali-to-pdf exp/tri3_ali/final.mdl ark:- ark:- | ali-to-post ark:- ark:- |" ark:- | nnet-copy-egs ark:- ark:exp/nnet/egs/egs_orig.1.57.ark ark:exp/nnet/egs/egs_orig.2.57.ark ark:exp/nnet/egs/egs_orig.3.57.ark ark:exp/nnet/egs/egs_orig.4.57.ark ark:exp/nnet/egs/egs_orig.5.57.ark ark:exp/nnet/egs/egs_orig.6.57.ark ark:exp/nnet/egs/egs_orig.7.57.ark 
# Started at Fri Sep 28 18:01:41 KST 2018
#
nnet-copy-egs ark:- ark:exp/nnet/egs/egs_orig.1.57.ark ark:exp/nnet/egs/egs_orig.2.57.ark ark:exp/nnet/egs/egs_orig.3.57.ark ark:exp/nnet/egs/egs_orig.4.57.ark ark:exp/nnet/egs/egs_orig.5.57.ark ark:exp/nnet/egs/egs_orig.6.57.ark ark:exp/nnet/egs/egs_orig.7.57.ark 
nnet-get-egs --left-context=9 --right-context=7 --num-frames=8 'ark,s,cs:utils/filter_scp.pl --exclude exp/nnet/egs/valid_uttlist data/train/split109/57/feats.scp | apply-cmvn  --utt2spk=ark:data/train/split109/57/utt2spk scp:data/train/split109/57/cmvn.scp scp:- ark:- | splice-feats --left-context=3 --right-context=3 ark:- ark:- | transform-feats exp/nnet/egs/final.mat ark:- ark:- | transform-feats --utt2spk=ark:data/train/split109/57/utt2spk ark:exp/tri3_ali/trans.57 ark:- ark:- |' 'ark,s,cs:gunzip -c exp/tri3_ali/ali.57.gz | ali-to-pdf exp/tri3_ali/final.mdl ark:- ark:- | ali-to-post ark:- ark:- |' ark:- 
transform-feats --utt2spk=ark:data/train/split109/57/utt2spk ark:exp/tri3_ali/trans.57 ark:- ark:- 
apply-cmvn --utt2spk=ark:data/train/split109/57/utt2spk scp:data/train/split109/57/cmvn.scp scp:- ark:- 
transform-feats exp/nnet/egs/final.mat ark:- ark:- 
splice-feats --left-context=3 --right-context=3 ark:- ark:- 
ali-to-post ark:- ark:- 
ali-to-pdf exp/tri3_ali/final.mdl ark:- ark:- 
WARNING (nnet-get-egs[5.2.88~1392-cc246]:main():nnet-get-egs.cc:156) No pdf-level posterior for key 168_003_0066
LOG (ali-to-pdf[5.2.88~1392-cc246]:main():ali-to-pdf.cc:68) Converted 62 alignments to pdf sequences.
WARNING (nnet-get-egs[5.2.88~1392-cc246]:main():nnet-get-egs.cc:156) No pdf-level posterior for key 168_003_2216
LOG (ali-to-post[5.2.88~1392-cc246]:main():ali-to-post.cc:73) Converted 62 alignments.
LOG (apply-cmvn[5.2.88~1392-cc246]:main():apply-cmvn.cc:162) Applied cepstral mean normalization to 64 utterances, errors on 0
LOG (transform-feats[5.2.88~1392-cc246]:main():transform-feats.cc:158) Overall average [pseudo-]logdet is -87.5573 over 44584 frames.
LOG (transform-feats[5.2.88~1392-cc246]:main():transform-feats.cc:161) Applied transform to 64 utterances; 0 had errors.
LOG (transform-feats[5.2.88~1392-cc246]:main():transform-feats.cc:158) Overall average logdet is 4.00382 over 44584 frames.
LOG (transform-feats[5.2.88~1392-cc246]:main():transform-feats.cc:161) Applied transform to 64 utterances; 0 had errors.
LOG (nnet-get-egs[5.2.88~1392-cc246]:main():nnet-get-egs.cc:174) Finished generating examples, successfully processed 62 feature files, wrote 5448 examples,  with 43388 egs in total; 2 files had errors.
LOG (nnet-copy-egs[5.2.88~1392-cc246]:main():nnet-copy-egs.cc:170) Read 5448 neural-network training examples, wrote 5448
# Accounting: time=1 threads=1
# Ended (code 0) at Fri Sep 28 18:01:42 KST 2018, elapsed time 1 seconds
