# nnet-get-egs --left-context=9 --right-context=7 --num-frames=8 "ark,s,cs:utils/filter_scp.pl --exclude exp/nnet/egs/valid_uttlist data/train/split109/49/feats.scp | apply-cmvn  --utt2spk=ark:data/train/split109/49/utt2spk scp:data/train/split109/49/cmvn.scp scp:- ark:- | splice-feats --left-context=3 --right-context=3 ark:- ark:- | transform-feats exp/nnet/egs/final.mat ark:- ark:- | transform-feats --utt2spk=ark:data/train/split109/49/utt2spk ark:exp/tri3_ali/trans.49 ark:- ark:- |" "ark,s,cs:gunzip -c exp/tri3_ali/ali.49.gz | ali-to-pdf exp/tri3_ali/final.mdl ark:- ark:- | ali-to-post ark:- ark:- |" ark:- | nnet-copy-egs ark:- ark:exp/nnet/egs/egs_orig.1.49.ark ark:exp/nnet/egs/egs_orig.2.49.ark ark:exp/nnet/egs/egs_orig.3.49.ark ark:exp/nnet/egs/egs_orig.4.49.ark ark:exp/nnet/egs/egs_orig.5.49.ark ark:exp/nnet/egs/egs_orig.6.49.ark ark:exp/nnet/egs/egs_orig.7.49.ark 
# Started at Fri Sep 28 18:01:37 KST 2018
#
nnet-copy-egs ark:- ark:exp/nnet/egs/egs_orig.1.49.ark ark:exp/nnet/egs/egs_orig.2.49.ark ark:exp/nnet/egs/egs_orig.3.49.ark ark:exp/nnet/egs/egs_orig.4.49.ark ark:exp/nnet/egs/egs_orig.5.49.ark ark:exp/nnet/egs/egs_orig.6.49.ark ark:exp/nnet/egs/egs_orig.7.49.ark 
nnet-get-egs --left-context=9 --right-context=7 --num-frames=8 'ark,s,cs:utils/filter_scp.pl --exclude exp/nnet/egs/valid_uttlist data/train/split109/49/feats.scp | apply-cmvn  --utt2spk=ark:data/train/split109/49/utt2spk scp:data/train/split109/49/cmvn.scp scp:- ark:- | splice-feats --left-context=3 --right-context=3 ark:- ark:- | transform-feats exp/nnet/egs/final.mat ark:- ark:- | transform-feats --utt2spk=ark:data/train/split109/49/utt2spk ark:exp/tri3_ali/trans.49 ark:- ark:- |' 'ark,s,cs:gunzip -c exp/tri3_ali/ali.49.gz | ali-to-pdf exp/tri3_ali/final.mdl ark:- ark:- | ali-to-post ark:- ark:- |' ark:- 
transform-feats --utt2spk=ark:data/train/split109/49/utt2spk ark:exp/tri3_ali/trans.49 ark:- ark:- 
splice-feats --left-context=3 --right-context=3 ark:- ark:- 
transform-feats exp/nnet/egs/final.mat ark:- ark:- 
apply-cmvn --utt2spk=ark:data/train/split109/49/utt2spk scp:data/train/split109/49/cmvn.scp scp:- ark:- 
ali-to-pdf exp/tri3_ali/final.mdl ark:- ark:- 
ali-to-post ark:- ark:- 
WARNING (nnet-get-egs[5.2.88~1392-cc246]:main():nnet-get-egs.cc:156) No pdf-level posterior for key 160_003_0301
WARNING (nnet-get-egs[5.2.88~1392-cc246]:main():nnet-get-egs.cc:156) No pdf-level posterior for key 160_003_0927
LOG (ali-to-pdf[5.2.88~1392-cc246]:main():ali-to-pdf.cc:68) Converted 62 alignments to pdf sequences.
WARNING (nnet-get-egs[5.2.88~1392-cc246]:main():nnet-get-egs.cc:156) No pdf-level posterior for key 160_003_2182
WARNING (nnet-get-egs[5.2.88~1392-cc246]:main():nnet-get-egs.cc:156) No pdf-level posterior for key 160_003_2675
LOG (ali-to-post[5.2.88~1392-cc246]:main():ali-to-post.cc:73) Converted 62 alignments.
LOG (apply-cmvn[5.2.88~1392-cc246]:main():apply-cmvn.cc:162) Applied cepstral mean normalization to 65 utterances, errors on 0
WARNING (nnet-get-egs[5.2.88~1392-cc246]:main():nnet-get-egs.cc:156) No pdf-level posterior for key 160_003_2855
LOG (transform-feats[5.2.88~1392-cc246]:main():transform-feats.cc:158) Overall average [pseudo-]logdet is -87.5573 over 53587 frames.
LOG (transform-feats[5.2.88~1392-cc246]:main():transform-feats.cc:161) Applied transform to 65 utterances; 0 had errors.
LOG (transform-feats[5.2.88~1392-cc246]:main():transform-feats.cc:158) Overall average logdet is 2.4297 over 53587 frames.
LOG (transform-feats[5.2.88~1392-cc246]:main():transform-feats.cc:161) Applied transform to 65 utterances; 0 had errors.
LOG (nnet-get-egs[5.2.88~1392-cc246]:main():nnet-get-egs.cc:174) Finished generating examples, successfully processed 60 feature files, wrote 6124 examples,  with 48768 egs in total; 5 files had errors.
LOG (nnet-copy-egs[5.2.88~1392-cc246]:main():nnet-copy-egs.cc:170) Read 6124 neural-network training examples, wrote 6124
# Accounting: time=2 threads=1
# Ended (code 0) at Fri Sep 28 18:01:39 KST 2018, elapsed time 2 seconds
