# nnet-get-egs --left-context=9 --right-context=7 --num-frames=8 "ark,s,cs:utils/filter_scp.pl --exclude exp/nnet/egs/valid_uttlist data/train/split109/36/feats.scp | apply-cmvn  --utt2spk=ark:data/train/split109/36/utt2spk scp:data/train/split109/36/cmvn.scp scp:- ark:- | splice-feats --left-context=3 --right-context=3 ark:- ark:- | transform-feats exp/nnet/egs/final.mat ark:- ark:- | transform-feats --utt2spk=ark:data/train/split109/36/utt2spk ark:exp/tri3_ali/trans.36 ark:- ark:- |" "ark,s,cs:gunzip -c exp/tri3_ali/ali.36.gz | ali-to-pdf exp/tri3_ali/final.mdl ark:- ark:- | ali-to-post ark:- ark:- |" ark:- | nnet-copy-egs ark:- ark:exp/nnet/egs/egs_orig.1.36.ark ark:exp/nnet/egs/egs_orig.2.36.ark ark:exp/nnet/egs/egs_orig.3.36.ark ark:exp/nnet/egs/egs_orig.4.36.ark ark:exp/nnet/egs/egs_orig.5.36.ark ark:exp/nnet/egs/egs_orig.6.36.ark ark:exp/nnet/egs/egs_orig.7.36.ark 
# Started at Fri Sep 28 18:01:31 KST 2018
#
nnet-copy-egs ark:- ark:exp/nnet/egs/egs_orig.1.36.ark ark:exp/nnet/egs/egs_orig.2.36.ark ark:exp/nnet/egs/egs_orig.3.36.ark ark:exp/nnet/egs/egs_orig.4.36.ark ark:exp/nnet/egs/egs_orig.5.36.ark ark:exp/nnet/egs/egs_orig.6.36.ark ark:exp/nnet/egs/egs_orig.7.36.ark 
nnet-get-egs --left-context=9 --right-context=7 --num-frames=8 'ark,s,cs:utils/filter_scp.pl --exclude exp/nnet/egs/valid_uttlist data/train/split109/36/feats.scp | apply-cmvn  --utt2spk=ark:data/train/split109/36/utt2spk scp:data/train/split109/36/cmvn.scp scp:- ark:- | splice-feats --left-context=3 --right-context=3 ark:- ark:- | transform-feats exp/nnet/egs/final.mat ark:- ark:- | transform-feats --utt2spk=ark:data/train/split109/36/utt2spk ark:exp/tri3_ali/trans.36 ark:- ark:- |' 'ark,s,cs:gunzip -c exp/tri3_ali/ali.36.gz | ali-to-pdf exp/tri3_ali/final.mdl ark:- ark:- | ali-to-post ark:- ark:- |' ark:- 
transform-feats exp/nnet/egs/final.mat ark:- ark:- 
transform-feats --utt2spk=ark:data/train/split109/36/utt2spk ark:exp/tri3_ali/trans.36 ark:- ark:- 
apply-cmvn --utt2spk=ark:data/train/split109/36/utt2spk scp:data/train/split109/36/cmvn.scp scp:- ark:- 
splice-feats --left-context=3 --right-context=3 ark:- ark:- 
ali-to-pdf exp/tri3_ali/final.mdl ark:- ark:- 
ali-to-post ark:- ark:- 
WARNING (nnet-get-egs[5.2.88~1392-cc246]:main():nnet-get-egs.cc:156) No pdf-level posterior for key 145_003_0325
WARNING (nnet-get-egs[5.2.88~1392-cc246]:main():nnet-get-egs.cc:156) No pdf-level posterior for key 145_003_1087
LOG (ali-to-pdf[5.2.88~1392-cc246]:main():ali-to-pdf.cc:68) Converted 145 alignments to pdf sequences.
LOG (ali-to-post[5.2.88~1392-cc246]:main():ali-to-post.cc:73) Converted 145 alignments.
LOG (apply-cmvn[5.2.88~1392-cc246]:main():apply-cmvn.cc:162) Applied cepstral mean normalization to 146 utterances, errors on 0
LOG (transform-feats[5.2.88~1392-cc246]:main():transform-feats.cc:158) Overall average [pseudo-]logdet is -87.5573 over 117222 frames.
LOG (transform-feats[5.2.88~1392-cc246]:main():transform-feats.cc:161) Applied transform to 146 utterances; 0 had errors.
LOG (transform-feats[5.2.88~1392-cc246]:main():transform-feats.cc:158) Overall average logdet is 4.00782 over 117222 frames.
LOG (transform-feats[5.2.88~1392-cc246]:main():transform-feats.cc:161) Applied transform to 146 utterances; 0 had errors.
LOG (nnet-get-egs[5.2.88~1392-cc246]:main():nnet-get-egs.cc:174) Finished generating examples, successfully processed 144 feature files, wrote 14562 examples,  with 115978 egs in total; 2 files had errors.
LOG (nnet-copy-egs[5.2.88~1392-cc246]:main():nnet-copy-egs.cc:170) Read 14562 neural-network training examples, wrote 14562
# Accounting: time=3 threads=1
# Ended (code 0) at Fri Sep 28 18:01:34 KST 2018, elapsed time 3 seconds
