# nnet-get-egs --left-context=9 --right-context=7 --num-frames=8 "ark,s,cs:utils/filter_scp.pl --exclude exp/nnet/egs/valid_uttlist data/train/split109/51/feats.scp | apply-cmvn  --utt2spk=ark:data/train/split109/51/utt2spk scp:data/train/split109/51/cmvn.scp scp:- ark:- | splice-feats --left-context=3 --right-context=3 ark:- ark:- | transform-feats exp/nnet/egs/final.mat ark:- ark:- | transform-feats --utt2spk=ark:data/train/split109/51/utt2spk ark:exp/tri3_ali/trans.51 ark:- ark:- |" "ark,s,cs:gunzip -c exp/tri3_ali/ali.51.gz | ali-to-pdf exp/tri3_ali/final.mdl ark:- ark:- | ali-to-post ark:- ark:- |" ark:- | nnet-copy-egs ark:- ark:exp/nnet/egs/egs_orig.1.51.ark ark:exp/nnet/egs/egs_orig.2.51.ark ark:exp/nnet/egs/egs_orig.3.51.ark ark:exp/nnet/egs/egs_orig.4.51.ark ark:exp/nnet/egs/egs_orig.5.51.ark ark:exp/nnet/egs/egs_orig.6.51.ark ark:exp/nnet/egs/egs_orig.7.51.ark 
# Started at Fri Sep 28 18:01:38 KST 2018
#
nnet-copy-egs ark:- ark:exp/nnet/egs/egs_orig.1.51.ark ark:exp/nnet/egs/egs_orig.2.51.ark ark:exp/nnet/egs/egs_orig.3.51.ark ark:exp/nnet/egs/egs_orig.4.51.ark ark:exp/nnet/egs/egs_orig.5.51.ark ark:exp/nnet/egs/egs_orig.6.51.ark ark:exp/nnet/egs/egs_orig.7.51.ark 
nnet-get-egs --left-context=9 --right-context=7 --num-frames=8 'ark,s,cs:utils/filter_scp.pl --exclude exp/nnet/egs/valid_uttlist data/train/split109/51/feats.scp | apply-cmvn  --utt2spk=ark:data/train/split109/51/utt2spk scp:data/train/split109/51/cmvn.scp scp:- ark:- | splice-feats --left-context=3 --right-context=3 ark:- ark:- | transform-feats exp/nnet/egs/final.mat ark:- ark:- | transform-feats --utt2spk=ark:data/train/split109/51/utt2spk ark:exp/tri3_ali/trans.51 ark:- ark:- |' 'ark,s,cs:gunzip -c exp/tri3_ali/ali.51.gz | ali-to-pdf exp/tri3_ali/final.mdl ark:- ark:- | ali-to-post ark:- ark:- |' ark:- 
transform-feats exp/nnet/egs/final.mat ark:- ark:- 
apply-cmvn --utt2spk=ark:data/train/split109/51/utt2spk scp:data/train/split109/51/cmvn.scp scp:- ark:- 
splice-feats --left-context=3 --right-context=3 ark:- ark:- 
transform-feats --utt2spk=ark:data/train/split109/51/utt2spk ark:exp/tri3_ali/trans.51 ark:- ark:- 
ali-to-post ark:- ark:- 
ali-to-pdf exp/tri3_ali/final.mdl ark:- ark:- 
WARNING (nnet-get-egs[5.2.88~1392-cc246]:main():nnet-get-egs.cc:156) No pdf-level posterior for key 162_003_0564
LOG (ali-to-pdf[5.2.88~1392-cc246]:main():ali-to-pdf.cc:68) Converted 62 alignments to pdf sequences.
LOG (ali-to-post[5.2.88~1392-cc246]:main():ali-to-post.cc:73) Converted 62 alignments.
LOG (apply-cmvn[5.2.88~1392-cc246]:main():apply-cmvn.cc:162) Applied cepstral mean normalization to 63 utterances, errors on 0
LOG (transform-feats[5.2.88~1392-cc246]:main():transform-feats.cc:158) Overall average [pseudo-]logdet is -87.5573 over 52928 frames.
LOG (transform-feats[5.2.88~1392-cc246]:main():transform-feats.cc:161) Applied transform to 63 utterances; 0 had errors.
LOG (transform-feats[5.2.88~1392-cc246]:main():transform-feats.cc:158) Overall average logdet is 3.72929 over 52928 frames.
LOG (transform-feats[5.2.88~1392-cc246]:main():transform-feats.cc:161) Applied transform to 63 utterances; 0 had errors.
LOG (nnet-get-egs[5.2.88~1392-cc246]:main():nnet-get-egs.cc:174) Finished generating examples, successfully processed 62 feature files, wrote 6506 examples,  with 51825 egs in total; 1 files had errors.
LOG (nnet-copy-egs[5.2.88~1392-cc246]:main():nnet-copy-egs.cc:170) Read 6506 neural-network training examples, wrote 6506
# Accounting: time=2 threads=1
# Ended (code 0) at Fri Sep 28 18:01:40 KST 2018, elapsed time 2 seconds
