# nnet-get-egs --left-context=9 --right-context=7 --num-frames=8 "ark,s,cs:utils/filter_scp.pl --exclude exp/nnet/egs/valid_uttlist data/train/split109/47/feats.scp | apply-cmvn  --utt2spk=ark:data/train/split109/47/utt2spk scp:data/train/split109/47/cmvn.scp scp:- ark:- | splice-feats --left-context=3 --right-context=3 ark:- ark:- | transform-feats exp/nnet/egs/final.mat ark:- ark:- | transform-feats --utt2spk=ark:data/train/split109/47/utt2spk ark:exp/tri3_ali/trans.47 ark:- ark:- |" "ark,s,cs:gunzip -c exp/tri3_ali/ali.47.gz | ali-to-pdf exp/tri3_ali/final.mdl ark:- ark:- | ali-to-post ark:- ark:- |" ark:- | nnet-copy-egs ark:- ark:exp/nnet/egs/egs_orig.1.47.ark ark:exp/nnet/egs/egs_orig.2.47.ark ark:exp/nnet/egs/egs_orig.3.47.ark ark:exp/nnet/egs/egs_orig.4.47.ark ark:exp/nnet/egs/egs_orig.5.47.ark ark:exp/nnet/egs/egs_orig.6.47.ark ark:exp/nnet/egs/egs_orig.7.47.ark 
# Started at Fri Sep 28 18:01:35 KST 2018
#
nnet-copy-egs ark:- ark:exp/nnet/egs/egs_orig.1.47.ark ark:exp/nnet/egs/egs_orig.2.47.ark ark:exp/nnet/egs/egs_orig.3.47.ark ark:exp/nnet/egs/egs_orig.4.47.ark ark:exp/nnet/egs/egs_orig.5.47.ark ark:exp/nnet/egs/egs_orig.6.47.ark ark:exp/nnet/egs/egs_orig.7.47.ark 
nnet-get-egs --left-context=9 --right-context=7 --num-frames=8 'ark,s,cs:utils/filter_scp.pl --exclude exp/nnet/egs/valid_uttlist data/train/split109/47/feats.scp | apply-cmvn  --utt2spk=ark:data/train/split109/47/utt2spk scp:data/train/split109/47/cmvn.scp scp:- ark:- | splice-feats --left-context=3 --right-context=3 ark:- ark:- | transform-feats exp/nnet/egs/final.mat ark:- ark:- | transform-feats --utt2spk=ark:data/train/split109/47/utt2spk ark:exp/tri3_ali/trans.47 ark:- ark:- |' 'ark,s,cs:gunzip -c exp/tri3_ali/ali.47.gz | ali-to-pdf exp/tri3_ali/final.mdl ark:- ark:- | ali-to-post ark:- ark:- |' ark:- 
transform-feats --utt2spk=ark:data/train/split109/47/utt2spk ark:exp/tri3_ali/trans.47 ark:- ark:- 
apply-cmvn --utt2spk=ark:data/train/split109/47/utt2spk scp:data/train/split109/47/cmvn.scp scp:- ark:- 
transform-feats exp/nnet/egs/final.mat ark:- ark:- 
splice-feats --left-context=3 --right-context=3 ark:- ark:- 
ali-to-post ark:- ark:- 
ali-to-pdf exp/tri3_ali/final.mdl ark:- ark:- 
WARNING (nnet-get-egs[5.2.88~1392-cc246]:main():nnet-get-egs.cc:156) No pdf-level posterior for key 158_003_0004
WARNING (nnet-get-egs[5.2.88~1392-cc246]:main():nnet-get-egs.cc:156) No pdf-level posterior for key 158_003_0114
WARNING (nnet-get-egs[5.2.88~1392-cc246]:main():nnet-get-egs.cc:156) No pdf-level posterior for key 158_003_0189
WARNING (nnet-get-egs[5.2.88~1392-cc246]:main():nnet-get-egs.cc:156) No pdf-level posterior for key 158_003_0342
WARNING (nnet-get-egs[5.2.88~1392-cc246]:main():nnet-get-egs.cc:156) No pdf-level posterior for key 158_003_0497
WARNING (nnet-get-egs[5.2.88~1392-cc246]:main():nnet-get-egs.cc:156) No pdf-level posterior for key 158_003_0536
WARNING (nnet-get-egs[5.2.88~1392-cc246]:main():nnet-get-egs.cc:156) No pdf-level posterior for key 158_003_0584
WARNING (nnet-get-egs[5.2.88~1392-cc246]:main():nnet-get-egs.cc:156) No pdf-level posterior for key 158_003_0658
WARNING (nnet-get-egs[5.2.88~1392-cc246]:main():nnet-get-egs.cc:156) No pdf-level posterior for key 158_003_0669
WARNING (nnet-get-egs[5.2.88~1392-cc246]:main():nnet-get-egs.cc:156) No pdf-level posterior for key 158_003_0938
WARNING (nnet-get-egs[5.2.88~1392-cc246]:main():nnet-get-egs.cc:156) No pdf-level posterior for key 158_003_0947
WARNING (nnet-get-egs[5.2.88~1392-cc246]:main():nnet-get-egs.cc:156) No pdf-level posterior for key 158_003_1141
WARNING (nnet-get-egs[5.2.88~1392-cc246]:main():nnet-get-egs.cc:156) No pdf-level posterior for key 158_003_1182
WARNING (nnet-get-egs[5.2.88~1392-cc246]:main():nnet-get-egs.cc:156) No pdf-level posterior for key 158_003_1694
WARNING (nnet-get-egs[5.2.88~1392-cc246]:main():nnet-get-egs.cc:156) No pdf-level posterior for key 158_003_1746
WARNING (nnet-get-egs[5.2.88~1392-cc246]:main():nnet-get-egs.cc:156) No pdf-level posterior for key 158_003_2158
LOG (ali-to-pdf[5.2.88~1392-cc246]:main():ali-to-pdf.cc:68) Converted 90 alignments to pdf sequences.
WARNING (nnet-get-egs[5.2.88~1392-cc246]:main():nnet-get-egs.cc:156) No pdf-level posterior for key 158_003_2359
LOG (ali-to-post[5.2.88~1392-cc246]:main():ali-to-post.cc:73) Converted 90 alignments.
WARNING (nnet-get-egs[5.2.88~1392-cc246]:main():nnet-get-egs.cc:156) No pdf-level posterior for key 158_003_2929
LOG (apply-cmvn[5.2.88~1392-cc246]:main():apply-cmvn.cc:162) Applied cepstral mean normalization to 110 utterances, errors on 0
WARNING (nnet-get-egs[5.2.88~1392-cc246]:main():nnet-get-egs.cc:156) No pdf-level posterior for key 158_003_2932
WARNING (nnet-get-egs[5.2.88~1392-cc246]:main():nnet-get-egs.cc:156) No pdf-level posterior for key 158_003_2982
WARNING (nnet-get-egs[5.2.88~1392-cc246]:main():nnet-get-egs.cc:156) No pdf-level posterior for key 158_003_2987
LOG (transform-feats[5.2.88~1392-cc246]:main():transform-feats.cc:158) Overall average [pseudo-]logdet is -87.5573 over 72037 frames.
LOG (transform-feats[5.2.88~1392-cc246]:main():transform-feats.cc:161) Applied transform to 110 utterances; 0 had errors.
LOG (transform-feats[5.2.88~1392-cc246]:main():transform-feats.cc:158) Overall average logdet is 2.14486 over 72037 frames.
LOG (transform-feats[5.2.88~1392-cc246]:main():transform-feats.cc:161) Applied transform to 110 utterances; 0 had errors.
LOG (nnet-get-egs[5.2.88~1392-cc246]:main():nnet-get-egs.cc:174) Finished generating examples, successfully processed 89 feature files, wrote 7145 examples,  with 56900 egs in total; 21 files had errors.
LOG (nnet-copy-egs[5.2.88~1392-cc246]:main():nnet-copy-egs.cc:170) Read 7145 neural-network training examples, wrote 7145
# Accounting: time=3 threads=1
# Ended (code 0) at Fri Sep 28 18:01:38 KST 2018, elapsed time 3 seconds
