# nnet-get-egs --left-context=9 --right-context=7 --num-frames=8 "ark,s,cs:utils/filter_scp.pl --exclude exp/nnet/egs/valid_uttlist data/train/split109/92/feats.scp | apply-cmvn  --utt2spk=ark:data/train/split109/92/utt2spk scp:data/train/split109/92/cmvn.scp scp:- ark:- | splice-feats --left-context=3 --right-context=3 ark:- ark:- | transform-feats exp/nnet/egs/final.mat ark:- ark:- | transform-feats --utt2spk=ark:data/train/split109/92/utt2spk ark:exp/tri3_ali/trans.92 ark:- ark:- |" "ark,s,cs:gunzip -c exp/tri3_ali/ali.92.gz | ali-to-pdf exp/tri3_ali/final.mdl ark:- ark:- | ali-to-post ark:- ark:- |" ark:- | nnet-copy-egs ark:- ark:exp/nnet/egs/egs_orig.1.92.ark ark:exp/nnet/egs/egs_orig.2.92.ark ark:exp/nnet/egs/egs_orig.3.92.ark ark:exp/nnet/egs/egs_orig.4.92.ark ark:exp/nnet/egs/egs_orig.5.92.ark ark:exp/nnet/egs/egs_orig.6.92.ark ark:exp/nnet/egs/egs_orig.7.92.ark 
# Started at Fri Sep 28 18:02:31 KST 2018
#
nnet-copy-egs ark:- ark:exp/nnet/egs/egs_orig.1.92.ark ark:exp/nnet/egs/egs_orig.2.92.ark ark:exp/nnet/egs/egs_orig.3.92.ark ark:exp/nnet/egs/egs_orig.4.92.ark ark:exp/nnet/egs/egs_orig.5.92.ark ark:exp/nnet/egs/egs_orig.6.92.ark ark:exp/nnet/egs/egs_orig.7.92.ark 
nnet-get-egs --left-context=9 --right-context=7 --num-frames=8 'ark,s,cs:utils/filter_scp.pl --exclude exp/nnet/egs/valid_uttlist data/train/split109/92/feats.scp | apply-cmvn  --utt2spk=ark:data/train/split109/92/utt2spk scp:data/train/split109/92/cmvn.scp scp:- ark:- | splice-feats --left-context=3 --right-context=3 ark:- ark:- | transform-feats exp/nnet/egs/final.mat ark:- ark:- | transform-feats --utt2spk=ark:data/train/split109/92/utt2spk ark:exp/tri3_ali/trans.92 ark:- ark:- |' 'ark,s,cs:gunzip -c exp/tri3_ali/ali.92.gz | ali-to-pdf exp/tri3_ali/final.mdl ark:- ark:- | ali-to-post ark:- ark:- |' ark:- 
splice-feats --left-context=3 --right-context=3 ark:- ark:- 
transform-feats --utt2spk=ark:data/train/split109/92/utt2spk ark:exp/tri3_ali/trans.92 ark:- ark:- 
apply-cmvn --utt2spk=ark:data/train/split109/92/utt2spk scp:data/train/split109/92/cmvn.scp scp:- ark:- 
transform-feats exp/nnet/egs/final.mat ark:- ark:- 
ali-to-post ark:- ark:- 
ali-to-pdf exp/tri3_ali/final.mdl ark:- ark:- 
WARNING (nnet-get-egs[5.2.88~1392-cc246]:main():nnet-get-egs.cc:156) No pdf-level posterior for key 203_003_2635
LOG (ali-to-pdf[5.2.88~1392-cc246]:main():ali-to-pdf.cc:68) Converted 389 alignments to pdf sequences.
LOG (apply-cmvn[5.2.88~1392-cc246]:main():apply-cmvn.cc:162) Applied cepstral mean normalization to 385 utterances, errors on 0
LOG (ali-to-post[5.2.88~1392-cc246]:main():ali-to-post.cc:73) Converted 389 alignments.
LOG (transform-feats[5.2.88~1392-cc246]:main():transform-feats.cc:158) Overall average [pseudo-]logdet is -87.5573 over 366639 frames.
LOG (transform-feats[5.2.88~1392-cc246]:main():transform-feats.cc:161) Applied transform to 385 utterances; 0 had errors.
LOG (transform-feats[5.2.88~1392-cc246]:main():transform-feats.cc:158) Overall average logdet is 5.54459 over 366639 frames.
LOG (transform-feats[5.2.88~1392-cc246]:main():transform-feats.cc:161) Applied transform to 385 utterances; 0 had errors.
LOG (nnet-get-egs[5.2.88~1392-cc246]:main():nnet-get-egs.cc:174) Finished generating examples, successfully processed 384 feature files, wrote 45915 examples,  with 365924 egs in total; 1 files had errors.
LOG (nnet-copy-egs[5.2.88~1392-cc246]:main():nnet-copy-egs.cc:170) Read 45915 neural-network training examples, wrote 45915
# Accounting: time=10 threads=1
# Ended (code 0) at Fri Sep 28 18:02:41 KST 2018, elapsed time 10 seconds
