# nnet-get-egs --left-context=9 --right-context=7 --num-frames=8 "ark,s,cs:utils/filter_scp.pl --exclude exp/nnet/egs/valid_uttlist data/train/split109/88/feats.scp | apply-cmvn  --utt2spk=ark:data/train/split109/88/utt2spk scp:data/train/split109/88/cmvn.scp scp:- ark:- | splice-feats --left-context=3 --right-context=3 ark:- ark:- | transform-feats exp/nnet/egs/final.mat ark:- ark:- | transform-feats --utt2spk=ark:data/train/split109/88/utt2spk ark:exp/tri3_ali/trans.88 ark:- ark:- |" "ark,s,cs:gunzip -c exp/tri3_ali/ali.88.gz | ali-to-pdf exp/tri3_ali/final.mdl ark:- ark:- | ali-to-post ark:- ark:- |" ark:- | nnet-copy-egs ark:- ark:exp/nnet/egs/egs_orig.1.88.ark ark:exp/nnet/egs/egs_orig.2.88.ark ark:exp/nnet/egs/egs_orig.3.88.ark ark:exp/nnet/egs/egs_orig.4.88.ark ark:exp/nnet/egs/egs_orig.5.88.ark ark:exp/nnet/egs/egs_orig.6.88.ark ark:exp/nnet/egs/egs_orig.7.88.ark 
# Started at Fri Sep 28 18:02:26 KST 2018
#
nnet-get-egs --left-context=9 --right-context=7 --num-frames=8 'ark,s,cs:utils/filter_scp.pl --exclude exp/nnet/egs/valid_uttlist data/train/split109/88/feats.scp | apply-cmvn  --utt2spk=ark:data/train/split109/88/utt2spk scp:data/train/split109/88/cmvn.scp scp:- ark:- | splice-feats --left-context=3 --right-context=3 ark:- ark:- | transform-feats exp/nnet/egs/final.mat ark:- ark:- | transform-feats --utt2spk=ark:data/train/split109/88/utt2spk ark:exp/tri3_ali/trans.88 ark:- ark:- |' 'ark,s,cs:gunzip -c exp/tri3_ali/ali.88.gz | ali-to-pdf exp/tri3_ali/final.mdl ark:- ark:- | ali-to-post ark:- ark:- |' ark:- 
nnet-copy-egs ark:- ark:exp/nnet/egs/egs_orig.1.88.ark ark:exp/nnet/egs/egs_orig.2.88.ark ark:exp/nnet/egs/egs_orig.3.88.ark ark:exp/nnet/egs/egs_orig.4.88.ark ark:exp/nnet/egs/egs_orig.5.88.ark ark:exp/nnet/egs/egs_orig.6.88.ark ark:exp/nnet/egs/egs_orig.7.88.ark 
splice-feats --left-context=3 --right-context=3 ark:- ark:- 
transform-feats exp/nnet/egs/final.mat ark:- ark:- 
apply-cmvn --utt2spk=ark:data/train/split109/88/utt2spk scp:data/train/split109/88/cmvn.scp scp:- ark:- 
transform-feats --utt2spk=ark:data/train/split109/88/utt2spk ark:exp/tri3_ali/trans.88 ark:- ark:- 
ali-to-pdf exp/tri3_ali/final.mdl ark:- ark:- 
ali-to-post ark:- ark:- 
WARNING (nnet-get-egs[5.2.88~1392-cc246]:main():nnet-get-egs.cc:156) No pdf-level posterior for key 199_003_1145
LOG (ali-to-pdf[5.2.88~1392-cc246]:main():ali-to-pdf.cc:68) Converted 405 alignments to pdf sequences.
LOG (apply-cmvn[5.2.88~1392-cc246]:main():apply-cmvn.cc:162) Applied cepstral mean normalization to 399 utterances, errors on 0
LOG (ali-to-post[5.2.88~1392-cc246]:main():ali-to-post.cc:73) Converted 405 alignments.
LOG (transform-feats[5.2.88~1392-cc246]:main():transform-feats.cc:158) Overall average [pseudo-]logdet is -87.5573 over 365451 frames.
LOG (transform-feats[5.2.88~1392-cc246]:main():transform-feats.cc:161) Applied transform to 399 utterances; 0 had errors.
LOG (transform-feats[5.2.88~1392-cc246]:main():transform-feats.cc:158) Overall average logdet is 3.60812 over 365451 frames.
LOG (transform-feats[5.2.88~1392-cc246]:main():transform-feats.cc:161) Applied transform to 399 utterances; 0 had errors.
LOG (nnet-get-egs[5.2.88~1392-cc246]:main():nnet-get-egs.cc:174) Finished generating examples, successfully processed 398 feature files, wrote 45736 examples,  with 364532 egs in total; 1 files had errors.
LOG (nnet-copy-egs[5.2.88~1392-cc246]:main():nnet-copy-egs.cc:170) Read 45736 neural-network training examples, wrote 45736
# Accounting: time=10 threads=1
# Ended (code 0) at Fri Sep 28 18:02:36 KST 2018, elapsed time 10 seconds
