# nnet-get-egs --left-context=9 --right-context=7 --num-frames=8 "ark,s,cs:utils/filter_scp.pl --exclude exp/nnet/egs/valid_uttlist data/train/split109/12/feats.scp | apply-cmvn  --utt2spk=ark:data/train/split109/12/utt2spk scp:data/train/split109/12/cmvn.scp scp:- ark:- | splice-feats --left-context=3 --right-context=3 ark:- ark:- | transform-feats exp/nnet/egs/final.mat ark:- ark:- | transform-feats --utt2spk=ark:data/train/split109/12/utt2spk ark:exp/tri3_ali/trans.12 ark:- ark:- |" "ark,s,cs:gunzip -c exp/tri3_ali/ali.12.gz | ali-to-pdf exp/tri3_ali/final.mdl ark:- ark:- | ali-to-post ark:- ark:- |" ark:- | nnet-copy-egs ark:- ark:exp/nnet/egs/egs_orig.1.12.ark ark:exp/nnet/egs/egs_orig.2.12.ark ark:exp/nnet/egs/egs_orig.3.12.ark ark:exp/nnet/egs/egs_orig.4.12.ark ark:exp/nnet/egs/egs_orig.5.12.ark ark:exp/nnet/egs/egs_orig.6.12.ark ark:exp/nnet/egs/egs_orig.7.12.ark 
# Started at Fri Sep 28 18:01:20 KST 2018
#
nnet-copy-egs ark:- ark:exp/nnet/egs/egs_orig.1.12.ark ark:exp/nnet/egs/egs_orig.2.12.ark ark:exp/nnet/egs/egs_orig.3.12.ark ark:exp/nnet/egs/egs_orig.4.12.ark ark:exp/nnet/egs/egs_orig.5.12.ark ark:exp/nnet/egs/egs_orig.6.12.ark ark:exp/nnet/egs/egs_orig.7.12.ark 
nnet-get-egs --left-context=9 --right-context=7 --num-frames=8 'ark,s,cs:utils/filter_scp.pl --exclude exp/nnet/egs/valid_uttlist data/train/split109/12/feats.scp | apply-cmvn  --utt2spk=ark:data/train/split109/12/utt2spk scp:data/train/split109/12/cmvn.scp scp:- ark:- | splice-feats --left-context=3 --right-context=3 ark:- ark:- | transform-feats exp/nnet/egs/final.mat ark:- ark:- | transform-feats --utt2spk=ark:data/train/split109/12/utt2spk ark:exp/tri3_ali/trans.12 ark:- ark:- |' 'ark,s,cs:gunzip -c exp/tri3_ali/ali.12.gz | ali-to-pdf exp/tri3_ali/final.mdl ark:- ark:- | ali-to-post ark:- ark:- |' ark:- 
splice-feats --left-context=3 --right-context=3 ark:- ark:- 
transform-feats --utt2spk=ark:data/train/split109/12/utt2spk ark:exp/tri3_ali/trans.12 ark:- ark:- 
transform-feats exp/nnet/egs/final.mat ark:- ark:- 
apply-cmvn --utt2spk=ark:data/train/split109/12/utt2spk scp:data/train/split109/12/cmvn.scp scp:- ark:- 
ali-to-pdf exp/tri3_ali/final.mdl ark:- ark:- 
ali-to-post ark:- ark:- 
LOG (ali-to-pdf[5.2.88~1392-cc246]:main():ali-to-pdf.cc:68) Converted 104 alignments to pdf sequences.
WARNING (nnet-get-egs[5.2.88~1392-cc246]:main():nnet-get-egs.cc:156) No pdf-level posterior for key 116_003_2543
LOG (ali-to-post[5.2.88~1392-cc246]:main():ali-to-post.cc:73) Converted 104 alignments.
LOG (apply-cmvn[5.2.88~1392-cc246]:main():apply-cmvn.cc:162) Applied cepstral mean normalization to 104 utterances, errors on 0
LOG (transform-feats[5.2.88~1392-cc246]:main():transform-feats.cc:158) Overall average [pseudo-]logdet is -87.5573 over 88906 frames.
LOG (transform-feats[5.2.88~1392-cc246]:main():transform-feats.cc:161) Applied transform to 104 utterances; 0 had errors.
LOG (transform-feats[5.2.88~1392-cc246]:main():transform-feats.cc:158) Overall average logdet is 4.73479 over 88906 frames.
LOG (transform-feats[5.2.88~1392-cc246]:main():transform-feats.cc:161) Applied transform to 104 utterances; 0 had errors.
LOG (nnet-get-egs[5.2.88~1392-cc246]:main():nnet-get-egs.cc:174) Finished generating examples, successfully processed 103 feature files, wrote 11066 examples,  with 88193 egs in total; 1 files had errors.
LOG (nnet-copy-egs[5.2.88~1392-cc246]:main():nnet-copy-egs.cc:170) Read 11066 neural-network training examples, wrote 11066
# Accounting: time=3 threads=1
# Ended (code 0) at Fri Sep 28 18:01:23 KST 2018, elapsed time 3 seconds
