# nnet-get-egs --left-context=9 --right-context=7 --num-frames=8 "ark,s,cs:utils/filter_scp.pl --exclude exp/nnet/egs/valid_uttlist data/train/split109/89/feats.scp | apply-cmvn  --utt2spk=ark:data/train/split109/89/utt2spk scp:data/train/split109/89/cmvn.scp scp:- ark:- | splice-feats --left-context=3 --right-context=3 ark:- ark:- | transform-feats exp/nnet/egs/final.mat ark:- ark:- | transform-feats --utt2spk=ark:data/train/split109/89/utt2spk ark:exp/tri3_ali/trans.89 ark:- ark:- |" "ark,s,cs:gunzip -c exp/tri3_ali/ali.89.gz | ali-to-pdf exp/tri3_ali/final.mdl ark:- ark:- | ali-to-post ark:- ark:- |" ark:- | nnet-copy-egs ark:- ark:exp/nnet/egs/egs_orig.1.89.ark ark:exp/nnet/egs/egs_orig.2.89.ark ark:exp/nnet/egs/egs_orig.3.89.ark ark:exp/nnet/egs/egs_orig.4.89.ark ark:exp/nnet/egs/egs_orig.5.89.ark ark:exp/nnet/egs/egs_orig.6.89.ark ark:exp/nnet/egs/egs_orig.7.89.ark 
# Started at Fri Sep 28 18:02:26 KST 2018
#
nnet-get-egs --left-context=9 --right-context=7 --num-frames=8 'ark,s,cs:utils/filter_scp.pl --exclude exp/nnet/egs/valid_uttlist data/train/split109/89/feats.scp | apply-cmvn  --utt2spk=ark:data/train/split109/89/utt2spk scp:data/train/split109/89/cmvn.scp scp:- ark:- | splice-feats --left-context=3 --right-context=3 ark:- ark:- | transform-feats exp/nnet/egs/final.mat ark:- ark:- | transform-feats --utt2spk=ark:data/train/split109/89/utt2spk ark:exp/tri3_ali/trans.89 ark:- ark:- |' 'ark,s,cs:gunzip -c exp/tri3_ali/ali.89.gz | ali-to-pdf exp/tri3_ali/final.mdl ark:- ark:- | ali-to-post ark:- ark:- |' ark:- 
transform-feats exp/nnet/egs/final.mat ark:- ark:- 
nnet-copy-egs ark:- ark:exp/nnet/egs/egs_orig.1.89.ark ark:exp/nnet/egs/egs_orig.2.89.ark ark:exp/nnet/egs/egs_orig.3.89.ark ark:exp/nnet/egs/egs_orig.4.89.ark ark:exp/nnet/egs/egs_orig.5.89.ark ark:exp/nnet/egs/egs_orig.6.89.ark ark:exp/nnet/egs/egs_orig.7.89.ark 
splice-feats --left-context=3 --right-context=3 ark:- ark:- 
transform-feats --utt2spk=ark:data/train/split109/89/utt2spk ark:exp/tri3_ali/trans.89 ark:- ark:- 
apply-cmvn --utt2spk=ark:data/train/split109/89/utt2spk scp:data/train/split109/89/cmvn.scp scp:- ark:- 
ali-to-post ark:- ark:- 
ali-to-pdf exp/tri3_ali/final.mdl ark:- ark:- 
WARNING (nnet-get-egs[5.2.88~1392-cc246]:main():nnet-get-egs.cc:156) No pdf-level posterior for key 200_003_1692
LOG (ali-to-pdf[5.2.88~1392-cc246]:main():ali-to-pdf.cc:68) Converted 501 alignments to pdf sequences.
LOG (apply-cmvn[5.2.88~1392-cc246]:main():apply-cmvn.cc:162) Applied cepstral mean normalization to 492 utterances, errors on 0
LOG (ali-to-post[5.2.88~1392-cc246]:main():ali-to-post.cc:73) Converted 501 alignments.
LOG (transform-feats[5.2.88~1392-cc246]:main():transform-feats.cc:158) Overall average [pseudo-]logdet is -87.5573 over 350646 frames.
LOG (transform-feats[5.2.88~1392-cc246]:main():transform-feats.cc:161) Applied transform to 492 utterances; 0 had errors.
LOG (transform-feats[5.2.88~1392-cc246]:main():transform-feats.cc:158) Overall average logdet is 3.7029 over 350646 frames.
LOG (transform-feats[5.2.88~1392-cc246]:main():transform-feats.cc:161) Applied transform to 492 utterances; 0 had errors.
LOG (nnet-get-egs[5.2.88~1392-cc246]:main():nnet-get-egs.cc:174) Finished generating examples, successfully processed 491 feature files, wrote 43960 examples,  with 349959 egs in total; 1 files had errors.
LOG (nnet-copy-egs[5.2.88~1392-cc246]:main():nnet-copy-egs.cc:170) Read 43960 neural-network training examples, wrote 43960
# Accounting: time=10 threads=1
# Ended (code 0) at Fri Sep 28 18:02:36 KST 2018, elapsed time 10 seconds
