# nnet-combine-fast --initial-model=100000 --num-lbfgs-iters=40 --use-gpu=no --num-threads=8 --verbose=3 --minibatch-size=512 "nnet-am-average  exp/nnet/785.mdl exp/nnet/786.mdl - |" "nnet-am-average  exp/nnet/787.mdl exp/nnet/788.mdl exp/nnet/789.mdl - |" "nnet-am-average  exp/nnet/790.mdl exp/nnet/791.mdl exp/nnet/792.mdl - |" "nnet-am-average  exp/nnet/793.mdl exp/nnet/794.mdl exp/nnet/795.mdl - |" "nnet-am-average  exp/nnet/796.mdl exp/nnet/797.mdl exp/nnet/798.mdl - |" "nnet-am-average  exp/nnet/799.mdl exp/nnet/800.mdl - |" "nnet-am-average  exp/nnet/801.mdl exp/nnet/802.mdl exp/nnet/803.mdl - |" "nnet-am-average  exp/nnet/804.mdl exp/nnet/805.mdl exp/nnet/806.mdl - |" "nnet-am-average  exp/nnet/807.mdl exp/nnet/808.mdl exp/nnet/809.mdl - |" "nnet-am-average  exp/nnet/810.mdl exp/nnet/811.mdl exp/nnet/812.mdl - |" "nnet-am-average  exp/nnet/813.mdl exp/nnet/814.mdl - |" "nnet-am-average  exp/nnet/815.mdl exp/nnet/816.mdl exp/nnet/817.mdl - |" "nnet-am-average  exp/nnet/818.mdl exp/nnet/819.mdl exp/nnet/820.mdl - |" "nnet-am-average  exp/nnet/821.mdl exp/nnet/822.mdl exp/nnet/823.mdl - |" "nnet-am-average  exp/nnet/824.mdl exp/nnet/825.mdl exp/nnet/826.mdl - |" "nnet-am-average  exp/nnet/827.mdl exp/nnet/828.mdl - |" "nnet-am-average  exp/nnet/829.mdl exp/nnet/830.mdl exp/nnet/831.mdl - |" "nnet-am-average  exp/nnet/832.mdl exp/nnet/833.mdl exp/nnet/834.mdl - |" "nnet-am-average  exp/nnet/835.mdl exp/nnet/836.mdl exp/nnet/837.mdl - |" "nnet-am-average  exp/nnet/838.mdl exp/nnet/839.mdl exp/nnet/840.mdl - |" ark:exp/nnet/egs/combine.egs exp/nnet/final.mdl 
# Started at Sat Sep 29 00:28:32 KST 2018
#
nnet-combine-fast --initial-model=100000 --num-lbfgs-iters=40 --use-gpu=no --num-threads=8 --verbose=3 --minibatch-size=512 'nnet-am-average  exp/nnet/785.mdl exp/nnet/786.mdl - |' 'nnet-am-average  exp/nnet/787.mdl exp/nnet/788.mdl exp/nnet/789.mdl - |' 'nnet-am-average  exp/nnet/790.mdl exp/nnet/791.mdl exp/nnet/792.mdl - |' 'nnet-am-average  exp/nnet/793.mdl exp/nnet/794.mdl exp/nnet/795.mdl - |' 'nnet-am-average  exp/nnet/796.mdl exp/nnet/797.mdl exp/nnet/798.mdl - |' 'nnet-am-average  exp/nnet/799.mdl exp/nnet/800.mdl - |' 'nnet-am-average  exp/nnet/801.mdl exp/nnet/802.mdl exp/nnet/803.mdl - |' 'nnet-am-average  exp/nnet/804.mdl exp/nnet/805.mdl exp/nnet/806.mdl - |' 'nnet-am-average  exp/nnet/807.mdl exp/nnet/808.mdl exp/nnet/809.mdl - |' 'nnet-am-average  exp/nnet/810.mdl exp/nnet/811.mdl exp/nnet/812.mdl - |' 'nnet-am-average  exp/nnet/813.mdl exp/nnet/814.mdl - |' 'nnet-am-average  exp/nnet/815.mdl exp/nnet/816.mdl exp/nnet/817.mdl - |' 'nnet-am-average  exp/nnet/818.mdl exp/nnet/819.mdl exp/nnet/820.mdl - |' 'nnet-am-average  exp/nnet/821.mdl exp/nnet/822.mdl exp/nnet/823.mdl - |' 'nnet-am-average  exp/nnet/824.mdl exp/nnet/825.mdl exp/nnet/826.mdl - |' 'nnet-am-average  exp/nnet/827.mdl exp/nnet/828.mdl - |' 'nnet-am-average  exp/nnet/829.mdl exp/nnet/830.mdl exp/nnet/831.mdl - |' 'nnet-am-average  exp/nnet/832.mdl exp/nnet/833.mdl exp/nnet/834.mdl - |' 'nnet-am-average  exp/nnet/835.mdl exp/nnet/836.mdl exp/nnet/837.mdl - |' 'nnet-am-average  exp/nnet/838.mdl exp/nnet/839.mdl exp/nnet/840.mdl - |' ark:exp/nnet/egs/combine.egs exp/nnet/final.mdl 
nnet-am-average exp/nnet/785.mdl exp/nnet/786.mdl - 
LOG (nnet-am-average[5.2.88~1392-cc246]:main():nnet-am-average.cc:252) Averaged parameters of 2 neural nets, and wrote to -
nnet-am-average exp/nnet/787.mdl exp/nnet/788.mdl exp/nnet/789.mdl - 
LOG (nnet-am-average[5.2.88~1392-cc246]:main():nnet-am-average.cc:252) Averaged parameters of 3 neural nets, and wrote to -
nnet-am-average exp/nnet/790.mdl exp/nnet/791.mdl exp/nnet/792.mdl - 
LOG (nnet-am-average[5.2.88~1392-cc246]:main():nnet-am-average.cc:252) Averaged parameters of 3 neural nets, and wrote to -
nnet-am-average exp/nnet/793.mdl exp/nnet/794.mdl exp/nnet/795.mdl - 
LOG (nnet-am-average[5.2.88~1392-cc246]:main():nnet-am-average.cc:252) Averaged parameters of 3 neural nets, and wrote to -
nnet-am-average exp/nnet/796.mdl exp/nnet/797.mdl exp/nnet/798.mdl - 
LOG (nnet-am-average[5.2.88~1392-cc246]:main():nnet-am-average.cc:252) Averaged parameters of 3 neural nets, and wrote to -
nnet-am-average exp/nnet/799.mdl exp/nnet/800.mdl - 
LOG (nnet-am-average[5.2.88~1392-cc246]:main():nnet-am-average.cc:252) Averaged parameters of 2 neural nets, and wrote to -
nnet-am-average exp/nnet/801.mdl exp/nnet/802.mdl exp/nnet/803.mdl - 
LOG (nnet-am-average[5.2.88~1392-cc246]:main():nnet-am-average.cc:252) Averaged parameters of 3 neural nets, and wrote to -
nnet-am-average exp/nnet/804.mdl exp/nnet/805.mdl exp/nnet/806.mdl - 
LOG (nnet-am-average[5.2.88~1392-cc246]:main():nnet-am-average.cc:252) Averaged parameters of 3 neural nets, and wrote to -
nnet-am-average exp/nnet/807.mdl exp/nnet/808.mdl exp/nnet/809.mdl - 
LOG (nnet-am-average[5.2.88~1392-cc246]:main():nnet-am-average.cc:252) Averaged parameters of 3 neural nets, and wrote to -
nnet-am-average exp/nnet/810.mdl exp/nnet/811.mdl exp/nnet/812.mdl - 
LOG (nnet-am-average[5.2.88~1392-cc246]:main():nnet-am-average.cc:252) Averaged parameters of 3 neural nets, and wrote to -
nnet-am-average exp/nnet/813.mdl exp/nnet/814.mdl - 
LOG (nnet-am-average[5.2.88~1392-cc246]:main():nnet-am-average.cc:252) Averaged parameters of 2 neural nets, and wrote to -
nnet-am-average exp/nnet/815.mdl exp/nnet/816.mdl exp/nnet/817.mdl - 
LOG (nnet-am-average[5.2.88~1392-cc246]:main():nnet-am-average.cc:252) Averaged parameters of 3 neural nets, and wrote to -
nnet-am-average exp/nnet/818.mdl exp/nnet/819.mdl exp/nnet/820.mdl - 
LOG (nnet-am-average[5.2.88~1392-cc246]:main():nnet-am-average.cc:252) Averaged parameters of 3 neural nets, and wrote to -
nnet-am-average exp/nnet/821.mdl exp/nnet/822.mdl exp/nnet/823.mdl - 
LOG (nnet-am-average[5.2.88~1392-cc246]:main():nnet-am-average.cc:252) Averaged parameters of 3 neural nets, and wrote to -
nnet-am-average exp/nnet/824.mdl exp/nnet/825.mdl exp/nnet/826.mdl - 
LOG (nnet-am-average[5.2.88~1392-cc246]:main():nnet-am-average.cc:252) Averaged parameters of 3 neural nets, and wrote to -
nnet-am-average exp/nnet/827.mdl exp/nnet/828.mdl - 
LOG (nnet-am-average[5.2.88~1392-cc246]:main():nnet-am-average.cc:252) Averaged parameters of 2 neural nets, and wrote to -
nnet-am-average exp/nnet/829.mdl exp/nnet/830.mdl exp/nnet/831.mdl - 
LOG (nnet-am-average[5.2.88~1392-cc246]:main():nnet-am-average.cc:252) Averaged parameters of 3 neural nets, and wrote to -
nnet-am-average exp/nnet/832.mdl exp/nnet/833.mdl exp/nnet/834.mdl - 
LOG (nnet-am-average[5.2.88~1392-cc246]:main():nnet-am-average.cc:252) Averaged parameters of 3 neural nets, and wrote to -
nnet-am-average exp/nnet/835.mdl exp/nnet/836.mdl exp/nnet/837.mdl - 
LOG (nnet-am-average[5.2.88~1392-cc246]:main():nnet-am-average.cc:252) Averaged parameters of 3 neural nets, and wrote to -
nnet-am-average exp/nnet/838.mdl exp/nnet/839.mdl exp/nnet/840.mdl - 
LOG (nnet-am-average[5.2.88~1392-cc246]:main():nnet-am-average.cc:252) Averaged parameters of 3 neural nets, and wrote to -
LOG (nnet-combine-fast[5.2.88~1392-cc246]:main():nnet-combine-fast.cc:108) Read 10000 examples from the validation set.
LOG (nnet-combine-fast[5.2.88~1392-cc246]:GetInitialParams():combine-nnet-fast.cc:291) Initializing with all neural nets averaged.
VLOG[3] (nnet-combine-fast[5.2.88~1392-cc246]:Propagate():nnet-update.cc:114) Stddev of data for component 0 for this minibatch is 1.57989
VLOG[3] (nnet-combine-fast[5.2.88~1392-cc246]:Propagate():nnet-update.cc:114) Stddev of data for component 1 for this minibatch is 1.56909
VLOG[3] (nnet-combine-fast[5.2.88~1392-cc246]:Propagate():nnet-update.cc:114) Stddev of data for component 0 for this minibatch is 1.66646
VLOG[3] (nnet-combine-fast[5.2.88~1392-cc246]:Propagate():nnet-update.cc:114) Stddev of data for component 1 for this minibatch is 1.66525
VLOG[3] (nnet-combine-fast[5.2.88~1392-cc246]:Propagate():nnet-update.cc:114) Stddev of data for component 0 for this minibatch is 1.73082
VLOG[3] (nnet-combine-fast[5.2.88~1392-cc246]:Propagate():nnet-update.cc:114) Stddev of data for component 0 for this minibatch is 1.74602
VLOG[3] (nnet-combine-fast[5.2.88~1392-cc246]:Propagate():nnet-update.cc:114) Stddev of data for component 1 for this minibatch is 1.74776
VLOG[3] (nnet-combine-fast[5.2.88~1392-cc246]:Propagate():nnet-update.cc:114) Stddev of data for component 1 for this minibatch is 1.71479
VLOG[3] (nnet-combine-fast[5.2.88~1392-cc246]:Propagate():nnet-update.cc:114) Stddev of data for component 0 for this minibatch is 1.64245
VLOG[3] (nnet-combine-fast[5.2.88~1392-cc246]:Propagate():nnet-update.cc:114) Stddev of data for component 0 for this minibatch is 1.44858
VLOG[3] (nnet-combine-fast[5.2.88~1392-cc246]:Propagate():nnet-update.cc:114) Stddev of data for component 0 for this minibatch is 1.59428
VLOG[3] (nnet-combine-fast[5.2.88~1392-cc246]:Propagate():nnet-update.cc:114) Stddev of data for component 0 for this minibatch is 1.67377
VLOG[3] (nnet-combine-fast[5.2.88~1392-cc246]:Propagate():nnet-update.cc:114) Stddev of data for component 1 for this minibatch is 1.45363
VLOG[3] (nnet-combine-fast[5.2.88~1392-cc246]:Propagate():nnet-update.cc:114) Stddev of data for component 1 for this minibatch is 1.65564
VLOG[3] (nnet-combine-fast[5.2.88~1392-cc246]:Propagate():nnet-update.cc:114) Stddev of data for component 1 for this minibatch is 1.59354
VLOG[3] (nnet-combine-fast[5.2.88~1392-cc246]:Propagate():nnet-update.cc:114) Stddev of data for component 1 for this minibatch is 1.67229
VLOG[3] (nnet-combine-fast[5.2.88~1392-cc246]:Propagate():nnet-update.cc:114) Stddev of data for component 2 for this minibatch is 0.0870017
VLOG[3] (nnet-combine-fast[5.2.88~1392-cc246]:Propagate():nnet-update.cc:114) Stddev of data for component 2 for this minibatch is 0.0848045
VLOG[3] (nnet-combine-fast[5.2.88~1392-cc246]:Propagate():nnet-update.cc:114) Stddev of data for component 3 for this minibatch is 5.70071
VLOG[3] (nnet-combine-fast[5.2.88~1392-cc246]:Propagate():nnet-update.cc:114) Stddev of data for component 4 for this minibatch is 57.0071
VLOG[3] (nnet-combine-fast[5.2.88~1392-cc246]:Propagate():nnet-update.cc:114) Stddev of data for component 3 for this minibatch is 5.52081
VLOG[3] (nnet-combine-fast[5.2.88~1392-cc246]:Propagate():nnet-update.cc:114) Stddev of data for component 4 for this minibatch is 55.2081
VLOG[3] (nnet-combine-fast[5.2.88~1392-cc246]:Propagate():nnet-update.cc:114) Stddev of data for component 2 for this minibatch is 0.0999989
VLOG[3] (nnet-combine-fast[5.2.88~1392-cc246]:Propagate():nnet-update.cc:114) Stddev of data for component 2 for this minibatch is 0.0983087
VLOG[3] (nnet-combine-fast[5.2.88~1392-cc246]:Propagate():nnet-update.cc:114) Stddev of data for component 3 for this minibatch is 5.58737
VLOG[3] (nnet-combine-fast[5.2.88~1392-cc246]:Propagate():nnet-update.cc:114) Stddev of data for component 3 for this minibatch is 5.61401
VLOG[3] (nnet-combine-fast[5.2.88~1392-cc246]:Propagate():nnet-update.cc:114) Stddev of data for component 4 for this minibatch is 55.8737
VLOG[3] (nnet-combine-fast[5.2.88~1392-cc246]:Propagate():nnet-update.cc:114) Stddev of data for component 4 for this minibatch is 56.1401
VLOG[3] (nnet-combine-fast[5.2.88~1392-cc246]:Propagate():nnet-update.cc:114) Stddev of data for component 5 for this minibatch is 1
VLOG[3] (nnet-combine-fast[5.2.88~1392-cc246]:Propagate():nnet-update.cc:114) Stddev of data for component 5 for this minibatch is 1
VLOG[3] (nnet-combine-fast[5.2.88~1392-cc246]:Propagate():nnet-update.cc:114) Stddev of data for component 6 for this minibatch is 20.7572
VLOG[3] (nnet-combine-fast[5.2.88~1392-cc246]:Propagate():nnet-update.cc:114) Stddev of data for component 7 for this minibatch is 207.572
VLOG[3] (nnet-combine-fast[5.2.88~1392-cc246]:Propagate():nnet-update.cc:114) Stddev of data for component 8 for this minibatch is 1
VLOG[3] (nnet-combine-fast[5.2.88~1392-cc246]:Propagate():nnet-update.cc:114) Stddev of data for component 6 for this minibatch is 20.7574
VLOG[3] (nnet-combine-fast[5.2.88~1392-cc246]:Propagate():nnet-update.cc:114) Stddev of data for component 7 for this minibatch is 207.574
VLOG[3] (nnet-combine-fast[5.2.88~1392-cc246]:Propagate():nnet-update.cc:114) Stddev of data for component 8 for this minibatch is 1
VLOG[3] (nnet-combine-fast[5.2.88~1392-cc246]:Propagate():nnet-update.cc:114) Stddev of data for component 5 for this minibatch is 1
VLOG[3] (nnet-combine-fast[5.2.88~1392-cc246]:Propagate():nnet-update.cc:114) Stddev of data for component 5 for this minibatch is 1
VLOG[3] (nnet-combine-fast[5.2.88~1392-cc246]:Propagate():nnet-update.cc:114) Stddev of data for component 2 for this minibatch is 0.0791509
VLOG[3] (nnet-combine-fast[5.2.88~1392-cc246]:Propagate():nnet-update.cc:114) Stddev of data for component 2 for this minibatch is 0.0875189
VLOG[3] (nnet-combine-fast[5.2.88~1392-cc246]:Propagate():nnet-update.cc:114) Stddev of data for component 2 for this minibatch is 0.0857922
VLOG[3] (nnet-combine-fast[5.2.88~1392-cc246]:Propagate():nnet-update.cc:114) Stddev of data for component 2 for this minibatch is 0.0987485
VLOG[3] (nnet-combine-fast[5.2.88~1392-cc246]:Propagate():nnet-update.cc:114) Stddev of data for component 6 for this minibatch is 20.3954
VLOG[3] (nnet-combine-fast[5.2.88~1392-cc246]:Propagate():nnet-update.cc:114) Stddev of data for component 6 for this minibatch is 20.2527
VLOG[3] (nnet-combine-fast[5.2.88~1392-cc246]:Propagate():nnet-update.cc:114) Stddev of data for component 7 for this minibatch is 202.527
VLOG[3] (nnet-combine-fast[5.2.88~1392-cc246]:Propagate():nnet-update.cc:114) Stddev of data for component 7 for this minibatch is 203.954
VLOG[3] (nnet-combine-fast[5.2.88~1392-cc246]:Propagate():nnet-update.cc:114) Stddev of data for component 8 for this minibatch is 1
VLOG[3] (nnet-combine-fast[5.2.88~1392-cc246]:Propagate():nnet-update.cc:114) Stddev of data for component 8 for this minibatch is 1
VLOG[3] (nnet-combine-fast[5.2.88~1392-cc246]:Propagate():nnet-update.cc:114) Stddev of data for component 3 for this minibatch is 5.10507
VLOG[3] (nnet-combine-fast[5.2.88~1392-cc246]:Propagate():nnet-update.cc:114) Stddev of data for component 3 for this minibatch is 5.27074
VLOG[3] (nnet-combine-fast[5.2.88~1392-cc246]:Propagate():nnet-update.cc:114) Stddev of data for component 4 for this minibatch is 51.0507
VLOG[3] (nnet-combine-fast[5.2.88~1392-cc246]:Propagate():nnet-update.cc:114) Stddev of data for component 4 for this minibatch is 52.7074
VLOG[3] (nnet-combine-fast[5.2.88~1392-cc246]:Propagate():nnet-update.cc:114) Stddev of data for component 3 for this minibatch is 5.38271
VLOG[3] (nnet-combine-fast[5.2.88~1392-cc246]:Propagate():nnet-update.cc:114) Stddev of data for component 3 for this minibatch is 5.41742
VLOG[3] (nnet-combine-fast[5.2.88~1392-cc246]:Propagate():nnet-update.cc:114) Stddev of data for component 4 for this minibatch is 53.8271
VLOG[3] (nnet-combine-fast[5.2.88~1392-cc246]:Propagate():nnet-update.cc:114) Stddev of data for component 4 for this minibatch is 54.1742
VLOG[3] (nnet-combine-fast[5.2.88~1392-cc246]:Propagate():nnet-update.cc:114) Stddev of data for component 9 for this minibatch is 1
VLOG[3] (nnet-combine-fast[5.2.88~1392-cc246]:Propagate():nnet-update.cc:114) Stddev of data for component 10 for this minibatch is 27.2343
VLOG[3] (nnet-combine-fast[5.2.88~1392-cc246]:Propagate():nnet-update.cc:114) Stddev of data for component 11 for this minibatch is 272.343
VLOG[3] (nnet-combine-fast[5.2.88~1392-cc246]:Propagate():nnet-update.cc:114) Stddev of data for component 9 for this minibatch is 1
VLOG[3] (nnet-combine-fast[5.2.88~1392-cc246]:Propagate():nnet-update.cc:114) Stddev of data for component 10 for this minibatch is 27.4689
VLOG[3] (nnet-combine-fast[5.2.88~1392-cc246]:Propagate():nnet-update.cc:114) Stddev of data for component 11 for this minibatch is 274.689
VLOG[3] (nnet-combine-fast[5.2.88~1392-cc246]:Propagate():nnet-update.cc:114) Stddev of data for component 12 for this minibatch is 1
VLOG[3] (nnet-combine-fast[5.2.88~1392-cc246]:Propagate():nnet-update.cc:114) Stddev of data for component 13 for this minibatch is 31.4151
VLOG[3] (nnet-combine-fast[5.2.88~1392-cc246]:Propagate():nnet-update.cc:114) Stddev of data for component 9 for this minibatch is 1
VLOG[3] (nnet-combine-fast[5.2.88~1392-cc246]:Propagate():nnet-update.cc:114) Stddev of data for component 9 for this minibatch is 1
VLOG[3] (nnet-combine-fast[5.2.88~1392-cc246]:Propagate():nnet-update.cc:114) Stddev of data for component 12 for this minibatch is 1
VLOG[3] (nnet-combine-fast[5.2.88~1392-cc246]:Propagate():nnet-update.cc:114) Stddev of data for component 14 for this minibatch is 25.0632
VLOG[3] (nnet-combine-fast[5.2.88~1392-cc246]:Propagate():nnet-update.cc:114) Stddev of data for component 10 for this minibatch is 26.6845
VLOG[3] (nnet-combine-fast[5.2.88~1392-cc246]:Propagate():nnet-update.cc:114) Stddev of data for component 10 for this minibatch is 25.6515
VLOG[3] (nnet-combine-fast[5.2.88~1392-cc246]:Propagate():nnet-update.cc:114) Stddev of data for component 13 for this minibatch is 32.3699
VLOG[3] (nnet-combine-fast[5.2.88~1392-cc246]:Propagate():nnet-update.cc:114) Stddev of data for component 11 for this minibatch is 266.845
VLOG[3] (nnet-combine-fast[5.2.88~1392-cc246]:Propagate():nnet-update.cc:114) Stddev of data for component 11 for this minibatch is 256.515
VLOG[3] (nnet-combine-fast[5.2.88~1392-cc246]:Propagate():nnet-update.cc:114) Stddev of data for component 14 for this minibatch is 25.6885
VLOG[3] (nnet-combine-fast[5.2.88~1392-cc246]:Propagate():nnet-update.cc:114) Stddev of data for component 12 for this minibatch is 1
VLOG[3] (nnet-combine-fast[5.2.88~1392-cc246]:Propagate():nnet-update.cc:114) Stddev of data for component 12 for this minibatch is 1
VLOG[3] (nnet-combine-fast[5.2.88~1392-cc246]:Propagate():nnet-update.cc:114) Stddev of data for component 13 for this minibatch is 32.0718
VLOG[3] (nnet-combine-fast[5.2.88~1392-cc246]:Propagate():nnet-update.cc:114) Stddev of data for component 13 for this minibatch is 32.437
VLOG[3] (nnet-combine-fast[5.2.88~1392-cc246]:Propagate():nnet-update.cc:114) Stddev of data for component 14 for this minibatch is 25.568
VLOG[3] (nnet-combine-fast[5.2.88~1392-cc246]:Propagate():nnet-update.cc:114) Stddev of data for component 14 for this minibatch is 25.6608
VLOG[3] (nnet-combine-fast[5.2.88~1392-cc246]:Propagate():nnet-update.cc:114) Stddev of data for component 5 for this minibatch is 1
VLOG[3] (nnet-combine-fast[5.2.88~1392-cc246]:Propagate():nnet-update.cc:114) Stddev of data for component 5 for this minibatch is 1
VLOG[3] (nnet-combine-fast[5.2.88~1392-cc246]:Propagate():nnet-update.cc:114) Stddev of data for component 5 for this minibatch is 1
VLOG[3] (nnet-combine-fast[5.2.88~1392-cc246]:Propagate():nnet-update.cc:114) Stddev of data for component 5 for this minibatch is 1
VLOG[3] (nnet-combine-fast[5.2.88~1392-cc246]:Propagate():nnet-update.cc:114) Stddev of data for component 6 for this minibatch is 20.6456
VLOG[3] (nnet-combine-fast[5.2.88~1392-cc246]:Propagate():nnet-update.cc:114) Stddev of data for component 6 for this minibatch is 20.2754
VLOG[3] (nnet-combine-fast[5.2.88~1392-cc246]:Propagate():nnet-update.cc:114) Stddev of data for component 7 for this minibatch is 206.456
VLOG[3] (nnet-combine-fast[5.2.88~1392-cc246]:Propagate():nnet-update.cc:114) Stddev of data for component 7 for this minibatch is 202.754
VLOG[3] (nnet-combine-fast[5.2.88~1392-cc246]:Propagate():nnet-update.cc:114) Stddev of data for component 8 for this minibatch is 1
VLOG[3] (nnet-combine-fast[5.2.88~1392-cc246]:Propagate():nnet-update.cc:114) Stddev of data for component 8 for this minibatch is 1
VLOG[3] (nnet-combine-fast[5.2.88~1392-cc246]:Propagate():nnet-update.cc:114) Stddev of data for component 6 for this minibatch is 20.7154
VLOG[3] (nnet-combine-fast[5.2.88~1392-cc246]:Propagate():nnet-update.cc:114) Stddev of data for component 6 for this minibatch is 20.5963
VLOG[3] (nnet-combine-fast[5.2.88~1392-cc246]:Propagate():nnet-update.cc:114) Stddev of data for component 7 for this minibatch is 205.963
VLOG[3] (nnet-combine-fast[5.2.88~1392-cc246]:Propagate():nnet-update.cc:114) Stddev of data for component 8 for this minibatch is 1
VLOG[3] (nnet-combine-fast[5.2.88~1392-cc246]:Propagate():nnet-update.cc:114) Stddev of data for component 7 for this minibatch is 207.154
VLOG[3] (nnet-combine-fast[5.2.88~1392-cc246]:Propagate():nnet-update.cc:114) Stddev of data for component 8 for this minibatch is 1
VLOG[3] (nnet-combine-fast[5.2.88~1392-cc246]:Propagate():nnet-update.cc:114) Stddev of data for component 9 for this minibatch is 1
VLOG[3] (nnet-combine-fast[5.2.88~1392-cc246]:Propagate():nnet-update.cc:114) Stddev of data for component 9 for this minibatch is 1
VLOG[3] (nnet-combine-fast[5.2.88~1392-cc246]:Propagate():nnet-update.cc:114) Stddev of data for component 10 for this minibatch is 26.3079
VLOG[3] (nnet-combine-fast[5.2.88~1392-cc246]:Propagate():nnet-update.cc:114) Stddev of data for component 10 for this minibatch is 27.182
VLOG[2] (nnet-combine-fast[5.2.88~1392-cc246]:DoBackpropParallel():nnet-update-parallel.cc:264) Did backprop on 10000 examples, average log-prob per frame is -0.659261
VLOG[2] (nnet-combine-fast[5.2.88~1392-cc246]:ComputeObjfAndGradient():combine-nnet-fast.cc:347) Objf is -0.659261, raw gradient is  [ -0.00100192 0.000434962 -0.00165014 0.0920036 -0.000606075 0.000281291 6.82766e-05 0.0924582 -0.000439571 -0.000500557 -0.000975963 0.0918003 -0.000405582 -2.36534e-05 -0.000711533 0.0910445 0.000284486 0.000476579 -0.000971198 0.0915756 -7.25359e-05 0.000167838 -0.00194676 0.0904314 -0.00181761 0.000480158 -0.000587496 0.0903329 -0.000876131 8.35033e-05 -0.00133185 0.0902767 -0.00049865 -0.000100224 1.57703e-05 0.0901208 0.00134244 0.000435828 0.000282189 0.0914364 0.00167138 -0.000190431 -0.000730089 0.0906745 0.00150197 -0.00143249 0.000135683 0.0911904 0.00202662 -0.000184653 0.000829711 0.0917228 0.000672729 -0.000343587 0.00197468 0.0914524 0.000657945 -0.000444795 0.0014363 0.0922042 3.08082e-05 0.00143178 8.24451e-05 0.0917109 -0.000864298 -0.000371177 0.000763968 0.0922291 -0.000732987 0.000263329 0.00105479 0.0916647 -0.00076034 -9.94908e-05 0.00104581 0.0916993 -0.000112214 -0.000362226 0.00121608 0.0917884 ]
VLOG[2] (nnet-combine-fast[5.2.88~1392-cc246]:DoBackpropParallel():nnet-update-parallel.cc:264) Did backprop on 10000 examples, average log-prob per frame is -0.654116
VLOG[2] (nnet-combine-fast[5.2.88~1392-cc246]:ComputeObjfAndGradient():combine-nnet-fast.cc:347) Objf is -0.654116, raw gradient is  [ 0.00114497 0.00158463 -0.00056878 0.0464159 0.00156218 0.000741608 -6.20758e-05 0.0465969 0.00144019 0.00168552 -0.000658064 0.0459949 -7.99551e-05 0.000909028 -0.000619981 0.0452034 0.000123526 0.00228359 -0.000179333 0.0458623 -0.000253515 0.00200398 -0.000721604 0.0448741 -0.000973478 0.0017243 -0.00102942 0.0444708 -0.00059411 0.00205736 -0.000922275 0.0445916 -0.000395333 0.000517502 -0.000476229 0.0442497 2.4624e-05 0.00104091 -0.000502623 0.0454256 0.000410812 0.00014373 -0.000522499 0.0447485 0.000241999 -0.000418 -0.000166097 0.0453084 0.000503867 0.000209906 8.8097e-05 0.045809 -0.000281756 -0.000929109 0.000501847 0.0455408 0.000526385 0.00111549 0.000845678 0.0464528 0.000405956 0.000468935 0.000409324 0.0461521 0.000309212 0.000195034 0.000687161 0.0466499 0.00171592 0.000712032 0.00059766 0.0459374 0.00176593 0.000116471 0.000672805 0.0460953 0.00183211 0.0003908 0.000681033 0.0461658 ]
VLOG[3] (nnet-combine-fast[5.2.88~1392-cc246]:StepSizeIteration():optimization.cc:240) In step size iteration, function value changed -0.659261 to -0.654116
VLOG[3] (nnet-combine-fast[5.2.88~1392-cc246]:StepSizeIteration():optimization.cc:323) d = 2, iter = 0, action = accept
VLOG[3] (nnet-combine-fast[5.2.88~1392-cc246]:AcceptStep():optimization.cc:194) Accepted step; length was 0.16089, prod was -0.00883415
VLOG[2] (nnet-combine-fast[5.2.88~1392-cc246]:DoBackpropParallel():nnet-update-parallel.cc:264) Did backprop on 10000 examples, average log-prob per frame is -0.690318
VLOG[2] (nnet-combine-fast[5.2.88~1392-cc246]:ComputeObjfAndGradient():combine-nnet-fast.cc:347) Objf is -0.690318, raw gradient is  [ -2.17781e-06 0.000163376 0.249647 -0.023976 -4.92846e-05 -5.41072e-05 0.230227 -0.0254422 -3.98977e-05 -5.18432e-05 0.23078 -0.0256214 -0.000199944 -5.57124e-05 0.229837 -0.0266965 -7.53284e-05 0.000116563 0.242662 -0.025315 -3.85824e-05 0.000163822 0.248211 -0.0255424 -0.000447339 -4.03425e-05 0.218496 -0.027708 -0.000204092 6.01998e-05 0.23356 -0.0263322 -0.000180779 -6.53124e-05 0.224822 -0.0275254 -4.73843e-05 -2.22188e-05 0.219199 -0.026609 0.00017196 6.4792e-05 0.237095 -0.0262604 9.98608e-05 -0.000127333 0.228905 -0.0260943 0.000161782 -1.86481e-06 0.223559 -0.0255527 -4.13631e-05 -0.000178017 0.215276 -0.0264081 -2.69754e-05 -1.74274e-05 0.228925 -0.0248621 -9.98974e-06 0.000252398 0.248038 -0.0237242 -0.000175343 -3.80761e-05 0.238315 -0.0238732 -7.34631e-05 -9.44014e-06 0.231731 -0.0249457 -3.20591e-05 -7.5646e-05 0.232981 -0.0242688 1.35588e-05 -0.000128766 0.230071 -0.0246258 ]
VLOG[3] (nnet-combine-fast[5.2.88~1392-cc246]:StepSizeIteration():optimization.cc:240) In step size iteration, function value changed -0.654116 to -0.690318
VLOG[3] (nnet-combine-fast[5.2.88~1392-cc246]:StepSizeIteration():optimization.cc:323) d = 2, iter = 1, action = decrease
VLOG[2] (nnet-combine-fast[5.2.88~1392-cc246]:DoBackpropParallel():nnet-update-parallel.cc:264) Did backprop on 10000 examples, average log-prob per frame is -0.654642
VLOG[2] (nnet-combine-fast[5.2.88~1392-cc246]:ComputeObjfAndGradient():combine-nnet-fast.cc:347) Objf is -0.654642, raw gradient is  [ -6.95743e-05 0.000134354 0.00895606 0.0197993 -2.20087e-05 -3.53657e-05 0.00763002 0.0196803 -1.91786e-05 -5.1952e-05 0.00679046 0.0191564 -0.000255501 -4.98039e-05 0.00714292 0.0183549 -0.000119399 0.000159569 0.00893308 0.0191905 -0.000179145 0.00012981 0.00865112 0.0183288 -0.000656844 4.36155e-05 0.00524993 0.0175455 -0.000392977 8.88641e-05 0.00680099 0.0179321 -0.000308768 -8.32977e-05 0.00652934 0.017341 -5.39026e-06 2.91197e-05 0.00587632 0.0184235 0.000195058 -1.54327e-05 0.00776436 0.0179876 0.000112275 -0.000271264 0.00731978 0.0184249 0.000235984 -4.87473e-05 0.00712593 0.0189403 -7.79125e-05 -0.000229164 0.00686868 0.0185871 7.88422e-06 -3.70533e-05 0.00848156 0.019607 -4.07914e-05 0.000233675 0.0102324 0.0196837 -0.000246859 -0.000104778 0.0094009 0.0200178 -9.60965e-06 1.11624e-05 0.00859245 0.0192282 2.32925e-06 -0.000103164 0.00889003 0.0194967 8.82412e-05 -0.000144198 0.00853406 0.0194657 ]
VLOG[3] (nnet-combine-fast[5.2.88~1392-cc246]:StepSizeIteration():optimization.cc:240) In step size iteration, function value changed -0.654116 to -0.654642
VLOG[3] (nnet-combine-fast[5.2.88~1392-cc246]:StepSizeIteration():optimization.cc:323) d = 2, iter = 1, action = decrease
VLOG[2] (nnet-combine-fast[5.2.88~1392-cc246]:DoBackpropParallel():nnet-update-parallel.cc:264) Did backprop on 10000 examples, average log-prob per frame is -0.653429
VLOG[2] (nnet-combine-fast[5.2.88~1392-cc246]:ComputeObjfAndGradient():combine-nnet-fast.cc:347) Objf is -0.653429, raw gradient is  [ -2.13944e-05 0.000213524 0.0013975 0.0330877 0.000111983 -1.98704e-05 0.00138416 0.0331787 9.81004e-05 9.2926e-07 0.000610821 0.0325984 -0.000335071 -4.06401e-05 0.000858772 0.0318202 -0.000160404 0.000300922 0.0016939 0.0325525 -0.000292206 0.000228468 0.00117197 0.0315927 -0.000891512 0.000152033 -7.43018e-05 0.0310514 -0.000569044 0.000196962 0.000434856 0.0312713 -0.000441828 -0.000109534 0.000738656 0.0308159 -2.56953e-05 7.17918e-05 0.000497833 0.031948 0.000219462 -8.68633e-05 0.00108585 0.0313725 0.000110915 -0.00044541 0.00119428 0.0318637 0.000289164 -0.000109992 0.00133503 0.0323733 -0.000163515 -0.000385174 0.00160616 0.0320816 2.96236e-05 -3.12096e-05 0.0022637 0.0330206 -5.02254e-05 0.000265013 0.00259642 0.0328899 -0.000293018 -0.000173135 0.00247815 0.0333079 0.000144068 2.46048e-05 0.0021666 0.0325795 0.000155695 -0.00015879 0.00233005 0.0327719 0.000268948 -0.000189492 0.00220523 0.0327966 ]
VLOG[3] (nnet-combine-fast[5.2.88~1392-cc246]:StepSizeIteration():optimization.cc:240) In step size iteration, function value changed -0.654116 to -0.653429
VLOG[3] (nnet-combine-fast[5.2.88~1392-cc246]:StepSizeIteration():optimization.cc:323) d = 2, iter = 1, action = accept
VLOG[3] (nnet-combine-fast[5.2.88~1392-cc246]:AcceptStep():optimization.cc:194) Accepted step; length was 0.049899, prod was -0.00295414
VLOG[2] (nnet-combine-fast[5.2.88~1392-cc246]:DoBackpropParallel():nnet-update-parallel.cc:264) Did backprop on 10000 examples, average log-prob per frame is -0.652845
VLOG[2] (nnet-combine-fast[5.2.88~1392-cc246]:ComputeObjfAndGradient():combine-nnet-fast.cc:347) Objf is -0.652845, raw gradient is  [ -7.087e-05 0.000119514 -0.000475144 0.0212968 5.78077e-05 -7.02705e-06 -9.90164e-05 0.0215915 4.86029e-05 -2.89204e-05 -0.000547318 0.020947 -0.000258797 -4.31128e-05 -0.00038287 0.0202301 -0.000123102 0.000179089 -0.000204407 0.0208951 -0.000240563 0.000115602 -0.000571891 0.0198518 -0.000703931 0.000113709 -0.000647499 0.0195117 -0.000462109 0.000112835 -0.000692746 0.0195783 -0.000350222 -8.16717e-05 -0.000343717 0.0191729 8.38337e-06 5.55164e-05 -0.000370905 0.0202833 0.000170203 -8.74416e-05 -0.000411234 0.0195767 9.3092e-05 -0.000344076 -0.000198829 0.0200991 0.000242555 -9.08909e-05 -1.60998e-05 0.0205984 -0.000122171 -0.000256226 0.000302922 0.0203943 2.67376e-05 -4.2004e-05 0.000370706 0.0212679 -5.50364e-05 0.000181695 0.000188526 0.0210011 -0.000252459 -0.00013258 0.000305208 0.0214817 8.03688e-05 1.93884e-05 0.000266033 0.0208038 8.18583e-05 -0.000108184 0.000332197 0.0209378 0.00018105 -0.000131316 0.000307466 0.0210044 ]
VLOG[3] (nnet-combine-fast[5.2.88~1392-cc246]:StepSizeIteration():optimization.cc:240) In step size iteration, function value changed -0.653429 to -0.652845
VLOG[3] (nnet-combine-fast[5.2.88~1392-cc246]:StepSizeIteration():optimization.cc:323) d = 2, iter = 2, action = accept
VLOG[3] (nnet-combine-fast[5.2.88~1392-cc246]:AcceptStep():optimization.cc:194) Accepted step; length was 0.0462269, prod was -0.00158689
VLOG[2] (nnet-combine-fast[5.2.88~1392-cc246]:DoBackpropParallel():nnet-update-parallel.cc:264) Did backprop on 10000 examples, average log-prob per frame is -0.652581
VLOG[2] (nnet-combine-fast[5.2.88~1392-cc246]:ComputeObjfAndGradient():combine-nnet-fast.cc:347) Objf is -0.652581, raw gradient is  [ -2.79676e-05 0.000108858 -0.000379361 0.0106811 8.98458e-05 -7.10526e-06 -5.38121e-05 0.0109801 7.57467e-05 -2.28508e-05 -0.000463869 0.0103295 -0.000227959 -4.05083e-05 -0.000301841 0.00962826 -0.000112272 0.000162715 -0.000127868 0.010304 -0.000219398 0.000106133 -0.000461458 0.00926451 -0.00063793 0.00010351 -0.000563106 0.00891561 -0.000421769 0.000106565 -0.000597762 0.0089808 -0.000318344 -7.35397e-05 -0.000294308 0.00854638 -9.2247e-06 5.13203e-05 -0.000329288 0.00962488 0.000142876 -7.54122e-05 -0.000344119 0.00891176 7.05696e-05 -0.0003056 -0.000160894 0.00943593 0.000207278 -7.87014e-05 -2.10619e-06 0.00992976 -0.000119562 -0.000232865 0.000279699 0.0097451 2.7635e-05 -3.13648e-05 0.000351176 0.0106259 -3.57796e-05 0.000162073 0.000212581 0.0103766 -0.000212138 -0.000117421 0.000307547 0.0108577 0.00011553 2.0026e-05 0.000261814 0.0101719 0.000117078 -9.7167e-05 0.000329753 0.0103121 0.000198288 -0.000117435 0.000297591 0.0103793 ]
VLOG[3] (nnet-combine-fast[5.2.88~1392-cc246]:StepSizeIteration():optimization.cc:240) In step size iteration, function value changed -0.652845 to -0.652581
VLOG[3] (nnet-combine-fast[5.2.88~1392-cc246]:StepSizeIteration():optimization.cc:323) d = 2, iter = 3, action = accept
VLOG[3] (nnet-combine-fast[5.2.88~1392-cc246]:AcceptStep():optimization.cc:194) Accepted step; length was 0.0445759, prod was -0.00016661
VLOG[2] (nnet-combine-fast[5.2.88~1392-cc246]:DoBackpropParallel():nnet-update-parallel.cc:264) Did backprop on 10000 examples, average log-prob per frame is -0.652563
VLOG[2] (nnet-combine-fast[5.2.88~1392-cc246]:ComputeObjfAndGradient():combine-nnet-fast.cc:347) Objf is -0.652563, raw gradient is  [ 0.00172057 0.000100699 -0.000274623 0.00264762 0.00199992 4.62532e-06 7.91926e-06 0.00293405 0.00172912 -2.1907e-05 -0.000367345 0.00231763 0.000567308 -3.99763e-05 -0.000239224 0.00168104 0.000495669 0.000111176 -7.40428e-05 0.00237765 0.000284333 8.37814e-05 -0.000342988 0.00142128 6.35256e-05 9.2374e-05 -0.00049075 0.00107638 0.000113547 7.86036e-05 -0.00051841 0.00114966 0.000272033 -5.7699e-05 -0.000251959 0.000728485 0.000218224 1.9912e-05 -0.000327203 0.00170966 0.000553401 -7.38785e-05 -0.000276764 0.00101401 0.000393788 -0.000274718 -0.000133302 0.00150267 0.000575749 -8.36185e-05 -1.52472e-05 0.00190779 0.000296465 -0.000201716 0.000247795 0.00172197 0.00076685 -4.5826e-05 0.000317644 0.00255768 0.00105168 0.000147146 0.000263766 0.00235701 0.000977281 -0.000106247 0.000325359 0.00278566 0.00216366 3.41759e-05 0.000279403 0.00209166 0.00218853 -7.36462e-05 0.000341151 0.00222258 0.00205818 -0.000112777 0.000298094 0.00229732 ]
VLOG[3] (nnet-combine-fast[5.2.88~1392-cc246]:StepSizeIteration():optimization.cc:240) In step size iteration, function value changed -0.652581 to -0.652563
VLOG[3] (nnet-combine-fast[5.2.88~1392-cc246]:StepSizeIteration():optimization.cc:323) d = 2, iter = 4, action = accept
VLOG[3] (nnet-combine-fast[5.2.88~1392-cc246]:AcceptStep():optimization.cc:194) Accepted step; length was 0.0482396, prod was -0.00178378
VLOG[2] (nnet-combine-fast[5.2.88~1392-cc246]:DoBackpropParallel():nnet-update-parallel.cc:264) Did backprop on 10000 examples, average log-prob per frame is -0.652358
VLOG[2] (nnet-combine-fast[5.2.88~1392-cc246]:ComputeObjfAndGradient():combine-nnet-fast.cc:347) Objf is -0.652358, raw gradient is  [ 9.29485e-05 9.21419e-05 -0.000278019 -0.00270098 0.00020863 -6.3055e-06 -8.17897e-06 -0.00239226 0.000169819 -2.23677e-05 -0.000372195 -0.00302657 -0.000188476 -3.89942e-05 -0.000215626 -0.00367838 -0.000102834 0.000129983 -5.07246e-05 -0.00298262 -0.000207297 8.55673e-05 -0.000336624 -0.0039813 -0.000581581 8.5429e-05 -0.000463233 -0.00432547 -0.000394011 8.78393e-05 -0.000492604 -0.00426335 -0.000292091 -6.35513e-05 -0.000239866 -0.00472399 -4.39486e-05 4.02269e-05 -0.000287346 -0.0037163 0.000115352 -6.26465e-05 -0.000274027 -0.00442962 4.18018e-05 -0.000258396 -0.000122824 -0.00392612 0.000173806 -6.67017e-05 4.77757e-06 -0.00346947 -0.000121368 -0.00019793 0.000245259 -0.00364196 4.54166e-05 -2.61112e-05 0.000319974 -0.00277771 2.16545e-05 0.000140307 0.0002354 -0.00300542 -0.000134863 -9.91072e-05 0.000303291 -0.00254052 0.000249553 2.05912e-05 0.000250941 -0.00323319 0.000252296 -8.11764e-05 0.000318968 -0.00308929 0.000304186 -0.000102923 0.000280015 -0.00301855 ]
VLOG[3] (nnet-combine-fast[5.2.88~1392-cc246]:StepSizeIteration():optimization.cc:240) In step size iteration, function value changed -0.652563 to -0.652358
VLOG[3] (nnet-combine-fast[5.2.88~1392-cc246]:StepSizeIteration():optimization.cc:323) d = 2, iter = 5, action = accept
VLOG[3] (nnet-combine-fast[5.2.88~1392-cc246]:AcceptStep():optimization.cc:194) Accepted step; length was 0.0198204, prod was -0.00132289
VLOG[2] (nnet-combine-fast[5.2.88~1392-cc246]:DoBackpropParallel():nnet-update-parallel.cc:264) Did backprop on 10000 examples, average log-prob per frame is -0.652312
VLOG[2] (nnet-combine-fast[5.2.88~1392-cc246]:ComputeObjfAndGradient():combine-nnet-fast.cc:347) Objf is -0.652312, raw gradient is  [ 0.000141332 9.1678e-05 -0.000269622 -0.00211095 0.000262509 -5.83401e-06 -3.3591e-06 -0.00180531 0.00021238 -2.34539e-05 -0.000367939 -0.00242898 -0.000182045 -3.92887e-05 -0.000212404 -0.00307102 -0.000101559 0.000125983 -4.40699e-05 -0.00237225 -0.000210907 8.34827e-05 -0.000326167 -0.00335486 -0.000585868 8.37517e-05 -0.000461164 -0.00369647 -0.000399503 8.48822e-05 -0.00048882 -0.00363175 -0.000293812 -6.3287e-05 -0.000237242 -0.0040876 -5.21006e-05 3.7734e-05 -0.000288417 -0.00309026 0.000117672 -6.30182e-05 -0.000269418 -0.00379769 4.02941e-05 -0.000257492 -0.000119216 -0.00330342 0.000176755 -6.7654e-05 5.66047e-06 -0.002859 -0.000122961 -0.000196262 0.0002454 -0.00303885 5.71629e-05 -2.80779e-05 0.000324752 -0.00218372 4.55158e-05 0.000140561 0.000247444 -0.00240938 -0.000111339 -9.88605e-05 0.00031204 -0.00195249 0.000310464 2.09442e-05 0.000257726 -0.00264496 0.000314119 -8.00591e-05 0.000325725 -0.00250178 0.000359609 -0.000103635 0.000286245 -0.00243065 ]
VLOG[3] (nnet-combine-fast[5.2.88~1392-cc246]:StepSizeIteration():optimization.cc:240) In step size iteration, function value changed -0.652358 to -0.652312
VLOG[3] (nnet-combine-fast[5.2.88~1392-cc246]:StepSizeIteration():optimization.cc:323) d = 2, iter = 6, action = increase
VLOG[2] (nnet-combine-fast[5.2.88~1392-cc246]:DoBackpropParallel():nnet-update-parallel.cc:264) Did backprop on 10000 examples, average log-prob per frame is -0.652271
VLOG[2] (nnet-combine-fast[5.2.88~1392-cc246]:ComputeObjfAndGradient():combine-nnet-fast.cc:347) Objf is -0.652271, raw gradient is  [ 0.000203427 9.13982e-05 -0.000259797 -0.00151764 0.000330744 -5.31425e-06 2.52421e-06 -0.0012155 0.000266808 -2.45369e-05 -0.000362517 -0.00182822 -0.000170018 -3.95952e-05 -0.00020843 -0.00246067 -9.64298e-05 0.000122001 -3.64571e-05 -0.00175882 -0.000211142 8.15296e-05 -0.000314265 -0.0027253 -0.000584489 8.23816e-05 -0.000458332 -0.00306457 -0.000400717 8.19967e-05 -0.000484122 -0.00299715 -0.000291155 -6.29366e-05 -0.000233915 -0.0034482 -5.9005e-05 3.51749e-05 -0.000289131 -0.00246134 0.000122551 -6.34478e-05 -0.000263916 -0.00316275 4.08894e-05 -0.000256636 -0.000114965 -0.00267773 0.000182058 -6.87077e-05 6.96851e-06 -0.00224566 -0.00012139 -0.000194654 0.000245811 -0.0024328 7.42714e-05 -3.00945e-05 0.0003301 -0.00158668 7.76476e-05 0.0001408 0.000260677 -0.00180992 -7.85101e-05 -9.86845e-05 0.000321665 -0.00136126 0.000387142 2.14296e-05 0.000265456 -0.00205361 0.000391845 -7.89385e-05 0.000333226 -0.00191137 0.000429099 -0.000104461 0.000293234 -0.00183967 ]
VLOG[3] (nnet-combine-fast[5.2.88~1392-cc246]:StepSizeIteration():optimization.cc:240) In step size iteration, function value changed -0.652358 to -0.652271
VLOG[3] (nnet-combine-fast[5.2.88~1392-cc246]:StepSizeIteration():optimization.cc:323) d = 2, iter = 6, action = accept
VLOG[3] (nnet-combine-fast[5.2.88~1392-cc246]:AcceptStep():optimization.cc:194) Accepted step; length was 0.00509838, prod was -1.76254e-05
VLOG[2] (nnet-combine-fast[5.2.88~1392-cc246]:DoBackpropParallel():nnet-update-parallel.cc:264) Did backprop on 10000 examples, average log-prob per frame is -0.652522
VLOG[2] (nnet-combine-fast[5.2.88~1392-cc246]:ComputeObjfAndGradient():combine-nnet-fast.cc:347) Objf is -0.652522, raw gradient is  [ 0.00319692 0.000100214 -4.56703e-06 0.000494672 0.0033558 4.26903e-06 0.000165009 0.000743663 0.00285021 -2.55747e-05 -0.000164849 0.000254561 0.00138086 -4.04831e-05 -5.80203e-05 -0.000258607 0.00111982 8.06719e-05 0.000149307 0.000480544 0.000954213 7.07689e-05 -2.06156e-05 -0.000280384 0.00108673 7.97318e-05 -0.000300771 -0.000601601 0.000982476 6.06386e-05 -0.00029848 -0.000503141 0.00109113 -5.46947e-05 -0.000104831 -0.000904644 0.00072044 4.31232e-06 -0.000223493 -6.33934e-05 0.00110371 -7.24094e-05 -9.2992e-05 -0.000695366 0.000982622 -0.000249972 1.88115e-05 -0.000311982 0.00112358 -8.43304e-05 7.63663e-05 -4.52283e-05 0.00103016 -0.000184356 0.000278594 -0.00030767 0.00157285 -5.1095e-05 0.000429558 0.000435789 0.00210282 0.000141553 0.000499371 0.000263788 0.00216132 -9.75244e-05 0.000500232 0.000608766 0.00369189 3.2349e-05 0.000418556 -8.83426e-05 0.00372373 -6.61058e-05 0.000477182 4.17483e-05 0.0034143 -0.00011566 0.000428102 0.000122528 ]
VLOG[3] (nnet-combine-fast[5.2.88~1392-cc246]:StepSizeIteration():optimization.cc:240) In step size iteration, function value changed -0.652271 to -0.652522
VLOG[3] (nnet-combine-fast[5.2.88~1392-cc246]:StepSizeIteration():optimization.cc:323) d = 2, iter = 7, action = decrease
VLOG[2] (nnet-combine-fast[5.2.88~1392-cc246]:DoBackpropParallel():nnet-update-parallel.cc:264) Did backprop on 10000 examples, average log-prob per frame is -0.652125
VLOG[2] (nnet-combine-fast[5.2.88~1392-cc246]:ComputeObjfAndGradient():combine-nnet-fast.cc:347) Objf is -0.652125, raw gradient is  [ 0.000789395 9.24442e-05 -0.000169099 -0.000462134 0.000935276 -2.27356e-06 5.51359e-05 -0.000179772 0.000759426 -2.66592e-05 -0.000297487 -0.000728654 3.69808e-05 -4.03028e-05 -0.000156709 -0.00130001 3.71206e-05 0.00010261 3.28075e-05 -0.000578742 -9.99636e-05 7.41133e-05 -0.000204396 -0.00144572 -0.00039054 7.76079e-05 -0.000404553 -0.00177066 -0.000258121 7.02787e-05 -0.000419524 -0.0016899 -0.000137129 -6.03355e-05 -0.000191632 -0.00211812 -2.61782e-05 2.22086e-05 -0.00027143 -0.00120181 0.000223014 -6.61282e-05 -0.000206854 -0.00187012 0.000124241 -0.000250916 -7.06017e-05 -0.0014383 0.000279443 -7.42083e-05 2.58303e-05 -0.00108292 -2.80952e-06 -0.000188028 0.000248058 -0.001309 0.000292611 -3.85435e-05 0.000363652 -0.000515009 0.000422693 0.000140145 0.000348846 -0.00072181 0.000301291 -9.69896e-05 0.000384983 -0.000320534 0.00106323 2.44671e-05 0.000315981 -0.00101349 0.00107528 -7.32824e-05 0.000381524 -0.000875172 0.00103311 -0.000108457 0.000338506 -0.000799405 ]
VLOG[3] (nnet-combine-fast[5.2.88~1392-cc246]:StepSizeIteration():optimization.cc:240) In step size iteration, function value changed -0.652271 to -0.652125
VLOG[3] (nnet-combine-fast[5.2.88~1392-cc246]:StepSizeIteration():optimization.cc:323) d = 2, iter = 7, action = accept
VLOG[3] (nnet-combine-fast[5.2.88~1392-cc246]:AcceptStep():optimization.cc:194) Accepted step; length was 0.0166812, prod was -0.000235598
VLOG[2] (nnet-combine-fast[5.2.88~1392-cc246]:DoBackpropParallel():nnet-update-parallel.cc:264) Did backprop on 10000 examples, average log-prob per frame is -0.652003
VLOG[2] (nnet-combine-fast[5.2.88~1392-cc246]:ComputeObjfAndGradient():combine-nnet-fast.cc:347) Objf is -0.652003, raw gradient is  [ 0.000737172 9.27603e-05 -0.000119077 0.000165222 0.000854299 -3.42693e-06 7.97314e-05 0.000441173 0.000674733 -2.76384e-05 -0.000260752 -7.13039e-05 -5.34248e-06 -4.07543e-05 -0.000121673 -0.000611151 -6.76651e-06 9.95062e-05 7.71335e-05 0.000119359 -0.00013007 7.23898e-05 -0.000138634 -0.0006979 -0.000409099 7.50048e-05 -0.000361847 -0.00101085 -0.000273 6.789e-05 -0.000373567 -0.000925902 -0.000160247 -6.17647e-05 -0.000162071 -0.00134712 -4.21268e-05 2.09864e-05 -0.000246673 -0.000461858 0.000199186 -6.6679e-05 -0.000174529 -0.00111442 0.000112904 -0.000248435 -4.05064e-05 -0.00071146 0.000262109 -7.48241e-05 4.37339e-05 -0.000387641 -1.13575e-05 -0.00018756 0.000249169 -0.000637188 0.000263631 -3.86152e-05 0.000386684 0.000131437 0.000386062 0.000139905 0.000391054 -7.75054e-05 0.000265734 -9.61836e-05 0.000415944 0.000305935 0.000990657 2.24466e-05 0.000338145 -0.000385648 0.00100149 -7.39208e-05 0.000402878 -0.000246828 0.000960612 -0.00011019 0.000361244 -0.000169617 ]
VLOG[3] (nnet-combine-fast[5.2.88~1392-cc246]:StepSizeIteration():optimization.cc:240) In step size iteration, function value changed -0.652125 to -0.652003
VLOG[3] (nnet-combine-fast[5.2.88~1392-cc246]:StepSizeIteration():optimization.cc:323) d = 2, iter = 8, action = increase
VLOG[2] (nnet-combine-fast[5.2.88~1392-cc246]:DoBackpropParallel():nnet-update-parallel.cc:264) Did backprop on 10000 examples, average log-prob per frame is -0.651894
VLOG[2] (nnet-combine-fast[5.2.88~1392-cc246]:ComputeObjfAndGradient():combine-nnet-fast.cc:347) Objf is -0.651894, raw gradient is  [ 0.000689912 9.32615e-05 -5.49073e-05 0.00079687 0.0007799 -4.58164e-06 0.000114188 0.00106508 0.000596879 -2.85179e-05 -0.000211759 0.000589755 -4.31793e-05 -4.12186e-05 -7.53334e-05 8.07685e-05 -4.61216e-05 9.63778e-05 0.000133699 0.000821014 -0.000156255 7.07693e-05 -5.72411e-05 5.42114e-05 -0.000424384 7.24592e-05 -0.000306557 -0.000247323 -0.000284946 6.55823e-05 -0.000314631 -0.000157631 -0.000179952 -6.31416e-05 -0.000122603 -0.000572407 -5.53539e-05 1.97561e-05 -0.000212401 0.000282048 0.000178719 -6.71804e-05 -0.000131684 -0.000354541 0.00010426 -0.000245926 -5.759e-07 1.96143e-05 0.000247625 -7.54086e-05 6.98141e-05 0.000311798 -1.75346e-05 -0.00018718 0.00025543 3.81672e-05 0.000238149 -3.8695e-05 0.000417938 0.000782192 0.000353662 0.000139706 0.000444468 0.000571778 0.00023429 -9.53682e-05 0.000456512 0.000937051 0.000924024 2.04512e-05 0.000368912 0.000246574 0.000933864 -7.45752e-05 0.000432394 0.000386262 0.000894109 -0.000111952 0.000392405 0.000464819 ]
VLOG[3] (nnet-combine-fast[5.2.88~1392-cc246]:StepSizeIteration():optimization.cc:240) In step size iteration, function value changed -0.652125 to -0.651894
VLOG[3] (nnet-combine-fast[5.2.88~1392-cc246]:StepSizeIteration():optimization.cc:323) d = 2, iter = 8, action = accept
VLOG[3] (nnet-combine-fast[5.2.88~1392-cc246]:AcceptStep():optimization.cc:194) Accepted step; length was 0.015945, prod was -5.1926e-05
VLOG[2] (nnet-combine-fast[5.2.88~1392-cc246]:DoBackpropParallel():nnet-update-parallel.cc:264) Did backprop on 10000 examples, average log-prob per frame is -0.651529
VLOG[2] (nnet-combine-fast[5.2.88~1392-cc246]:ComputeObjfAndGradient():combine-nnet-fast.cc:347) Objf is -0.651529, raw gradient is  [ 0.000466304 9.87705e-05 0.00106548 0.00534241 0.000380406 -1.1865e-05 0.000844083 0.00552831 0.000168103 -3.34127e-05 0.00077392 0.00539191 -0.000220043 -4.59957e-05 0.000830371 0.00514133 -0.000238974 6.62136e-05 0.00109507 0.00595978 -0.000260783 5.77465e-05 0.00127307 0.0056423 -0.000438355 5.4166e-05 0.000797195 0.00544993 -0.000289463 4.58845e-05 0.000784812 0.00557236 -0.000235756 -7.32567e-05 0.000695335 0.00520715 -8.63018e-05 9.90067e-06 0.00057428 0.00580298 9.97755e-05 -7.10867e-05 0.000697156 0.00529671 0.000104529 -0.000220895 0.000786715 0.0054285 0.000206112 -7.8986e-05 0.000678627 0.00544429 4.68864e-06 -0.00018164 0.00057593 0.00495829 0.000135031 -3.81065e-05 0.00102025 0.00549761 0.000215674 0.000137022 0.00129547 0.00527815 0.000109607 -8.62627e-05 0.0011575 0.00548833 0.000578808 6.01654e-06 0.000981145 0.00480719 0.000584104 -7.77784e-05 0.00100423 0.00495574 0.000541923 -0.000124229 0.0010027 0.00504803 ]
VLOG[3] (nnet-combine-fast[5.2.88~1392-cc246]:StepSizeIteration():optimization.cc:240) In step size iteration, function value changed -0.651894 to -0.651529
VLOG[3] (nnet-combine-fast[5.2.88~1392-cc246]:StepSizeIteration():optimization.cc:323) d = 2, iter = 9, action = accept
VLOG[3] (nnet-combine-fast[5.2.88~1392-cc246]:AcceptStep():optimization.cc:194) Accepted step; length was 0.0708677, prod was -0.00118764
VLOG[2] (nnet-combine-fast[5.2.88~1392-cc246]:DoBackpropParallel():nnet-update-parallel.cc:264) Did backprop on 10000 examples, average log-prob per frame is -0.651314
VLOG[2] (nnet-combine-fast[5.2.88~1392-cc246]:ComputeObjfAndGradient():combine-nnet-fast.cc:347) Objf is -0.651314, raw gradient is  [ 0.000180908 7.97413e-05 0.000123369 -0.000601334 0.000144503 -1.04317e-05 0.000157913 -0.000297747 1.60633e-05 -3.37132e-05 3.70336e-06 -0.000484661 -0.000249623 -4.24618e-05 0.000110306 -0.000687826 -0.000231293 6.61337e-05 0.000264899 0.000107446 -0.000266586 4.6085e-05 0.000271125 -0.000261762 -0.000491713 5.05133e-05 8.06524e-05 -0.00037335 -0.000339831 4.25369e-05 1.52671e-06 -0.000312032 -0.000276859 -6.78347e-05 7.05988e-05 -0.000643033 -8.39378e-05 1.5027e-05 -6.48313e-06 -8.10946e-05 5.90649e-05 -6.8396e-05 -1.41399e-06 -0.000634044 5.37445e-05 -0.000210389 0.000127302 -0.000502721 0.000152844 -7.33124e-05 0.000111323 -0.00048822 -5.59299e-05 -0.000165361 0.000160029 -0.000923565 4.5636e-05 -3.3638e-05 0.000379355 -0.000433121 5.98475e-05 0.0001215 0.000436179 -0.000724576 -5.81059e-05 -8.19202e-05 0.000410705 -0.000485661 0.00027358 4.61826e-06 0.000309106 -0.00114045 0.000273621 -7.21878e-05 0.000347113 -0.00101652 0.000276696 -0.000109789 0.000342848 -0.000912591 ]
VLOG[3] (nnet-combine-fast[5.2.88~1392-cc246]:StepSizeIteration():optimization.cc:240) In step size iteration, function value changed -0.651529 to -0.651314
VLOG[3] (nnet-combine-fast[5.2.88~1392-cc246]:StepSizeIteration():optimization.cc:323) d = 2, iter = 10, action = accept
VLOG[3] (nnet-combine-fast[5.2.88~1392-cc246]:AcceptStep():optimization.cc:194) Accepted step; length was 0.026813, prod was -0.000411368
VLOG[2] (nnet-combine-fast[5.2.88~1392-cc246]:DoBackpropParallel():nnet-update-parallel.cc:264) Did backprop on 10000 examples, average log-prob per frame is -0.651261
VLOG[2] (nnet-combine-fast[5.2.88~1392-cc246]:ComputeObjfAndGradient():combine-nnet-fast.cc:347) Objf is -0.651261, raw gradient is  [ 0.000148267 7.62846e-05 5.72056e-05 0.000391962 9.76072e-05 -1.00883e-05 9.99424e-05 0.000721768 -2.99971e-05 -3.50449e-05 -2.5668e-05 0.000593106 -0.000258211 -4.23695e-05 7.3044e-05 0.000464438 -0.000242044 5.90975e-05 0.000196286 0.00126533 -0.000269511 3.98045e-05 0.000228289 0.000978861 -0.000480653 4.73114e-05 9.59472e-05 0.00092714 -0.000332509 3.69528e-05 -1.1248e-05 0.000971479 -0.000274067 -6.80504e-05 5.4062e-05 0.000674089 -7.73987e-05 1.35475e-05 -1.40939e-05 0.00116879 5.44151e-05 -7.07354e-05 -4.44082e-05 0.000628224 5.85766e-05 -0.000205891 9.08791e-05 0.000704676 0.000152525 -7.47866e-05 6.79043e-05 0.000652918 -4.68994e-05 -0.000160486 0.000108993 0.000185952 3.90171e-05 -3.43662e-05 0.000308637 0.000607611 4.48965e-05 0.0001174 0.000339985 0.000284515 -6.97577e-05 -8.00545e-05 0.000323394 0.000497477 0.000228404 2.33345e-06 0.000231989 -0.000143026 0.00022698 -7.0846e-05 0.000263227 -2.98243e-05 0.000232096 -0.000109146 0.000268539 8.26316e-05 ]
VLOG[3] (nnet-combine-fast[5.2.88~1392-cc246]:StepSizeIteration():optimization.cc:240) In step size iteration, function value changed -0.651314 to -0.651261
VLOG[3] (nnet-combine-fast[5.2.88~1392-cc246]:StepSizeIteration():optimization.cc:323) d = 2, iter = 11, action = accept
VLOG[3] (nnet-combine-fast[5.2.88~1392-cc246]:AcceptStep():optimization.cc:194) Accepted step; length was 0.0168329, prod was -3.66066e-05
VLOG[2] (nnet-combine-fast[5.2.88~1392-cc246]:DoBackpropParallel():nnet-update-parallel.cc:264) Did backprop on 10000 examples, average log-prob per frame is -0.651203
VLOG[2] (nnet-combine-fast[5.2.88~1392-cc246]:ComputeObjfAndGradient():combine-nnet-fast.cc:347) Objf is -0.651203, raw gradient is  [ 0.000139871 8.11142e-05 -4.30674e-05 0.00299077 7.42359e-05 -9.31625e-06 2.14707e-05 0.00334244 -5.9952e-05 -3.08546e-05 -8.12535e-05 0.00325855 -0.000265823 -4.17921e-05 8.02448e-06 0.00319189 -0.000255631 6.21372e-05 9.89134e-05 0.00398544 -0.000275748 4.093e-05 0.000143556 0.00376868 -0.000468767 5.05337e-05 7.60457e-05 0.00377402 -0.000325074 4.02277e-05 -5.51557e-05 0.00379999 -0.000271134 -7.40162e-05 1.51619e-05 0.00354524 -7.21109e-05 1.40356e-05 -4.10051e-05 0.00398397 5.02003e-05 -8.24265e-05 -0.00011011 0.00345726 6.78782e-05 -0.000218133 3.50223e-05 0.00349183 0.000155896 -8.62282e-05 9.98598e-06 0.0033851 -3.6327e-05 -0.000174442 5.26942e-05 0.00289739 4.23401e-05 -3.31863e-05 0.000226095 0.00325705 4.00021e-05 0.000114722 0.000213821 0.00290049 -6.66725e-05 -8.42247e-05 0.000218184 0.0030972 0.000214065 -5.92041e-07 0.000140067 0.00247417 0.000211428 -7.68044e-05 0.000165288 0.00257593 0.000213556 -0.000118302 0.000179177 0.00269437 ]
VLOG[3] (nnet-combine-fast[5.2.88~1392-cc246]:StepSizeIteration():optimization.cc:240) In step size iteration, function value changed -0.651261 to -0.651203
VLOG[3] (nnet-combine-fast[5.2.88~1392-cc246]:StepSizeIteration():optimization.cc:323) d = 2, iter = 12, action = accept
VLOG[3] (nnet-combine-fast[5.2.88~1392-cc246]:AcceptStep():optimization.cc:194) Accepted step; length was 0.0135129, prod was -3.61749e-05
VLOG[2] (nnet-combine-fast[5.2.88~1392-cc246]:DoBackpropParallel():nnet-update-parallel.cc:264) Did backprop on 10000 examples, average log-prob per frame is -0.651124
VLOG[2] (nnet-combine-fast[5.2.88~1392-cc246]:ComputeObjfAndGradient():combine-nnet-fast.cc:347) Objf is -0.651124, raw gradient is  [ 0.000172671 0.000106029 -0.00016087 0.00483676 8.31154e-05 4.53377e-07 -6.53224e-05 0.00521245 -6.92642e-05 3.80039e-06 -0.000141619 0.00517797 -0.000261211 -2.68829e-05 -6.27007e-05 0.00519382 -0.000269508 9.17244e-05 -7.58119e-06 0.0059677 -0.000277121 6.34445e-05 3.98365e-05 0.00584275 -0.000429937 7.00735e-05 4.23957e-05 0.00591846 -0.000298672 7.07067e-05 -0.000103541 0.00592037 -0.000253342 -8.30046e-05 -2.67969e-05 0.00572519 -6.53927e-05 2.53004e-05 -6.96503e-05 0.00608099 4.27347e-05 -0.000106914 -0.000176748 0.00557811 8.69217e-05 -0.000241721 -2.33103e-05 0.00556627 0.000160566 -0.000112246 -5.16379e-05 0.00538962 -1.44461e-05 -0.000217182 -2.05474e-06 0.00488914 6.58247e-05 -1.06991e-05 0.000136535 0.00516989 5.28677e-05 0.000103584 6.11928e-05 0.00477153 -2.88137e-05 -8.66831e-05 0.000100362 0.0049551 0.000244112 -5.96046e-07 3.64072e-05 0.00435556 0.000240682 -8.90667e-05 5.80599e-05 0.00444419 0.000227568 -0.0001373 7.75374e-05 0.00456754 ]
VLOG[3] (nnet-combine-fast[5.2.88~1392-cc246]:StepSizeIteration():optimization.cc:240) In step size iteration, function value changed -0.651203 to -0.651124
VLOG[3] (nnet-combine-fast[5.2.88~1392-cc246]:StepSizeIteration():optimization.cc:323) d = 2, iter = 13, action = accept
VLOG[3] (nnet-combine-fast[5.2.88~1392-cc246]:AcceptStep():optimization.cc:194) Accepted step; length was 0.0198432, prod was -5.2889e-05
VLOG[2] (nnet-combine-fast[5.2.88~1392-cc246]:DoBackpropParallel():nnet-update-parallel.cc:264) Did backprop on 10000 examples, average log-prob per frame is -0.651182
VLOG[2] (nnet-combine-fast[5.2.88~1392-cc246]:ComputeObjfAndGradient():combine-nnet-fast.cc:347) Objf is -0.651182, raw gradient is  [ 0.000224004 0.000442485 -0.00027187 0.00560436 0.00011442 0.000289556 -0.000138519 0.00598261 -4.74237e-05 0.000546373 -0.000177679 0.00598075 -0.000234203 0.000351764 -0.000114383 0.00606126 -0.000273403 0.000536761 -8.16677e-05 0.00678562 -0.000264879 0.000465545 -5.31612e-05 0.00675174 -0.000365158 0.000386898 -7.36425e-06 0.00687649 -0.000242566 0.000531615 -0.00013292 0.00685833 -0.00021478 0.000137055 -6.29263e-05 0.00672149 -4.78334e-05 0.000332407 -8.84194e-05 0.00700362 2.81538e-05 4.22756e-05 -0.000227818 0.00652294 0.000125751 1.87653e-05 -5.78455e-05 0.00650665 0.000156956 1.72867e-05 -9.77225e-05 0.00627683 6.19335e-06 -0.000186458 -3.95384e-05 0.00578737 0.000119566 0.000446026 8.80852e-05 0.00601639 4.797e-05 0.000129183 -9.62573e-05 0.00555741 4.08779e-05 0.000198363 1.42754e-05 0.00577197 0.000294828 0.000225636 -5.12164e-05 0.00518102 0.0002986 9.7102e-05 -2.53691e-05 0.00527044 0.000258525 5.821e-05 -4.24521e-06 0.00539463 ]
VLOG[3] (nnet-combine-fast[5.2.88~1392-cc246]:StepSizeIteration():optimization.cc:240) In step size iteration, function value changed -0.651124 to -0.651182
VLOG[3] (nnet-combine-fast[5.2.88~1392-cc246]:StepSizeIteration():optimization.cc:323) d = 2, iter = 14, action = decrease
VLOG[2] (nnet-combine-fast[5.2.88~1392-cc246]:DoBackpropParallel():nnet-update-parallel.cc:264) Did backprop on 10000 examples, average log-prob per frame is -0.651082
VLOG[2] (nnet-combine-fast[5.2.88~1392-cc246]:ComputeObjfAndGradient():combine-nnet-fast.cc:347) Objf is -0.651082, raw gradient is  [ 0.000197174 0.000170832 -0.000221667 0.0052269 9.73543e-05 4.47729e-05 -0.000106663 0.00560691 -6.1842e-05 0.000110255 -0.000168892 0.00558649 -0.000250388 3.67743e-05 -9.57289e-05 0.00563507 -0.00027223 0.000180956 -5.38976e-05 0.00638644 -0.000272205 0.000139626 -1.58394e-05 0.00630228 -0.000399541 0.000127942 1.31216e-05 0.00640492 -0.000275174 0.000162476 -0.000127526 0.00639563 -0.000236647 -6.31952e-05 -4.95654e-05 0.00623116 -5.89811e-05 7.52991e-05 -8.43912e-05 0.00654926 3.63268e-05 -0.000108654 -0.000207249 0.00605933 0.000102372 -0.000226849 -4.82957e-05 0.00604028 0.000160125 -0.000118781 -7.90522e-05 0.00583809 -3.38097e-06 -0.000255735 -2.3561e-05 0.00534414 8.79314e-05 7.26992e-05 0.000102451 0.00559578 5.60669e-05 9.0233e-05 -1.96991e-05 0.00517333 2.24361e-06 -5.1708e-05 4.8944e-05 0.00536545 0.000269164 2.73756e-05 -1.18949e-05 0.00477519 0.000267291 -7.82358e-05 1.08812e-05 0.00486133 0.000241726 -0.000128779 3.07396e-05 0.00498474 ]
VLOG[3] (nnet-combine-fast[5.2.88~1392-cc246]:StepSizeIteration():optimization.cc:240) In step size iteration, function value changed -0.651124 to -0.651082
VLOG[3] (nnet-combine-fast[5.2.88~1392-cc246]:StepSizeIteration():optimization.cc:323) d = 2, iter = 14, action = accept
VLOG[3] (nnet-combine-fast[5.2.88~1392-cc246]:AcceptStep():optimization.cc:194) Accepted step; length was 0.0104756, prod was -5.67956e-05
VLOG[2] (nnet-combine-fast[5.2.88~1392-cc246]:DoBackpropParallel():nnet-update-parallel.cc:264) Did backprop on 10000 examples, average log-prob per frame is -0.651032
VLOG[2] (nnet-combine-fast[5.2.88~1392-cc246]:ComputeObjfAndGradient():combine-nnet-fast.cc:347) Objf is -0.651032, raw gradient is  [ 0.000157696 0.000186338 -0.00023763 0.00242166 7.45081e-05 5.69016e-05 -0.000118208 0.00279156 -6.56281e-05 0.000146537 -0.000187005 0.00274709 -0.000243886 5.76725e-05 -0.000106357 0.00278363 -0.00025964 0.000215865 -6.22916e-05 0.00351346 -0.000261515 0.000170112 -4.18378e-05 0.00341154 -0.000397834 0.000147202 -1.83349e-05 0.00350375 -0.00027714 0.00019542 -0.000147009 0.00349294 -0.000235872 -5.13067e-05 -6.4226e-05 0.00333014 -6.16768e-05 9.33281e-05 -9.77277e-05 0.00364533 2.88393e-05 -9.6174e-05 -0.000213458 0.00316399 9.17973e-05 -0.000210671 -6.21529e-05 0.00316192 0.00014589 -0.000108824 -8.5048e-05 0.00298018 -1.6939e-05 -0.000258248 -2.50611e-05 0.00251786 7.55154e-05 0.000101485 9.24625e-05 0.00278046 3.40561e-05 8.66796e-05 -3.69855e-05 0.00236914 -1.78629e-05 -3.60012e-05 3.66764e-05 0.00257493 0.000231122 3.85883e-05 -2.16509e-05 0.00199231 0.000228699 -7.24298e-05 3.6314e-06 0.00208138 0.000205603 -0.000116215 1.75125e-05 0.00219678 ]
VLOG[3] (nnet-combine-fast[5.2.88~1392-cc246]:StepSizeIteration():optimization.cc:240) In step size iteration, function value changed -0.651082 to -0.651032
VLOG[3] (nnet-combine-fast[5.2.88~1392-cc246]:StepSizeIteration():optimization.cc:323) d = 2, iter = 15, action = accept
VLOG[3] (nnet-combine-fast[5.2.88~1392-cc246]:AcceptStep():optimization.cc:194) Accepted step; length was 0.0112633, prod was -2.0684e-05
VLOG[2] (nnet-combine-fast[5.2.88~1392-cc246]:DoBackpropParallel():nnet-update-parallel.cc:264) Did backprop on 10000 examples, average log-prob per frame is -0.651098
VLOG[2] (nnet-combine-fast[5.2.88~1392-cc246]:ComputeObjfAndGradient():combine-nnet-fast.cc:347) Objf is -0.651098, raw gradient is  [ 0.00127922 0.000186686 -0.000267445 -0.00219094 0.00117167 4.50653e-05 -0.000131313 -0.00193694 0.00083169 0.000155242 -0.000241864 -0.00218074 0.000368428 4.81701e-05 -0.000154481 -0.00231075 0.000167642 0.000217191 -0.000107818 -0.0017186 0.000233941 0.000203279 -0.000135566 -0.00200427 0.0004913 0.000174247 -0.000152339 -0.00203594 0.000362806 0.000204556 -0.000237005 -0.00203468 0.000383387 -4.48898e-05 -0.000125534 -0.00218595 0.000213765 5.5117e-05 -0.000166118 -0.0017912 0.000318182 -0.000101122 -0.000225977 -0.00221697 0.000481068 -0.000229684 -0.000111997 -0.00206416 0.000453481 -0.000127016 -0.000101135 -0.00208537 0.000482483 -0.000275165 -6.2521e-06 -0.00235425 0.000681923 6.57539e-05 6.76586e-05 -0.00196318 0.00083836 8.10669e-05 -5.36701e-05 -0.00223164 0.000944918 -4.8621e-05 2.69184e-05 -0.00196232 0.00150843 3.96782e-05 -1.18248e-05 -0.00250373 0.001482 -9.03688e-05 1.20568e-05 -0.0024107 0.00120861 -0.000139874 -5.84068e-06 -0.00234456 ]
VLOG[3] (nnet-combine-fast[5.2.88~1392-cc246]:StepSizeIteration():optimization.cc:240) In step size iteration, function value changed -0.651032 to -0.651098
VLOG[3] (nnet-combine-fast[5.2.88~1392-cc246]:StepSizeIteration():optimization.cc:323) d = 2, iter = 16, action = decrease
VLOG[2] (nnet-combine-fast[5.2.88~1392-cc246]:DoBackpropParallel():nnet-update-parallel.cc:264) Did backprop on 10000 examples, average log-prob per frame is -0.650941
VLOG[2] (nnet-combine-fast[5.2.88~1392-cc246]:ComputeObjfAndGradient():combine-nnet-fast.cc:347) Objf is -0.650941, raw gradient is  [ 0.000445741 0.000184686 -0.000255591 9.23269e-05 0.000350385 4.91156e-05 -0.000128894 0.000406079 0.000144531 0.000149809 -0.000218665 0.000263854 -0.00012833 5.22354e-05 -0.000132255 0.000216199 -0.000199348 0.000218619 -8.5463e-05 0.000877516 -0.000180904 0.000185697 -9.14491e-05 0.000682976 -0.000209707 0.000156818 -8.82496e-05 0.000714007 -0.000154929 0.000200078 -0.000194468 0.000709846 -0.000118325 -5.04555e-05 -9.75996e-05 0.000550592 -3.68618e-05 7.69329e-05 -0.00013259 0.000907987 6.24357e-05 -9.66999e-05 -0.000222664 0.000453843 0.000157158 -0.000219533 -9.00605e-05 0.000527568 0.000190318 -0.00011523 -9.41258e-05 0.000429791 7.47843e-05 -0.000266904 -1.87525e-05 6.29597e-05 0.000204098 8.58437e-05 7.83935e-05 0.000390349 0.00021951 8.31017e-05 -4.89596e-05 4.74235e-05 0.000211804 -4.24391e-05 2.81638e-05 0.000286443 0.000568721 3.78183e-05 -2.01285e-05 -0.000274743 0.00055848 -8.25338e-05 4.46573e-06 -0.000182764 0.000460984 -0.000125984 3.07784e-06 -9.19601e-05 ]
VLOG[3] (nnet-combine-fast[5.2.88~1392-cc246]:StepSizeIteration():optimization.cc:240) In step size iteration, function value changed -0.651032 to -0.650941
VLOG[3] (nnet-combine-fast[5.2.88~1392-cc246]:StepSizeIteration():optimization.cc:323) d = 2, iter = 16, action = accept
VLOG[3] (nnet-combine-fast[5.2.88~1392-cc246]:AcceptStep():optimization.cc:194) Accepted step; length was 0.0163625, prod was -0.000156373
VLOG[2] (nnet-combine-fast[5.2.88~1392-cc246]:DoBackpropParallel():nnet-update-parallel.cc:264) Did backprop on 10000 examples, average log-prob per frame is -0.650864
VLOG[2] (nnet-combine-fast[5.2.88~1392-cc246]:ComputeObjfAndGradient():combine-nnet-fast.cc:347) Objf is -0.650864, raw gradient is  [ 0.000163755 0.000130137 -0.000244968 -0.00633697 0.000123763 1.15427e-05 -0.000130063 -0.0060651 1.07441e-06 9.07572e-05 -0.000233646 -0.00626241 -0.000184716 1.17943e-05 -0.000121916 -0.00634259 -0.000207582 0.000174879 -7.19664e-05 -0.00574446 -0.000199392 0.000143387 -0.000100786 -0.00597923 -0.00030966 0.00011075 -0.000114751 -0.00597559 -0.000240998 0.000147554 -0.000204308 -0.00598009 -0.000188036 -6.95395e-05 -9.97165e-05 -0.00613161 -6.93857e-05 4.76425e-05 -0.000132779 -0.00578727 2.05202e-05 -8.76963e-05 -0.000205876 -0.00619665 8.36195e-05 -0.000223145 -9.98992e-05 -0.0060956 0.00012503 -0.00010815 -8.41409e-05 -0.00613447 -1.21143e-05 -0.000248894 -1.31351e-05 -0.006418 8.33963e-05 4.1328e-05 6.73671e-05 -0.00606912 6.58241e-05 8.01159e-05 -4.68808e-05 -0.00635679 1.87016e-05 -6.17502e-05 1.92909e-05 -0.00610115 0.00027067 1.24538e-05 -1.98144e-05 -0.00662403 0.000256938 -0.000100386 5.46346e-06 -0.00652608 0.000200216 -0.000132762 -9.49552e-06 -0.00646436 ]
VLOG[3] (nnet-combine-fast[5.2.88~1392-cc246]:StepSizeIteration():optimization.cc:240) In step size iteration, function value changed -0.650941 to -0.650864
VLOG[3] (nnet-combine-fast[5.2.88~1392-cc246]:StepSizeIteration():optimization.cc:323) d = 2, iter = 17, action = accept
VLOG[3] (nnet-combine-fast[5.2.88~1392-cc246]:AcceptStep():optimization.cc:194) Accepted step; length was 0.0288356, prod was -0.000154656
VLOG[2] (nnet-combine-fast[5.2.88~1392-cc246]:DoBackpropParallel():nnet-update-parallel.cc:264) Did backprop on 10000 examples, average log-prob per frame is -0.650766
VLOG[2] (nnet-combine-fast[5.2.88~1392-cc246]:ComputeObjfAndGradient():combine-nnet-fast.cc:347) Objf is -0.650766, raw gradient is  [ 0.000110696 0.000195538 -0.000253567 -0.00542828 7.93068e-05 6.81953e-05 -0.000149277 -0.00521941 -2.49878e-05 0.000250786 -0.000230207 -0.00543571 -0.000169144 0.000108742 -0.000115502 -0.00552656 -0.000196719 0.000306108 -7.53435e-05 -0.00501545 -0.000171045 0.000275102 -9.98427e-05 -0.0052276 -0.000261759 0.00018355 -0.000114835 -0.00523368 -0.000213353 0.000273428 -0.000187366 -0.00523694 -0.000162022 -1.79607e-05 -9.16024e-05 -0.00534308 -5.82701e-05 0.000111653 -0.00011553 -0.00503046 1.6032e-05 -2.97565e-05 -0.000193292 -0.00537313 0.000102501 -0.000138199 -9.89692e-05 -0.0052515 0.000119065 -7.13234e-05 -8.01219e-05 -0.00526831 9.15527e-09 -0.00024302 -2.26578e-05 -0.0054877 8.70827e-05 0.000155721 5.51692e-05 -0.00514524 4.36745e-05 7.53952e-05 -9.10875e-05 -0.00540073 2.01832e-05 2.11079e-05 -5.65424e-06 -0.00512466 0.000221131 5.96798e-05 -3.98481e-05 -0.00560691 0.000203729 -7.34032e-05 -2.06971e-05 -0.00550447 0.00013178 -8.93448e-05 -4.03347e-05 -0.00547029 ]
VLOG[3] (nnet-combine-fast[5.2.88~1392-cc246]:StepSizeIteration():optimization.cc:240) In step size iteration, function value changed -0.650864 to -0.650766
VLOG[3] (nnet-combine-fast[5.2.88~1392-cc246]:StepSizeIteration():optimization.cc:323) d = 2, iter = 18, action = accept
VLOG[3] (nnet-combine-fast[5.2.88~1392-cc246]:AcceptStep():optimization.cc:194) Accepted step; length was 0.0180504, prod was -8.27374e-05
VLOG[2] (nnet-combine-fast[5.2.88~1392-cc246]:DoBackpropParallel():nnet-update-parallel.cc:264) Did backprop on 10000 examples, average log-prob per frame is -0.650566
VLOG[2] (nnet-combine-fast[5.2.88~1392-cc246]:ComputeObjfAndGradient():combine-nnet-fast.cc:347) Objf is -0.650566, raw gradient is  [ 3.48961e-05 0.00015067 -0.000201211 -0.00221735 9.25865e-06 5.94551e-05 -0.000155034 -0.0021459 -7.62764e-05 0.000263351 -0.000187879 -0.00237441 -0.000107568 0.000123119 -5.1132e-05 -0.00246069 -0.000150727 0.000281271 -4.28107e-05 -0.00212034 -7.54086e-05 0.000282887 -2.45525e-05 -0.00226113 -9.94289e-05 0.0001427 -4.76359e-05 -0.00227505 -0.000117525 0.000241884 -9.9463e-05 -0.00227264 -6.57265e-05 -9.16176e-06 -2.32227e-05 -0.00227768 -6.53992e-06 8.44402e-05 -3.23862e-05 -0.00205579 4.49909e-05 2.32826e-05 -0.000109813 -0.00223326 0.000173245 -6.61987e-05 -6.82433e-05 -0.00211887 0.000147444 -5.23163e-05 -3.83512e-05 -0.0021086 8.48866e-05 -0.00018005 -3.11062e-05 -0.00221532 0.000114354 0.000144258 2.97061e-05 -0.00191906 6.67046e-05 8.24295e-05 -0.000125745 -0.00207297 6.09741e-05 6.87614e-05 -4.07149e-05 -0.00180242 0.000151729 5.21969e-05 -5.26527e-05 -0.0021746 0.000117618 -7.36893e-05 -5.59539e-05 -0.00207446 1.52054e-06 -9.45801e-05 -9.21474e-05 -0.00210172 ]
VLOG[3] (nnet-combine-fast[5.2.88~1392-cc246]:StepSizeIteration():optimization.cc:240) In step size iteration, function value changed -0.650766 to -0.650566
VLOG[3] (nnet-combine-fast[5.2.88~1392-cc246]:StepSizeIteration():optimization.cc:323) d = 2, iter = 19, action = accept
VLOG[3] (nnet-combine-fast[5.2.88~1392-cc246]:AcceptStep():optimization.cc:194) Accepted step; length was 0.0406477, prod was -0.000162313
VLOG[2] (nnet-combine-fast[5.2.88~1392-cc246]:DoBackpropParallel():nnet-update-parallel.cc:264) Did backprop on 10000 examples, average log-prob per frame is -0.650548
VLOG[2] (nnet-combine-fast[5.2.88~1392-cc246]:ComputeObjfAndGradient():combine-nnet-fast.cc:347) Objf is -0.650548, raw gradient is  [ 0.000140971 8.1498e-05 0.000241693 -0.00600702 4.99958e-05 1.69346e-05 0.000103043 -0.00606129 -5.13958e-05 0.000121008 0.00021082 -0.00609247 2.37198e-05 4.71886e-05 0.000341847 -0.00597035 -4.74758e-05 0.000111085 0.000297742 -0.00575186 7.84565e-05 0.000143158 0.000503719 -0.00555535 0.000188225 4.90028e-05 0.000429986 -0.00549442 0.000108284 9.47071e-05 0.000385904 -0.00550174 0.000131281 -4.25781e-05 0.000347381 -0.00538856 0.000113744 1.23055e-05 0.000345856 -0.00547618 0.000131295 -1.97487e-06 0.000288917 -0.00543785 0.000292438 -7.02888e-05 0.000220214 -0.00551599 0.000227239 -7.28054e-05 0.000213696 -0.0056617 0.000256162 -0.000127688 5.39466e-05 -0.00577882 0.000209373 4.72034e-05 0.00014408 -0.00568912 0.000197575 7.89978e-05 8.44688e-05 -0.00574985 0.000216843 3.31306e-05 9.53954e-05 -0.00561214 0.000213461 3.09486e-06 0.000101021 -0.00583606 0.000170251 -8.06126e-05 6.00337e-05 -0.00574758 1.50887e-05 -0.000136642 1.06173e-05 -0.00579932 ]
VLOG[3] (nnet-combine-fast[5.2.88~1392-cc246]:StepSizeIteration():optimization.cc:240) In step size iteration, function value changed -0.650566 to -0.650548
VLOG[3] (nnet-combine-fast[5.2.88~1392-cc246]:StepSizeIteration():optimization.cc:323) d = 2, iter = 20, action = accept
VLOG[3] (nnet-combine-fast[5.2.88~1392-cc246]:AcceptStep():optimization.cc:194) Accepted step; length was 0.0957232, prod was -0.00053158
VLOG[2] (nnet-combine-fast[5.2.88~1392-cc246]:DoBackpropParallel():nnet-update-parallel.cc:264) Did backprop on 10000 examples, average log-prob per frame is -0.650443
VLOG[2] (nnet-combine-fast[5.2.88~1392-cc246]:ComputeObjfAndGradient():combine-nnet-fast.cc:347) Objf is -0.650443, raw gradient is  [ -2.89993e-05 4.21173e-05 -0.000130309 -0.000999014 -7.80514e-05 -6.15082e-06 -0.00012694 -0.00100048 -0.00014614 7.06703e-05 -0.000112576 -0.00113593 -6.4106e-05 1.67614e-05 3.04046e-05 -0.00108644 -0.000101757 8.6467e-05 -2.55704e-05 -0.000898976 -8.35037e-07 0.000105072 6.57852e-05 -0.00083985 2.78049e-05 2.45823e-05 8.53089e-05 -0.000777367 -1.88496e-05 5.74665e-05 1.13085e-05 -0.000809937 2.1796e-05 -6.44547e-05 7.17568e-05 -0.000679677 6.81026e-05 -8.0719e-06 7.27714e-05 -0.000683852 9.08821e-05 -2.40227e-05 -1.52415e-05 -0.000684548 0.000226479 -0.000115117 -2.6896e-05 -0.000694943 0.000185591 -9.09702e-05 9.28869e-06 -0.00076666 0.00016531 -0.000137611 -3.59607e-05 -0.000825767 0.000121716 4.80309e-06 -1.90646e-05 -0.000696174 8.39184e-05 7.60098e-05 -0.000147981 -0.000778257 6.6824e-05 1.05324e-06 -9.56365e-05 -0.000596308 5.27138e-05 -1.56219e-05 -7.51766e-05 -0.000815038 9.40514e-06 -9.93341e-05 -0.000101582 -0.000738051 -0.000106628 -0.000150163 -0.000143457 -0.000790604 ]
VLOG[3] (nnet-combine-fast[5.2.88~1392-cc246]:StepSizeIteration():optimization.cc:240) In step size iteration, function value changed -0.650548 to -0.650443
VLOG[3] (nnet-combine-fast[5.2.88~1392-cc246]:StepSizeIteration():optimization.cc:323) d = 2, iter = 21, action = accept
VLOG[3] (nnet-combine-fast[5.2.88~1392-cc246]:AcceptStep():optimization.cc:194) Accepted step; length was 0.0426444, prod was -0.000233219
VLOG[2] (nnet-combine-fast[5.2.88~1392-cc246]:DoBackpropParallel():nnet-update-parallel.cc:264) Did backprop on 10000 examples, average log-prob per frame is -0.650438
VLOG[2] (nnet-combine-fast[5.2.88~1392-cc246]:ComputeObjfAndGradient():combine-nnet-fast.cc:347) Objf is -0.650438, raw gradient is  [ -4.74792e-05 4.47987e-05 -0.000113207 -0.000783686 -9.60217e-05 -3.16811e-06 -0.000117272 -0.000784422 -0.000160312 7.68978e-05 -9.65508e-05 -0.000907599 -8.25863e-05 2.08355e-05 4.50511e-05 -0.000853194 -0.000114511 9.11194e-05 -1.04787e-05 -0.000659841 -2.03201e-05 0.000109214 8.84762e-05 -0.000590479 -9.15375e-06 2.51381e-05 0.000103966 -0.000527225 -4.20143e-05 6.17954e-05 3.06925e-05 -0.0005578 -1.10435e-06 -6.28784e-05 8.50054e-05 -0.000431654 5.73204e-05 -4.40063e-06 8.70522e-05 -0.000437791 8.28773e-05 -2.04468e-05 -1.58458e-06 -0.000440433 0.000211153 -0.00011005 -1.54572e-05 -0.000458141 0.000175838 -8.82837e-05 1.86912e-05 -0.000535628 0.000145702 -0.0001365 -3.46954e-05 -0.000605603 0.000104515 1.13018e-05 -1.19431e-05 -0.000479558 6.17783e-05 7.6136e-05 -0.000138736 -0.000565777 4.07501e-05 5.18723e-06 -8.83708e-05 -0.000387358 2.89169e-05 -1.34659e-05 -6.87708e-05 -0.000608142 -1.13892e-05 -9.74543e-05 -9.65533e-05 -0.000530011 -0.000115954 -0.000147531 -0.000137175 -0.000579757 ]
VLOG[3] (nnet-combine-fast[5.2.88~1392-cc246]:StepSizeIteration():optimization.cc:240) In step size iteration, function value changed -0.650443 to -0.650438
VLOG[3] (nnet-combine-fast[5.2.88~1392-cc246]:StepSizeIteration():optimization.cc:323) d = 2, iter = 22, action = accept
VLOG[3] (nnet-combine-fast[5.2.88~1392-cc246]:AcceptStep():optimization.cc:194) Accepted step; length was 0.0014492, prod was -2.37673e-06
VLOG[2] (nnet-combine-fast[5.2.88~1392-cc246]:DoBackpropParallel():nnet-update-parallel.cc:264) Did backprop on 10000 examples, average log-prob per frame is -0.650428
VLOG[2] (nnet-combine-fast[5.2.88~1392-cc246]:ComputeObjfAndGradient():combine-nnet-fast.cc:347) Objf is -0.650428, raw gradient is  [ -7.54761e-05 4.7839e-05 -6.86968e-05 -0.00031314 -0.000121365 1.65977e-06 -9.11589e-05 -0.000323857 -0.000176934 8.62114e-05 -5.74965e-05 -0.000430415 -0.000104706 2.6881e-05 8.10621e-05 -0.000376501 -0.00012639 9.72099e-05 2.47239e-05 -0.000186832 -4.22485e-05 0.000115999 0.000140605 -0.000104726 -5.41714e-05 2.49687e-05 0.000143488 -5.03131e-05 -6.81618e-05 6.75232e-05 7.55802e-05 -7.667e-05 -2.78172e-05 -5.96924e-05 0.000116261 4.18512e-05 4.58241e-05 3.70026e-07 0.000121793 3.44653e-05 7.41318e-05 -1.24725e-05 3.586e-05 3.55444e-05 0.000190779 -9.92542e-05 1.13238e-05 9.63223e-06 0.000162117 -8.26736e-05 4.48547e-05 -6.73905e-05 0.000119569 -0.000132111 -2.89239e-05 -0.000147447 8.00953e-05 2.12803e-05 4.20012e-06 -2.27781e-05 3.02193e-05 7.62039e-05 -0.000115115 -0.000105105 4.55704e-06 1.28456e-05 -7.12516e-05 6.71749e-05 -7.40204e-06 -1.08101e-05 -5.12498e-05 -0.000148998 -4.33891e-05 -9.44881e-05 -8.35439e-05 -6.79425e-05 -0.000130736 -0.000143752 -0.000123516 -0.000114645 ]
VLOG[3] (nnet-combine-fast[5.2.88~1392-cc246]:StepSizeIteration():optimization.cc:240) In step size iteration, function value changed -0.650438 to -0.650428
VLOG[3] (nnet-combine-fast[5.2.88~1392-cc246]:StepSizeIteration():optimization.cc:323) d = 2, iter = 23, action = accept
VLOG[3] (nnet-combine-fast[5.2.88~1392-cc246]:AcceptStep():optimization.cc:194) Accepted step; length was 0.00237213, prod was -5.77517e-06
VLOG[2] (nnet-combine-fast[5.2.88~1392-cc246]:DoBackpropParallel():nnet-update-parallel.cc:264) Did backprop on 10000 examples, average log-prob per frame is -0.650409
VLOG[2] (nnet-combine-fast[5.2.88~1392-cc246]:ComputeObjfAndGradient():combine-nnet-fast.cc:347) Objf is -0.650409, raw gradient is  [ -0.000106494 4.9168e-05 2.37012e-06 0.000194949 -0.000147134 7.96394e-06 -4.29881e-05 0.000167681 -0.000188762 9.26712e-05 4.61388e-06 8.27665e-05 -0.000129202 3.13972e-05 0.000133925 0.000129165 -0.000134843 0.00010023 7.43991e-05 0.000302293 -6.66901e-05 0.000120145 0.000215506 0.000396375 -0.00010573 2.32311e-05 0.000195522 0.000428017 -9.48303e-05 7.11208e-05 0.000138222 0.000404733 -5.70034e-05 -5.564e-05 0.000159049 0.00050823 3.36952e-05 4.46167e-06 0.000169427 0.000497861 6.43127e-05 -3.19061e-06 9.47733e-05 0.000505763 0.000162328 -8.5141e-05 5.07054e-05 0.000470046 0.000142175 -7.56115e-05 8.66735e-05 0.000401596 8.49861e-05 -0.000124551 -1.7068e-05 0.000311865 4.79515e-05 3.27053e-05 2.87706e-05 0.000437021 -9.80568e-06 7.38708e-05 -7.18623e-05 0.000368533 -4.03152e-05 2.05509e-05 -4.28217e-05 0.000528103 -5.07359e-05 -9.67102e-06 -2.17274e-05 0.000327097 -8.03749e-05 -9.05636e-05 -6.08506e-05 0.000412989 -0.000142537 -0.00013929 -9.97752e-05 0.000374944 ]
VLOG[3] (nnet-combine-fast[5.2.88~1392-cc246]:StepSizeIteration():optimization.cc:240) In step size iteration, function value changed -0.650428 to -0.650409
VLOG[3] (nnet-combine-fast[5.2.88~1392-cc246]:StepSizeIteration():optimization.cc:323) d = 2, iter = 24, action = accept
VLOG[3] (nnet-combine-fast[5.2.88~1392-cc246]:AcceptStep():optimization.cc:194) Accepted step; length was 0.00524715, prod was -1.11297e-05
VLOG[2] (nnet-combine-fast[5.2.88~1392-cc246]:DoBackpropParallel():nnet-update-parallel.cc:264) Did backprop on 10000 examples, average log-prob per frame is -0.650374
VLOG[2] (nnet-combine-fast[5.2.88~1392-cc246]:ComputeObjfAndGradient():combine-nnet-fast.cc:347) Objf is -0.650374, raw gradient is  [ -0.00013614 4.43684e-05 6.69195e-05 0.000711169 -0.000168013 2.05879e-05 1.70908e-05 0.000669271 -0.00018922 9.23588e-05 6.64368e-05 0.000612682 -0.000150692 3.48244e-05 0.00017325 0.000650971 -0.000133754 9.51324e-05 0.000100357 0.000776227 -8.93459e-05 0.00011621 0.000268206 0.000885503 -0.000154717 1.96167e-05 0.000224144 0.000880383 -0.000113566 6.86691e-05 0.000179807 0.000849 -8.18096e-05 -4.62879e-05 0.000183992 0.000935067 2.54318e-05 7.38716e-06 0.00019806 0.000903116 5.5426e-05 8.9283e-06 0.000148922 0.000925282 0.000126531 -6.03123e-05 8.0109e-05 0.000872538 0.000115654 -6.48804e-05 0.000125769 0.000818199 4.44862e-05 -0.00010415 -4.49672e-06 0.000725767 9.71298e-06 4.78794e-05 4.37715e-05 0.000840112 -5.66589e-05 6.58344e-05 -2.4747e-05 0.00079926 -9.00478e-05 3.10478e-05 -2.07586e-05 0.000930867 -9.84772e-05 -1.03992e-05 2.67463e-06 0.00077141 -0.000119112 -8.10112e-05 -4.34336e-05 0.000861188 -0.000146069 -0.000130647 -7.85324e-05 0.000845291 ]
VLOG[3] (nnet-combine-fast[5.2.88~1392-cc246]:StepSizeIteration():optimization.cc:240) In step size iteration, function value changed -0.650409 to -0.650374
VLOG[3] (nnet-combine-fast[5.2.88~1392-cc246]:StepSizeIteration():optimization.cc:323) d = 2, iter = 25, action = accept
VLOG[3] (nnet-combine-fast[5.2.88~1392-cc246]:AcceptStep():optimization.cc:194) Accepted step; length was 0.0117274, prod was -2.00969e-05
VLOG[2] (nnet-combine-fast[5.2.88~1392-cc246]:DoBackpropParallel():nnet-update-parallel.cc:264) Did backprop on 10000 examples, average log-prob per frame is -0.650326
VLOG[2] (nnet-combine-fast[5.2.88~1392-cc246]:ComputeObjfAndGradient():combine-nnet-fast.cc:347) Objf is -0.650326, raw gradient is  [ -0.000151561 2.93823e-05 5.90931e-05 0.000761719 -0.000171343 4.31713e-05 5.38983e-05 0.000718566 -0.000167654 7.64912e-05 7.31116e-05 0.000691203 -0.000158857 3.59154e-05 0.00014406 0.000726532 -0.000115513 7.4889e-05 4.3819e-05 0.000757891 -0.000101032 9.61372e-05 0.000220549 0.00088105 -0.00018018 1.674e-05 0.000168415 0.000828298 -0.000110648 5.44342e-05 0.000132119 0.000765987 -8.95233e-05 -2.63672e-05 0.000141593 0.000839671 2.64084e-05 8.41713e-06 0.000152529 0.00075207 5.01434e-05 2.22546e-05 0.000143824 0.000797625 8.88783e-05 -2.21645e-05 5.73915e-05 0.000720618 8.49693e-05 -4.92771e-05 0.000122267 0.000684197 7.02362e-06 -6.14578e-05 -3.75533e-06 0.000607344 -2.65423e-05 6.5004e-05 1.96028e-05 0.000689738 -9.94232e-05 5.06374e-05 -9.45029e-06 0.000691352 -0.000130504 4.38263e-05 -3.55834e-05 0.000775068 -0.000136178 -1.30768e-05 -8.70376e-06 0.000695496 -0.000146146 -6.01719e-05 -5.59276e-05 0.000784663 -0.000131842 -0.000113698 -8.31958e-05 0.000809903 ]
VLOG[3] (nnet-combine-fast[5.2.88~1392-cc246]:StepSizeIteration():optimization.cc:240) In step size iteration, function value changed -0.650374 to -0.650326
VLOG[3] (nnet-combine-fast[5.2.88~1392-cc246]:StepSizeIteration():optimization.cc:323) d = 2, iter = 26, action = accept
VLOG[3] (nnet-combine-fast[5.2.88~1392-cc246]:AcceptStep():optimization.cc:194) Accepted step; length was 0.0214598, prod was -4.14805e-05
VLOG[2] (nnet-combine-fast[5.2.88~1392-cc246]:DoBackpropParallel():nnet-update-parallel.cc:264) Did backprop on 10000 examples, average log-prob per frame is -0.650395
VLOG[2] (nnet-combine-fast[5.2.88~1392-cc246]:ComputeObjfAndGradient():combine-nnet-fast.cc:347) Objf is -0.650395, raw gradient is  [ -0.000120801 2.76562e-05 0.000284442 0.00173847 -0.000106431 1.46072e-05 0.000272168 0.00165595 -6.55773e-05 2.21977e-05 0.00021571 0.00151891 -0.00016906 -2.39452e-05 0.000218831 0.00131875 -7.61333e-05 6.43673e-05 0.000176834 0.0013539 -0.000112133 7.76909e-05 0.000333141 0.00122819 -0.000220054 1.78699e-05 0.000103371 0.000970513 -0.000113699 4.41612e-05 0.000173024 0.000955361 -0.000108556 -5.99796e-05 0.000152756 0.000869552 8.10547e-06 -2.08729e-05 0.000175434 0.00101628 3.88069e-05 -2.18296e-05 0.000299302 0.000978682 2.14855e-05 -0.000101157 0.000138854 0.00103157 3.49857e-05 -7.69466e-05 0.0002607 0.00120296 -7.10709e-05 -0.000129049 9.5458e-05 0.00114261 -6.90876e-05 2.59418e-05 0.000167977 0.00142271 -0.000133579 2.28413e-05 0.000264976 0.00150383 -0.00016663 -2.99976e-05 0.000158865 0.00161324 -0.000106893 -5.05966e-05 0.000174536 0.00150356 -0.00010802 -0.000103245 0.00012086 0.00161708 -4.71397e-05 -0.000147032 8.46359e-05 0.00167194 ]
VLOG[3] (nnet-combine-fast[5.2.88~1392-cc246]:StepSizeIteration():optimization.cc:240) In step size iteration, function value changed -0.650326 to -0.650395
VLOG[3] (nnet-combine-fast[5.2.88~1392-cc246]:StepSizeIteration():optimization.cc:323) d = 2, iter = 27, action = decrease
VLOG[2] (nnet-combine-fast[5.2.88~1392-cc246]:DoBackpropParallel():nnet-update-parallel.cc:264) Did backprop on 10000 examples, average log-prob per frame is -0.650324
VLOG[2] (nnet-combine-fast[5.2.88~1392-cc246]:ComputeObjfAndGradient():combine-nnet-fast.cc:347) Objf is -0.650324, raw gradient is  [ -0.000140833 2.70489e-05 0.000149892 0.00124191 -0.000145269 2.77874e-05 0.000141046 0.00117904 -0.000124971 4.85565e-05 0.00012766 0.00109725 -0.000166836 5.55954e-06 0.000168932 0.00101539 -0.000100765 6.81709e-05 9.33513e-05 0.00104785 -0.00010909 8.58101e-05 0.00026172 0.0010466 -0.000201148 1.64734e-05 0.000132963 0.00089342 -0.000114874 4.80595e-05 0.000141561 0.000852967 -0.000100982 -4.39079e-05 0.000137664 0.000847448 1.58218e-05 -6.93359e-06 0.000154937 0.00087727 4.2469e-05 -8.89587e-07 0.00020209 0.000879651 5.62489e-05 -6.1705e-05 8.39108e-05 0.000868663 6.01448e-05 -6.427e-05 0.000174596 0.000935474 -3.07903e-05 -9.55757e-05 3.05259e-05 0.00086724 -4.83284e-05 4.47605e-05 7.60639e-05 0.00104861 -0.000117732 3.53031e-05 0.000100809 0.0010879 -0.000149727 6.64024e-06 4.03819e-05 0.00118582 -0.000125923 -3.28384e-05 6.31475e-05 0.00109123 -0.000131944 -8.24448e-05 1.26341e-05 0.00119245 -9.66007e-05 -0.000131384 -1.83119e-05 0.00123266 ]
VLOG[3] (nnet-combine-fast[5.2.88~1392-cc246]:StepSizeIteration():optimization.cc:240) In step size iteration, function value changed -0.650326 to -0.650324
VLOG[3] (nnet-combine-fast[5.2.88~1392-cc246]:StepSizeIteration():optimization.cc:323) d = 2, iter = 27, action = accept
VLOG[3] (nnet-combine-fast[5.2.88~1392-cc246]:AcceptStep():optimization.cc:194) Accepted step; length was 0.0329598, prod was -6.72425e-05
VLOG[2] (nnet-combine-fast[5.2.88~1392-cc246]:DoBackpropParallel():nnet-update-parallel.cc:264) Did backprop on 10000 examples, average log-prob per frame is -0.650277
VLOG[2] (nnet-combine-fast[5.2.88~1392-cc246]:ComputeObjfAndGradient():combine-nnet-fast.cc:347) Objf is -0.650277, raw gradient is  [ -7.03182e-05 2.51495e-05 -1.89789e-05 -0.0011845 -8.23063e-05 8.0899e-05 6.52302e-05 -0.00120345 -4.67827e-05 6.21571e-05 1.91339e-05 -0.00121706 -0.000117746 4.08356e-05 3.99768e-05 -0.00119996 -4.207e-05 5.71987e-05 -6.97044e-05 -0.00126785 -7.22855e-05 7.33177e-05 7.28502e-05 -0.00117899 -0.000103009 3.94218e-05 1.55107e-05 -0.00130054 -1.9928e-05 5.00813e-05 -1.02319e-05 -0.00140672 -3.4193e-05 1.15032e-05 2.48935e-05 -0.00136727 4.62517e-05 1.4579e-05 1.89829e-05 -0.00150168 4.69486e-05 2.68356e-05 6.66068e-05 -0.001459 4.50302e-05 2.13905e-05 -1.13298e-05 -0.00153408 3.55968e-05 -3.18111e-05 6.48775e-05 -0.00154064 -1.99242e-05 -1.04839e-05 -4.83446e-06 -0.00158786 -4.1198e-05 9.16702e-05 -1.53476e-05 -0.00152848 -0.000103712 2.09385e-05 -2.14119e-06 -0.00148404 -0.000103781 5.37865e-05 -5.10757e-05 -0.00146191 -8.07995e-05 -1.21315e-05 -3.13336e-05 -0.0014581 -8.03383e-05 -2.46136e-05 -6.44344e-05 -0.00137812 -2.00741e-05 -7.95532e-05 -7.88568e-05 -0.00128703 ]
VLOG[3] (nnet-combine-fast[5.2.88~1392-cc246]:StepSizeIteration():optimization.cc:240) In step size iteration, function value changed -0.650324 to -0.650277
VLOG[3] (nnet-combine-fast[5.2.88~1392-cc246]:StepSizeIteration():optimization.cc:323) d = 2, iter = 28, action = accept
VLOG[3] (nnet-combine-fast[5.2.88~1392-cc246]:AcceptStep():optimization.cc:194) Accepted step; length was 0.0435576, prod was -0.000111235
VLOG[2] (nnet-combine-fast[5.2.88~1392-cc246]:DoBackpropParallel():nnet-update-parallel.cc:264) Did backprop on 10000 examples, average log-prob per frame is -0.650262
VLOG[2] (nnet-combine-fast[5.2.88~1392-cc246]:ComputeObjfAndGradient():combine-nnet-fast.cc:347) Objf is -0.650262, raw gradient is  [ -5.19348e-05 1.40682e-05 -4.57181e-05 -0.0010071 -6.98467e-05 5.29846e-05 2.95119e-05 -0.00103778 -3.8026e-05 4.2794e-05 -8.4866e-06 -0.00107055 -9.06399e-05 1.94763e-05 2.68259e-05 -0.0010494 -2.41943e-05 4.04476e-05 -7.94004e-05 -0.00111281 -3.92269e-05 5.84534e-05 5.30033e-05 -0.00102682 -3.6702e-05 2.22736e-05 1.13796e-05 -0.00112492 2.0385e-05 3.05592e-05 -1.97071e-05 -0.00122547 3.1929e-06 -1.27426e-05 2.1397e-05 -0.00115992 6.2767e-05 -5.03578e-06 1.83044e-05 -0.00129291 5.66998e-05 8.05817e-06 4.90105e-05 -0.00123407 6.88911e-05 -1.69132e-05 -2.52607e-05 -0.00130038 4.95274e-05 -5.18188e-05 4.91023e-05 -0.00130991 1.24542e-05 -3.61134e-05 -1.44093e-05 -0.00133786 -1.74999e-05 5.34466e-05 -3.06973e-05 -0.00127973 -6.94927e-05 2.66514e-05 -3.53153e-05 -0.00123551 -6.47968e-05 3.08296e-05 -7.2277e-05 -0.00120142 -5.38128e-05 -2.36034e-05 -4.71063e-05 -0.00120329 -6.18717e-05 -4.74037e-05 -8.15419e-05 -0.00112875 -2.22553e-05 -0.000101701 -0.000100242 -0.00105998 ]
VLOG[3] (nnet-combine-fast[5.2.88~1392-cc246]:StepSizeIteration():optimization.cc:240) In step size iteration, function value changed -0.650277 to -0.650262
VLOG[3] (nnet-combine-fast[5.2.88~1392-cc246]:StepSizeIteration():optimization.cc:323) d = 2, iter = 29, action = accept
VLOG[3] (nnet-combine-fast[5.2.88~1392-cc246]:AcceptStep():optimization.cc:194) Accepted step; length was 0.00678823, prod was -1.47554e-05
VLOG[2] (nnet-combine-fast[5.2.88~1392-cc246]:DoBackpropParallel():nnet-update-parallel.cc:264) Did backprop on 10000 examples, average log-prob per frame is -0.650257
VLOG[2] (nnet-combine-fast[5.2.88~1392-cc246]:ComputeObjfAndGradient():combine-nnet-fast.cc:347) Objf is -0.650257, raw gradient is  [ -5.80635e-06 1.54602e-05 -5.00631e-05 -0.000248518 -2.91115e-05 5.00019e-05 2.0832e-05 -0.000286154 2.33841e-06 4.645e-05 -1.28415e-05 -0.000330752 -5.02457e-05 1.97647e-05 2.24806e-05 -0.000318373 1.08063e-05 3.95313e-05 -7.94601e-05 -0.000374435 2.58713e-06 6.02978e-05 4.90372e-05 -0.000301532 4.68239e-05 2.32044e-05 9.0807e-06 -0.000395881 8.17841e-05 3.00388e-05 -1.90933e-05 -0.000488205 5.42892e-05 -1.41243e-05 2.06758e-05 -0.00041796 8.59722e-05 -9.161e-06 1.97813e-05 -0.000532847 7.04193e-05 5.79262e-06 4.69497e-05 -0.000472546 9.07871e-05 -2.03114e-05 -2.63867e-05 -0.000525233 5.93098e-05 -5.57186e-05 4.54354e-05 -0.000529049 4.47971e-05 -3.90835e-05 -1.53358e-05 -0.000550792 1.15215e-05 4.69757e-05 -3.07025e-05 -0.000484011 -3.01121e-05 2.71652e-05 -4.09079e-05 -0.000440742 -1.13682e-05 3.00434e-05 -7.26022e-05 -0.000399864 -4.01421e-06 -2.43256e-05 -4.71806e-05 -0.000411742 -1.72413e-05 -5.01972e-05 -8.25963e-05 -0.00034076 9.81903e-06 -0.000104568 -0.000102236 -0.000281512 ]
VLOG[3] (nnet-combine-fast[5.2.88~1392-cc246]:StepSizeIteration():optimization.cc:240) In step size iteration, function value changed -0.650262 to -0.650257
VLOG[3] (nnet-combine-fast[5.2.88~1392-cc246]:StepSizeIteration():optimization.cc:323) d = 2, iter = 30, action = accept
VLOG[3] (nnet-combine-fast[5.2.88~1392-cc246]:AcceptStep():optimization.cc:194) Accepted step; length was 0.00549401, prod was -8.60503e-06
LOG (nnet-combine-fast[5.2.88~1392-cc246]:ComputeCurrentNnet():combine-nnet-fast.cc:373) Scale parameters are  [
  -0.231222 0.609971 -0.907196 0.188341 
  0.442064 0.292967 0.745074 0.34475 
  -0.787041 -0.160575 -0.149834 0.094476 
  0.70884 -0.513988 0.520274 -0.179424 
  0.657487 0.750636 -0.00734161 0.316937 
  1.15411 -0.066272 -0.233051 0.028489 
  -1.38498 0.948252 0.173131 -0.157261 
  -0.346642 -0.385199 -0.292165 -0.101563 
  -0.00875122 0.263525 0.826066 -0.250254 
  0.765429 0.94125 0.471681 0.319053 
  0.312287 -0.0594016 -0.300683 -0.0674034 
  0.25625 -0.670706 -0.855839 0.104151 
  0.492232 0.254544 0.02033 0.187302 
  -0.323357 0.423062 2.09242 -0.146484 
  0.487782 -0.586523 0.31764 0.283546 
  0.170617 1.49977 -0.74079 0.0859847 
  0.0282057 -0.241245 -0.776781 0.377135 
  -0.391822 0.291733 0.752485 -0.177037 
  0.160427 -0.158888 -0.0618354 -0.0530197 
  0.801026 0.186984 1.18559 -0.0834701 ]
LOG (nnet-combine-fast[5.2.88~1392-cc246]:FastNnetCombiner():combine-nnet-fast.cc:152) Combining nnets, objf per frame changed from -0.659261 to -0.650257
LOG (nnet-combine-fast[5.2.88~1392-cc246]:main():nnet-combine-fast.cc:124) Finished combining neural nets, wrote model to exp/nnet/final.mdl
# Accounting: time=258 threads=1
# Ended (code 0) at Sat Sep 29 00:32:50 KST 2018, elapsed time 258 seconds
