# nnet-show-progress --use-gpu=no exp/nnet/63.mdl exp/nnet/64.mdl ark:exp/nnet/egs/train_diagnostic.egs && nnet-am-info exp/nnet/64.mdl 
# Started at Fri Sep 28 18:33:18 KST 2018
#
nnet-show-progress --use-gpu=no exp/nnet/63.mdl exp/nnet/64.mdl ark:exp/nnet/egs/train_diagnostic.egs 
LOG (nnet-show-progress[5.2.88~1392-cc246]:SelectGpuId():cu-device.cc:110) Manually selected to compute on CPU.
LOG (nnet-show-progress[5.2.88~1392-cc246]:main():nnet-show-progress.cc:123) At position 0.5, objf per frame is -1.20196
LOG (nnet-show-progress[5.2.88~1392-cc246]:main():nnet-show-progress.cc:134) Total objf change per component is  [ 0.00615401 -0.00156313 -0.00249622 -0.0119358 ]
LOG (nnet-show-progress[5.2.88~1392-cc246]:main():nnet-show-progress.cc:145) Parameter differences per layer are  [ 19.6621 29.3274 45.8568 39.1126 ]
LOG (nnet-show-progress[5.2.88~1392-cc246]:main():nnet-show-progress.cc:153) Relative parameter differences per layer are  [ 0.0873299 0.085572 0.101942 0.0985859 ]
nnet-am-info exp/nnet/64.mdl 
LOG (nnet-am-info[5.2.88~1392-cc246]:main():nnet-am-info.cc:76) Printed info about exp/nnet/64.mdl
num-components 15
num-updatable-components 4
left-context 9
right-context 7
input-dim 40
output-dim 2057
parameter-dim 5308157
component 0 : SpliceComponent, input-dim=40, output-dim=360, context=-4 -3 -2 -1 0 1 2 3 4 
component 1 : FixedAffineComponent, input-dim=360, output-dim=360, linear-params-stddev=0.0259164, bias-params-stddev=0.0581665
component 2 : AffineComponentPreconditionedOnline, input-dim=360, output-dim=3000, linear-params-stddev=0.216056, bias-params-stddev=0.547233, learning-rate=0.00841395, rank-in=20, rank-out=80, num_samples_history=2000, update_period=4, alpha=4, max-change-per-sample=0.075
component 3 : PnormComponent, input-dim = 3000, output-dim = 300, p = 2
component 4 : NormalizeComponent, input-dim=300, output-dim=300
component 5 : AffineComponentPreconditionedOnline, input-dim=300, output-dim=3000, linear-params-stddev=0.362414, bias-params-stddev=0.496555, learning-rate=0.00841395, rank-in=20, rank-out=80, num_samples_history=2000, update_period=4, alpha=4, max-change-per-sample=0.075
component 6 : PnormComponent, input-dim = 3000, output-dim = 300, p = 2
component 7 : NormalizeComponent, input-dim=300, output-dim=300
component 8 : SpliceComponent, input-dim=300, output-dim=900, context=-5 -1 3 
component 9 : AffineComponentPreconditionedOnline, input-dim=900, output-dim=3000, linear-params-stddev=0.275571, bias-params-stddev=0.49538, learning-rate=0.00841395, rank-in=20, rank-out=80, num_samples_history=2000, update_period=4, alpha=4, max-change-per-sample=0.075
component 10 : PnormComponent, input-dim = 3000, output-dim = 300, p = 2
component 11 : NormalizeComponent, input-dim=300, output-dim=300
component 12 : AffineComponentPreconditionedOnline, input-dim=300, output-dim=2057, linear-params-stddev=0.508604, bias-params-stddev=0.047541, learning-rate=0.00841395, rank-in=20, rank-out=80, num_samples_history=2000, update_period=4, alpha=4, max-change-per-sample=0.075
component 13 : FixedScaleComponent, input-dim=2057, output-dim=2057, scales-mean=1, scales-stddev=0.166007
component 14 : SoftmaxComponent, input-dim=2057, output-dim=2057
prior dimension: 2057, prior sum: 1, prior min: 3.43086e-05
# Accounting: time=14 threads=1
# Ended (code 0) at Fri Sep 28 18:33:32 KST 2018, elapsed time 14 seconds
