# nnet-show-progress --use-gpu=no exp/nnet/670.mdl exp/nnet/671.mdl ark:exp/nnet/egs/train_diagnostic.egs && nnet-am-info exp/nnet/671.mdl 
# Started at Fri Sep 28 23:11:08 KST 2018
#
nnet-show-progress --use-gpu=no exp/nnet/670.mdl exp/nnet/671.mdl ark:exp/nnet/egs/train_diagnostic.egs 
LOG (nnet-show-progress[5.2.88~1392-cc246]:SelectGpuId():cu-device.cc:110) Manually selected to compute on CPU.
LOG (nnet-show-progress[5.2.88~1392-cc246]:main():nnet-show-progress.cc:123) At position 0.5, objf per frame is -0.732004
LOG (nnet-show-progress[5.2.88~1392-cc246]:main():nnet-show-progress.cc:134) Total objf change per component is  [ 0.00198321 0.000185962 -0.00066581 -0.00190368 ]
LOG (nnet-show-progress[5.2.88~1392-cc246]:main():nnet-show-progress.cc:145) Parameter differences per layer are  [ 5.41629 8.69986 11.8031 7.15963 ]
LOG (nnet-show-progress[5.2.88~1392-cc246]:main():nnet-show-progress.cc:153) Relative parameter differences per layer are  [ 0.0122426 0.012526 0.0121197 0.00951853 ]
nnet-am-info exp/nnet/671.mdl 
LOG (nnet-am-info[5.2.88~1392-cc246]:main():nnet-am-info.cc:76) Printed info about exp/nnet/671.mdl
num-components 15
num-updatable-components 4
left-context 9
right-context 7
input-dim 40
output-dim 2057
parameter-dim 5308157
component 0 : SpliceComponent, input-dim=40, output-dim=360, context=-4 -3 -2 -1 0 1 2 3 4 
component 1 : FixedAffineComponent, input-dim=360, output-dim=360, linear-params-stddev=0.0259164, bias-params-stddev=0.0581665
component 2 : AffineComponentPreconditionedOnline, input-dim=360, output-dim=3000, linear-params-stddev=0.423536, bias-params-stddev=0.824951, learning-rate=0.00159361, rank-in=20, rank-out=80, num_samples_history=2000, update_period=4, alpha=4, max-change-per-sample=0.075
component 3 : PnormComponent, input-dim = 3000, output-dim = 300, p = 2
component 4 : NormalizeComponent, input-dim=300, output-dim=300
component 5 : AffineComponentPreconditionedOnline, input-dim=300, output-dim=3000, linear-params-stddev=0.731594, bias-params-stddev=0.517212, learning-rate=0.00159361, rank-in=20, rank-out=80, num_samples_history=2000, update_period=4, alpha=4, max-change-per-sample=0.075
component 6 : PnormComponent, input-dim = 3000, output-dim = 300, p = 2
component 7 : NormalizeComponent, input-dim=300, output-dim=300
component 8 : SpliceComponent, input-dim=300, output-dim=900, context=-5 -1 3 
component 9 : AffineComponentPreconditionedOnline, input-dim=900, output-dim=3000, linear-params-stddev=0.592512, bias-params-stddev=0.491695, learning-rate=0.00159361, rank-in=20, rank-out=80, num_samples_history=2000, update_period=4, alpha=4, max-change-per-sample=0.075
component 10 : PnormComponent, input-dim = 3000, output-dim = 300, p = 2
component 11 : NormalizeComponent, input-dim=300, output-dim=300
component 12 : AffineComponentPreconditionedOnline, input-dim=300, output-dim=2057, linear-params-stddev=0.957737, bias-params-stddev=0.0700587, learning-rate=0.00159361, rank-in=20, rank-out=80, num_samples_history=2000, update_period=4, alpha=4, max-change-per-sample=0.075
component 13 : FixedScaleComponent, input-dim=2057, output-dim=2057, scales-mean=1, scales-stddev=0.166007
component 14 : SoftmaxComponent, input-dim=2057, output-dim=2057
prior dimension: 2057, prior sum: 1, prior min: 3.43086e-05
# Accounting: time=13 threads=1
# Ended (code 0) at Fri Sep 28 23:11:21 KST 2018, elapsed time 13 seconds
