# nnet-train-simple --minibatch-size=128 --srand=514 "nnet-am-copy --learning-rate=0.00244396644066613 exp/nnet/514.mdl -|" "ark,bg:nnet-copy-egs --frame=1 ark:exp/nnet/egs/egs.4.ark ark:-|nnet-shuffle-egs --buffer-size=5000 --srand=514 ark:- ark:-|" exp/nnet/515.1.mdl 
# Started at Fri Sep 28 21:59:36 KST 2018
#
nnet-train-simple --minibatch-size=128 --srand=514 'nnet-am-copy --learning-rate=0.00244396644066613 exp/nnet/514.mdl -|' 'ark,bg:nnet-copy-egs --frame=1 ark:exp/nnet/egs/egs.4.ark ark:-|nnet-shuffle-egs --buffer-size=5000 --srand=514 ark:- ark:-|' exp/nnet/515.1.mdl 
WARNING (nnet-train-simple[5.2.88~1392-cc246]:SelectGpuId():cu-device.cc:182) Suggestion: use 'nvidia-smi -c 3' to set compute exclusive mode
LOG (nnet-train-simple[5.2.88~1392-cc246]:SelectGpuIdAuto():cu-device.cc:300) Selecting from 4 GPUs
LOG (nnet-train-simple[5.2.88~1392-cc246]:SelectGpuIdAuto():cu-device.cc:315) cudaSetDevice(0): TITAN Xp	free:11952M, used:234M, total:12186M, free/total:0.980784
LOG (nnet-train-simple[5.2.88~1392-cc246]:SelectGpuIdAuto():cu-device.cc:315) cudaSetDevice(1): TITAN Xp	free:12017M, used:172M, total:12189M, free/total:0.985813
LOG (nnet-train-simple[5.2.88~1392-cc246]:SelectGpuIdAuto():cu-device.cc:315) cudaSetDevice(2): TITAN Xp	free:12017M, used:172M, total:12189M, free/total:0.985813
LOG (nnet-train-simple[5.2.88~1392-cc246]:SelectGpuIdAuto():cu-device.cc:315) cudaSetDevice(3): TITAN Xp	free:12017M, used:172M, total:12189M, free/total:0.985813
LOG (nnet-train-simple[5.2.88~1392-cc246]:SelectGpuIdAuto():cu-device.cc:364) Trying to select device: 1 (automatically), mem_ratio: 0.985813
LOG (nnet-train-simple[5.2.88~1392-cc246]:SelectGpuIdAuto():cu-device.cc:383) Success selecting device 1 free mem ratio: 0.985813
LOG (nnet-train-simple[5.2.88~1392-cc246]:FinalizeActiveGpu():cu-device.cc:225) The active GPU is [1]: TITAN Xp	free:11983M, used:206M, total:12189M, free/total:0.983024 version 6.1
nnet-am-copy --learning-rate=0.00244396644066613 exp/nnet/514.mdl - 
LOG (nnet-am-copy[5.2.88~1392-cc246]:SetLearningRates():nnet-nnet.cc:353) Set learning rates to 0.00244397
LOG (nnet-am-copy[5.2.88~1392-cc246]:main():nnet-am-copy.cc:207) Copied neural net from exp/nnet/514.mdl to -
nnet-copy-egs --frame=1 ark:exp/nnet/egs/egs.4.ark ark:- 
nnet-shuffle-egs --buffer-size=5000 --srand=514 ark:- ark:- 
LOG (nnet-train-simple[5.2.88~1392-cc246]:TrainNnetSimple():train-nnet.cc:177) Training objective function (this phase) is -0.826073 over 6400 frames.
LOG (nnet-train-simple[5.2.88~1392-cc246]:TrainNnetSimple():train-nnet.cc:177) Training objective function (this phase) is -0.815644 over 6400 frames.
LOG (nnet-train-simple[5.2.88~1392-cc246]:TrainNnetSimple():train-nnet.cc:177) Training objective function (this phase) is -0.812054 over 6400 frames.
LOG (nnet-train-simple[5.2.88~1392-cc246]:TrainNnetSimple():train-nnet.cc:177) Training objective function (this phase) is -0.827966 over 6400 frames.
LOG (nnet-train-simple[5.2.88~1392-cc246]:TrainNnetSimple():train-nnet.cc:177) Training objective function (this phase) is -0.81618 over 6400 frames.
LOG (nnet-train-simple[5.2.88~1392-cc246]:TrainNnetSimple():train-nnet.cc:177) Training objective function (this phase) is -0.808302 over 6400 frames.
LOG (nnet-train-simple[5.2.88~1392-cc246]:TrainNnetSimple():train-nnet.cc:177) Training objective function (this phase) is -0.867845 over 6400 frames.
LOG (nnet-train-simple[5.2.88~1392-cc246]:TrainNnetSimple():train-nnet.cc:177) Training objective function (this phase) is -0.839726 over 6400 frames.
LOG (nnet-train-simple[5.2.88~1392-cc246]:TrainNnetSimple():train-nnet.cc:177) Training objective function (this phase) is -0.830763 over 6400 frames.
LOG (nnet-train-simple[5.2.88~1392-cc246]:TrainNnetSimple():train-nnet.cc:177) Training objective function (this phase) is -0.830522 over 6400 frames.
LOG (nnet-train-simple[5.2.88~1392-cc246]:TrainNnetSimple():train-nnet.cc:177) Training objective function (this phase) is -0.80047 over 6400 frames.
LOG (nnet-train-simple[5.2.88~1392-cc246]:TrainNnetSimple():train-nnet.cc:177) Training objective function (this phase) is -0.817169 over 6400 frames.
LOG (nnet-train-simple[5.2.88~1392-cc246]:TrainNnetSimple():train-nnet.cc:177) Training objective function (this phase) is -0.821738 over 6400 frames.
LOG (nnet-train-simple[5.2.88~1392-cc246]:TrainNnetSimple():train-nnet.cc:177) Training objective function (this phase) is -0.815975 over 6400 frames.
LOG (nnet-train-simple[5.2.88~1392-cc246]:TrainNnetSimple():train-nnet.cc:177) Training objective function (this phase) is -0.846893 over 6400 frames.
LOG (nnet-train-simple[5.2.88~1392-cc246]:TrainNnetSimple():train-nnet.cc:177) Training objective function (this phase) is -0.847962 over 6400 frames.
LOG (nnet-train-simple[5.2.88~1392-cc246]:TrainNnetSimple():train-nnet.cc:177) Training objective function (this phase) is -0.810714 over 6400 frames.
LOG (nnet-train-simple[5.2.88~1392-cc246]:TrainNnetSimple():train-nnet.cc:177) Training objective function (this phase) is -0.830447 over 6400 frames.
LOG (nnet-train-simple[5.2.88~1392-cc246]:TrainNnetSimple():train-nnet.cc:177) Training objective function (this phase) is -0.812555 over 6400 frames.
LOG (nnet-train-simple[5.2.88~1392-cc246]:TrainNnetSimple():train-nnet.cc:177) Training objective function (this phase) is -0.794631 over 6400 frames.
LOG (nnet-train-simple[5.2.88~1392-cc246]:TrainNnetSimple():train-nnet.cc:177) Training objective function (this phase) is -0.793508 over 6400 frames.
LOG (nnet-train-simple[5.2.88~1392-cc246]:TrainNnetSimple():train-nnet.cc:177) Training objective function (this phase) is -0.841909 over 6400 frames.
LOG (nnet-train-simple[5.2.88~1392-cc246]:TrainNnetSimple():train-nnet.cc:177) Training objective function (this phase) is -0.813137 over 6400 frames.
LOG (nnet-train-simple[5.2.88~1392-cc246]:TrainNnetSimple():train-nnet.cc:177) Training objective function (this phase) is -0.826097 over 6400 frames.
LOG (nnet-train-simple[5.2.88~1392-cc246]:TrainNnetSimple():train-nnet.cc:177) Training objective function (this phase) is -0.805084 over 6400 frames.
LOG (nnet-train-simple[5.2.88~1392-cc246]:TrainNnetSimple():train-nnet.cc:177) Training objective function (this phase) is -0.797766 over 6400 frames.
LOG (nnet-train-simple[5.2.88~1392-cc246]:TrainNnetSimple():train-nnet.cc:177) Training objective function (this phase) is -0.833118 over 6400 frames.
LOG (nnet-train-simple[5.2.88~1392-cc246]:TrainNnetSimple():train-nnet.cc:177) Training objective function (this phase) is -0.828867 over 6400 frames.
LOG (nnet-train-simple[5.2.88~1392-cc246]:TrainNnetSimple():train-nnet.cc:177) Training objective function (this phase) is -0.82451 over 6400 frames.
LOG (nnet-train-simple[5.2.88~1392-cc246]:TrainNnetSimple():train-nnet.cc:177) Training objective function (this phase) is -0.813971 over 6400 frames.
LOG (nnet-train-simple[5.2.88~1392-cc246]:TrainNnetSimple():train-nnet.cc:177) Training objective function (this phase) is -0.807011 over 6400 frames.
LOG (nnet-train-simple[5.2.88~1392-cc246]:TrainNnetSimple():train-nnet.cc:177) Training objective function (this phase) is -0.83883 over 6400 frames.
LOG (nnet-train-simple[5.2.88~1392-cc246]:TrainNnetSimple():train-nnet.cc:177) Training objective function (this phase) is -0.799494 over 6400 frames.
LOG (nnet-train-simple[5.2.88~1392-cc246]:TrainNnetSimple():train-nnet.cc:177) Training objective function (this phase) is -0.792449 over 6400 frames.
LOG (nnet-train-simple[5.2.88~1392-cc246]:TrainNnetSimple():train-nnet.cc:177) Training objective function (this phase) is -0.811055 over 6400 frames.
LOG (nnet-train-simple[5.2.88~1392-cc246]:TrainNnetSimple():train-nnet.cc:177) Training objective function (this phase) is -0.805704 over 6400 frames.
LOG (nnet-train-simple[5.2.88~1392-cc246]:TrainNnetSimple():train-nnet.cc:177) Training objective function (this phase) is -0.794126 over 6400 frames.
LOG (nnet-train-simple[5.2.88~1392-cc246]:TrainNnetSimple():train-nnet.cc:177) Training objective function (this phase) is -0.852299 over 6400 frames.
LOG (nnet-train-simple[5.2.88~1392-cc246]:TrainNnetSimple():train-nnet.cc:177) Training objective function (this phase) is -0.815786 over 6400 frames.
LOG (nnet-train-simple[5.2.88~1392-cc246]:TrainNnetSimple():train-nnet.cc:177) Training objective function (this phase) is -0.821784 over 6400 frames.
LOG (nnet-train-simple[5.2.88~1392-cc246]:TrainNnetSimple():train-nnet.cc:177) Training objective function (this phase) is -0.823277 over 6400 frames.
LOG (nnet-train-simple[5.2.88~1392-cc246]:TrainNnetSimple():train-nnet.cc:177) Training objective function (this phase) is -0.812128 over 6400 frames.
LOG (nnet-train-simple[5.2.88~1392-cc246]:TrainNnetSimple():train-nnet.cc:177) Training objective function (this phase) is -0.79818 over 6400 frames.
LOG (nnet-train-simple[5.2.88~1392-cc246]:TrainNnetSimple():train-nnet.cc:177) Training objective function (this phase) is -0.79897 over 6400 frames.
LOG (nnet-train-simple[5.2.88~1392-cc246]:TrainNnetSimple():train-nnet.cc:177) Training objective function (this phase) is -0.821901 over 6400 frames.
LOG (nnet-train-simple[5.2.88~1392-cc246]:TrainNnetSimple():train-nnet.cc:177) Training objective function (this phase) is -0.807492 over 6400 frames.
LOG (nnet-train-simple[5.2.88~1392-cc246]:TrainNnetSimple():train-nnet.cc:177) Training objective function (this phase) is -0.831307 over 6400 frames.
LOG (nnet-train-simple[5.2.88~1392-cc246]:TrainNnetSimple():train-nnet.cc:177) Training objective function (this phase) is -0.798743 over 6400 frames.
LOG (nnet-train-simple[5.2.88~1392-cc246]:TrainNnetSimple():train-nnet.cc:177) Training objective function (this phase) is -0.836613 over 6400 frames.
LOG (nnet-train-simple[5.2.88~1392-cc246]:TrainNnetSimple():train-nnet.cc:177) Training objective function (this phase) is -0.792755 over 6400 frames.
LOG (nnet-train-simple[5.2.88~1392-cc246]:TrainNnetSimple():train-nnet.cc:177) Training objective function (this phase) is -0.829519 over 6400 frames.
LOG (nnet-train-simple[5.2.88~1392-cc246]:TrainNnetSimple():train-nnet.cc:177) Training objective function (this phase) is -0.841735 over 6400 frames.
LOG (nnet-train-simple[5.2.88~1392-cc246]:TrainNnetSimple():train-nnet.cc:177) Training objective function (this phase) is -0.840714 over 6400 frames.
LOG (nnet-train-simple[5.2.88~1392-cc246]:TrainNnetSimple():train-nnet.cc:177) Training objective function (this phase) is -0.791199 over 6400 frames.
LOG (nnet-copy-egs[5.2.88~1392-cc246]:main():nnet-copy-egs.cc:170) Read 351950 neural-network training examples, wrote 351559
LOG (nnet-shuffle-egs[5.2.88~1392-cc246]:main():nnet-shuffle-egs.cc:102) Shuffled order of 351559 neural-network training examples using a buffer (partial randomization)
LOG (nnet-train-simple[5.2.88~1392-cc246]:TrainNnetSimple():train-nnet.cc:177) Training objective function (this phase) is -0.816945 over 5959 frames.
LOG (nnet-train-simple[5.2.88~1392-cc246]:TrainNnetSimple():train-nnet.cc:192) Did backprop on 351559 examples, average log-prob per frame is -0.818759
LOG (nnet-train-simple[5.2.88~1392-cc246]:TrainNnetSimple():train-nnet.cc:195) [this line is to be parsed by a script:] log-prob-per-frame=-0.818759
LOG (nnet-train-simple[5.2.88~1392-cc246]:main():nnet-train-simple.cc:107) Finished training, processed 351559 training examples.  Wrote model to exp/nnet/515.1.mdl
# Accounting: time=25 threads=1
# Ended (code 0) at Fri Sep 28 22:00:01 KST 2018, elapsed time 25 seconds
