# nnet-train-simple --minibatch-size=128 --srand=746 "nnet-am-copy --learning-rate=0.0012939120634187 exp/nnet/746.mdl -|" "ark,bg:nnet-copy-egs --frame=2 ark:exp/nnet/egs/egs.5.ark ark:-|nnet-shuffle-egs --buffer-size=5000 --srand=746 ark:- ark:-|" exp/nnet/747.1.mdl 
# Started at Fri Sep 28 23:45:34 KST 2018
#
nnet-train-simple --minibatch-size=128 --srand=746 'nnet-am-copy --learning-rate=0.0012939120634187 exp/nnet/746.mdl -|' 'ark,bg:nnet-copy-egs --frame=2 ark:exp/nnet/egs/egs.5.ark ark:-|nnet-shuffle-egs --buffer-size=5000 --srand=746 ark:- ark:-|' exp/nnet/747.1.mdl 
WARNING (nnet-train-simple[5.2.88~1392-cc246]:SelectGpuId():cu-device.cc:182) Suggestion: use 'nvidia-smi -c 3' to set compute exclusive mode
LOG (nnet-train-simple[5.2.88~1392-cc246]:SelectGpuIdAuto():cu-device.cc:300) Selecting from 4 GPUs
LOG (nnet-train-simple[5.2.88~1392-cc246]:SelectGpuIdAuto():cu-device.cc:315) cudaSetDevice(0): TITAN Xp	free:11952M, used:234M, total:12186M, free/total:0.980784
LOG (nnet-train-simple[5.2.88~1392-cc246]:SelectGpuIdAuto():cu-device.cc:315) cudaSetDevice(1): TITAN Xp	free:12017M, used:172M, total:12189M, free/total:0.985813
LOG (nnet-train-simple[5.2.88~1392-cc246]:SelectGpuIdAuto():cu-device.cc:315) cudaSetDevice(2): TITAN Xp	free:12017M, used:172M, total:12189M, free/total:0.985813
LOG (nnet-train-simple[5.2.88~1392-cc246]:SelectGpuIdAuto():cu-device.cc:315) cudaSetDevice(3): TITAN Xp	free:12017M, used:172M, total:12189M, free/total:0.985813
LOG (nnet-train-simple[5.2.88~1392-cc246]:SelectGpuIdAuto():cu-device.cc:364) Trying to select device: 1 (automatically), mem_ratio: 0.985813
LOG (nnet-train-simple[5.2.88~1392-cc246]:SelectGpuIdAuto():cu-device.cc:383) Success selecting device 1 free mem ratio: 0.985813
LOG (nnet-train-simple[5.2.88~1392-cc246]:FinalizeActiveGpu():cu-device.cc:225) The active GPU is [1]: TITAN Xp	free:11983M, used:206M, total:12189M, free/total:0.983024 version 6.1
nnet-am-copy --learning-rate=0.0012939120634187 exp/nnet/746.mdl - 
LOG (nnet-am-copy[5.2.88~1392-cc246]:SetLearningRates():nnet-nnet.cc:353) Set learning rates to 0.00129391
LOG (nnet-am-copy[5.2.88~1392-cc246]:main():nnet-am-copy.cc:207) Copied neural net from exp/nnet/746.mdl to -
nnet-copy-egs --frame=2 ark:exp/nnet/egs/egs.5.ark ark:- 
nnet-shuffle-egs --buffer-size=5000 --srand=746 ark:- ark:- 
LOG (nnet-train-simple[5.2.88~1392-cc246]:TrainNnetSimple():train-nnet.cc:177) Training objective function (this phase) is -0.738495 over 6400 frames.
LOG (nnet-train-simple[5.2.88~1392-cc246]:TrainNnetSimple():train-nnet.cc:177) Training objective function (this phase) is -0.739877 over 6400 frames.
LOG (nnet-train-simple[5.2.88~1392-cc246]:TrainNnetSimple():train-nnet.cc:177) Training objective function (this phase) is -0.709694 over 6400 frames.
LOG (nnet-train-simple[5.2.88~1392-cc246]:TrainNnetSimple():train-nnet.cc:177) Training objective function (this phase) is -0.749413 over 6400 frames.
LOG (nnet-train-simple[5.2.88~1392-cc246]:TrainNnetSimple():train-nnet.cc:177) Training objective function (this phase) is -0.764308 over 6400 frames.
LOG (nnet-train-simple[5.2.88~1392-cc246]:TrainNnetSimple():train-nnet.cc:177) Training objective function (this phase) is -0.74677 over 6400 frames.
LOG (nnet-train-simple[5.2.88~1392-cc246]:TrainNnetSimple():train-nnet.cc:177) Training objective function (this phase) is -0.747259 over 6400 frames.
LOG (nnet-train-simple[5.2.88~1392-cc246]:TrainNnetSimple():train-nnet.cc:177) Training objective function (this phase) is -0.723195 over 6400 frames.
LOG (nnet-train-simple[5.2.88~1392-cc246]:TrainNnetSimple():train-nnet.cc:177) Training objective function (this phase) is -0.741544 over 6400 frames.
LOG (nnet-train-simple[5.2.88~1392-cc246]:TrainNnetSimple():train-nnet.cc:177) Training objective function (this phase) is -0.725162 over 6400 frames.
LOG (nnet-train-simple[5.2.88~1392-cc246]:TrainNnetSimple():train-nnet.cc:177) Training objective function (this phase) is -0.749832 over 6400 frames.
LOG (nnet-train-simple[5.2.88~1392-cc246]:TrainNnetSimple():train-nnet.cc:177) Training objective function (this phase) is -0.723138 over 6400 frames.
LOG (nnet-train-simple[5.2.88~1392-cc246]:TrainNnetSimple():train-nnet.cc:177) Training objective function (this phase) is -0.724714 over 6400 frames.
LOG (nnet-train-simple[5.2.88~1392-cc246]:TrainNnetSimple():train-nnet.cc:177) Training objective function (this phase) is -0.75788 over 6400 frames.
LOG (nnet-train-simple[5.2.88~1392-cc246]:TrainNnetSimple():train-nnet.cc:177) Training objective function (this phase) is -0.73613 over 6400 frames.
LOG (nnet-train-simple[5.2.88~1392-cc246]:TrainNnetSimple():train-nnet.cc:177) Training objective function (this phase) is -0.736679 over 6400 frames.
LOG (nnet-train-simple[5.2.88~1392-cc246]:TrainNnetSimple():train-nnet.cc:177) Training objective function (this phase) is -0.744059 over 6400 frames.
LOG (nnet-train-simple[5.2.88~1392-cc246]:TrainNnetSimple():train-nnet.cc:177) Training objective function (this phase) is -0.753082 over 6400 frames.
LOG (nnet-train-simple[5.2.88~1392-cc246]:TrainNnetSimple():train-nnet.cc:177) Training objective function (this phase) is -0.733014 over 6400 frames.
LOG (nnet-train-simple[5.2.88~1392-cc246]:TrainNnetSimple():train-nnet.cc:177) Training objective function (this phase) is -0.750897 over 6400 frames.
LOG (nnet-train-simple[5.2.88~1392-cc246]:TrainNnetSimple():train-nnet.cc:177) Training objective function (this phase) is -0.772392 over 6400 frames.
LOG (nnet-train-simple[5.2.88~1392-cc246]:TrainNnetSimple():train-nnet.cc:177) Training objective function (this phase) is -0.735356 over 6400 frames.
LOG (nnet-train-simple[5.2.88~1392-cc246]:TrainNnetSimple():train-nnet.cc:177) Training objective function (this phase) is -0.742009 over 6400 frames.
LOG (nnet-train-simple[5.2.88~1392-cc246]:TrainNnetSimple():train-nnet.cc:177) Training objective function (this phase) is -0.720521 over 6400 frames.
LOG (nnet-train-simple[5.2.88~1392-cc246]:TrainNnetSimple():train-nnet.cc:177) Training objective function (this phase) is -0.754758 over 6400 frames.
LOG (nnet-train-simple[5.2.88~1392-cc246]:TrainNnetSimple():train-nnet.cc:177) Training objective function (this phase) is -0.740118 over 6400 frames.
LOG (nnet-train-simple[5.2.88~1392-cc246]:TrainNnetSimple():train-nnet.cc:177) Training objective function (this phase) is -0.744832 over 6400 frames.
LOG (nnet-train-simple[5.2.88~1392-cc246]:TrainNnetSimple():train-nnet.cc:177) Training objective function (this phase) is -0.743155 over 6400 frames.
LOG (nnet-train-simple[5.2.88~1392-cc246]:TrainNnetSimple():train-nnet.cc:177) Training objective function (this phase) is -0.719459 over 6400 frames.
LOG (nnet-train-simple[5.2.88~1392-cc246]:TrainNnetSimple():train-nnet.cc:177) Training objective function (this phase) is -0.756711 over 6400 frames.
LOG (nnet-train-simple[5.2.88~1392-cc246]:TrainNnetSimple():train-nnet.cc:177) Training objective function (this phase) is -0.740497 over 6400 frames.
LOG (nnet-train-simple[5.2.88~1392-cc246]:TrainNnetSimple():train-nnet.cc:177) Training objective function (this phase) is -0.745205 over 6400 frames.
LOG (nnet-train-simple[5.2.88~1392-cc246]:TrainNnetSimple():train-nnet.cc:177) Training objective function (this phase) is -0.753995 over 6400 frames.
LOG (nnet-train-simple[5.2.88~1392-cc246]:TrainNnetSimple():train-nnet.cc:177) Training objective function (this phase) is -0.740672 over 6400 frames.
LOG (nnet-train-simple[5.2.88~1392-cc246]:TrainNnetSimple():train-nnet.cc:177) Training objective function (this phase) is -0.755721 over 6400 frames.
LOG (nnet-train-simple[5.2.88~1392-cc246]:TrainNnetSimple():train-nnet.cc:177) Training objective function (this phase) is -0.759389 over 6400 frames.
LOG (nnet-train-simple[5.2.88~1392-cc246]:TrainNnetSimple():train-nnet.cc:177) Training objective function (this phase) is -0.745126 over 6400 frames.
LOG (nnet-train-simple[5.2.88~1392-cc246]:TrainNnetSimple():train-nnet.cc:177) Training objective function (this phase) is -0.731612 over 6400 frames.
LOG (nnet-train-simple[5.2.88~1392-cc246]:TrainNnetSimple():train-nnet.cc:177) Training objective function (this phase) is -0.757122 over 6400 frames.
LOG (nnet-train-simple[5.2.88~1392-cc246]:TrainNnetSimple():train-nnet.cc:177) Training objective function (this phase) is -0.711244 over 6400 frames.
LOG (nnet-train-simple[5.2.88~1392-cc246]:TrainNnetSimple():train-nnet.cc:177) Training objective function (this phase) is -0.744107 over 6400 frames.
LOG (nnet-train-simple[5.2.88~1392-cc246]:TrainNnetSimple():train-nnet.cc:177) Training objective function (this phase) is -0.731333 over 6400 frames.
LOG (nnet-train-simple[5.2.88~1392-cc246]:TrainNnetSimple():train-nnet.cc:177) Training objective function (this phase) is -0.760799 over 6400 frames.
LOG (nnet-train-simple[5.2.88~1392-cc246]:TrainNnetSimple():train-nnet.cc:177) Training objective function (this phase) is -0.727465 over 6400 frames.
LOG (nnet-train-simple[5.2.88~1392-cc246]:TrainNnetSimple():train-nnet.cc:177) Training objective function (this phase) is -0.74568 over 6400 frames.
LOG (nnet-train-simple[5.2.88~1392-cc246]:TrainNnetSimple():train-nnet.cc:177) Training objective function (this phase) is -0.731675 over 6400 frames.
LOG (nnet-train-simple[5.2.88~1392-cc246]:TrainNnetSimple():train-nnet.cc:177) Training objective function (this phase) is -0.759508 over 6400 frames.
LOG (nnet-train-simple[5.2.88~1392-cc246]:TrainNnetSimple():train-nnet.cc:177) Training objective function (this phase) is -0.748719 over 6400 frames.
LOG (nnet-train-simple[5.2.88~1392-cc246]:TrainNnetSimple():train-nnet.cc:177) Training objective function (this phase) is -0.733214 over 6400 frames.
LOG (nnet-train-simple[5.2.88~1392-cc246]:TrainNnetSimple():train-nnet.cc:177) Training objective function (this phase) is -0.762947 over 6400 frames.
LOG (nnet-train-simple[5.2.88~1392-cc246]:TrainNnetSimple():train-nnet.cc:177) Training objective function (this phase) is -0.735658 over 6400 frames.
LOG (nnet-train-simple[5.2.88~1392-cc246]:TrainNnetSimple():train-nnet.cc:177) Training objective function (this phase) is -0.731403 over 6400 frames.
LOG (nnet-train-simple[5.2.88~1392-cc246]:TrainNnetSimple():train-nnet.cc:177) Training objective function (this phase) is -0.733263 over 6400 frames.
LOG (nnet-train-simple[5.2.88~1392-cc246]:TrainNnetSimple():train-nnet.cc:177) Training objective function (this phase) is -0.704978 over 6400 frames.
LOG (nnet-copy-egs[5.2.88~1392-cc246]:main():nnet-copy-egs.cc:170) Read 351934 neural-network training examples, wrote 351076
LOG (nnet-shuffle-egs[5.2.88~1392-cc246]:main():nnet-shuffle-egs.cc:102) Shuffled order of 351076 neural-network training examples using a buffer (partial randomization)
LOG (nnet-train-simple[5.2.88~1392-cc246]:TrainNnetSimple():train-nnet.cc:177) Training objective function (this phase) is -0.722613 over 5476 frames.
LOG (nnet-train-simple[5.2.88~1392-cc246]:TrainNnetSimple():train-nnet.cc:192) Did backprop on 351076 examples, average log-prob per frame is -0.740746
LOG (nnet-train-simple[5.2.88~1392-cc246]:TrainNnetSimple():train-nnet.cc:195) [this line is to be parsed by a script:] log-prob-per-frame=-0.740746
LOG (nnet-train-simple[5.2.88~1392-cc246]:main():nnet-train-simple.cc:107) Finished training, processed 351076 training examples.  Wrote model to exp/nnet/747.1.mdl
# Accounting: time=28 threads=1
# Ended (code 0) at Fri Sep 28 23:46:02 KST 2018, elapsed time 28 seconds
