# nnet-train-simple --minibatch-size=128 --srand=131 "nnet-am-copy --learning-rate=0.00698308967299559 exp/nnet/131.mdl -|" "ark,bg:nnet-copy-egs --frame=2 ark:exp/nnet/egs/egs.6.ark ark:-|nnet-shuffle-egs --buffer-size=5000 --srand=131 ark:- ark:-|" exp/nnet/132.1.mdl 
# Started at Fri Sep 28 19:03:54 KST 2018
#
nnet-train-simple --minibatch-size=128 --srand=131 'nnet-am-copy --learning-rate=0.00698308967299559 exp/nnet/131.mdl -|' 'ark,bg:nnet-copy-egs --frame=2 ark:exp/nnet/egs/egs.6.ark ark:-|nnet-shuffle-egs --buffer-size=5000 --srand=131 ark:- ark:-|' exp/nnet/132.1.mdl 
WARNING (nnet-train-simple[5.2.88~1392-cc246]:SelectGpuId():cu-device.cc:182) Suggestion: use 'nvidia-smi -c 3' to set compute exclusive mode
LOG (nnet-train-simple[5.2.88~1392-cc246]:SelectGpuIdAuto():cu-device.cc:300) Selecting from 4 GPUs
LOG (nnet-train-simple[5.2.88~1392-cc246]:SelectGpuIdAuto():cu-device.cc:315) cudaSetDevice(0): TITAN Xp	free:11952M, used:234M, total:12186M, free/total:0.980784
LOG (nnet-train-simple[5.2.88~1392-cc246]:SelectGpuIdAuto():cu-device.cc:315) cudaSetDevice(1): TITAN Xp	free:12017M, used:172M, total:12189M, free/total:0.985813
LOG (nnet-train-simple[5.2.88~1392-cc246]:SelectGpuIdAuto():cu-device.cc:315) cudaSetDevice(2): TITAN Xp	free:12017M, used:172M, total:12189M, free/total:0.985813
LOG (nnet-train-simple[5.2.88~1392-cc246]:SelectGpuIdAuto():cu-device.cc:315) cudaSetDevice(3): TITAN Xp	free:12017M, used:172M, total:12189M, free/total:0.985813
LOG (nnet-train-simple[5.2.88~1392-cc246]:SelectGpuIdAuto():cu-device.cc:364) Trying to select device: 1 (automatically), mem_ratio: 0.985813
LOG (nnet-train-simple[5.2.88~1392-cc246]:SelectGpuIdAuto():cu-device.cc:383) Success selecting device 1 free mem ratio: 0.985813
LOG (nnet-train-simple[5.2.88~1392-cc246]:FinalizeActiveGpu():cu-device.cc:225) The active GPU is [1]: TITAN Xp	free:11983M, used:206M, total:12189M, free/total:0.983024 version 6.1
nnet-am-copy --learning-rate=0.00698308967299559 exp/nnet/131.mdl - 
LOG (nnet-am-copy[5.2.88~1392-cc246]:SetLearningRates():nnet-nnet.cc:353) Set learning rates to 0.00698309
LOG (nnet-am-copy[5.2.88~1392-cc246]:main():nnet-am-copy.cc:207) Copied neural net from exp/nnet/131.mdl to -
nnet-copy-egs --frame=2 ark:exp/nnet/egs/egs.6.ark ark:- 
nnet-shuffle-egs --buffer-size=5000 --srand=131 ark:- ark:- 
LOG (nnet-train-simple[5.2.88~1392-cc246]:TrainNnetSimple():train-nnet.cc:177) Training objective function (this phase) is -1.16789 over 6400 frames.
LOG (nnet-train-simple[5.2.88~1392-cc246]:TrainNnetSimple():train-nnet.cc:177) Training objective function (this phase) is -1.15192 over 6400 frames.
LOG (nnet-train-simple[5.2.88~1392-cc246]:TrainNnetSimple():train-nnet.cc:177) Training objective function (this phase) is -1.1627 over 6400 frames.
LOG (nnet-train-simple[5.2.88~1392-cc246]:TrainNnetSimple():train-nnet.cc:177) Training objective function (this phase) is -1.16819 over 6400 frames.
LOG (nnet-train-simple[5.2.88~1392-cc246]:TrainNnetSimple():train-nnet.cc:177) Training objective function (this phase) is -1.15871 over 6400 frames.
LOG (nnet-train-simple[5.2.88~1392-cc246]:TrainNnetSimple():train-nnet.cc:177) Training objective function (this phase) is -1.17275 over 6400 frames.
LOG (nnet-train-simple[5.2.88~1392-cc246]:TrainNnetSimple():train-nnet.cc:177) Training objective function (this phase) is -1.1747 over 6400 frames.
LOG (nnet-train-simple[5.2.88~1392-cc246]:TrainNnetSimple():train-nnet.cc:177) Training objective function (this phase) is -1.15578 over 6400 frames.
LOG (nnet-train-simple[5.2.88~1392-cc246]:TrainNnetSimple():train-nnet.cc:177) Training objective function (this phase) is -1.14286 over 6400 frames.
LOG (nnet-train-simple[5.2.88~1392-cc246]:TrainNnetSimple():train-nnet.cc:177) Training objective function (this phase) is -1.15504 over 6400 frames.
LOG (nnet-train-simple[5.2.88~1392-cc246]:TrainNnetSimple():train-nnet.cc:177) Training objective function (this phase) is -1.15054 over 6400 frames.
LOG (nnet-train-simple[5.2.88~1392-cc246]:TrainNnetSimple():train-nnet.cc:177) Training objective function (this phase) is -1.14765 over 6400 frames.
LOG (nnet-train-simple[5.2.88~1392-cc246]:TrainNnetSimple():train-nnet.cc:177) Training objective function (this phase) is -1.16881 over 6400 frames.
LOG (nnet-train-simple[5.2.88~1392-cc246]:TrainNnetSimple():train-nnet.cc:177) Training objective function (this phase) is -1.17014 over 6400 frames.
LOG (nnet-train-simple[5.2.88~1392-cc246]:TrainNnetSimple():train-nnet.cc:177) Training objective function (this phase) is -1.13889 over 6400 frames.
LOG (nnet-train-simple[5.2.88~1392-cc246]:TrainNnetSimple():train-nnet.cc:177) Training objective function (this phase) is -1.19018 over 6400 frames.
LOG (nnet-train-simple[5.2.88~1392-cc246]:TrainNnetSimple():train-nnet.cc:177) Training objective function (this phase) is -1.1483 over 6400 frames.
LOG (nnet-train-simple[5.2.88~1392-cc246]:TrainNnetSimple():train-nnet.cc:177) Training objective function (this phase) is -1.1911 over 6400 frames.
LOG (nnet-train-simple[5.2.88~1392-cc246]:TrainNnetSimple():train-nnet.cc:177) Training objective function (this phase) is -1.17966 over 6400 frames.
LOG (nnet-train-simple[5.2.88~1392-cc246]:TrainNnetSimple():train-nnet.cc:177) Training objective function (this phase) is -1.17702 over 6400 frames.
LOG (nnet-train-simple[5.2.88~1392-cc246]:TrainNnetSimple():train-nnet.cc:177) Training objective function (this phase) is -1.16097 over 6400 frames.
LOG (nnet-train-simple[5.2.88~1392-cc246]:TrainNnetSimple():train-nnet.cc:177) Training objective function (this phase) is -1.18859 over 6400 frames.
LOG (nnet-train-simple[5.2.88~1392-cc246]:TrainNnetSimple():train-nnet.cc:177) Training objective function (this phase) is -1.17949 over 6400 frames.
LOG (nnet-train-simple[5.2.88~1392-cc246]:TrainNnetSimple():train-nnet.cc:177) Training objective function (this phase) is -1.1471 over 6400 frames.
LOG (nnet-train-simple[5.2.88~1392-cc246]:TrainNnetSimple():train-nnet.cc:177) Training objective function (this phase) is -1.1531 over 6400 frames.
LOG (nnet-train-simple[5.2.88~1392-cc246]:TrainNnetSimple():train-nnet.cc:177) Training objective function (this phase) is -1.13516 over 6400 frames.
LOG (nnet-train-simple[5.2.88~1392-cc246]:TrainNnetSimple():train-nnet.cc:177) Training objective function (this phase) is -1.16314 over 6400 frames.
LOG (nnet-train-simple[5.2.88~1392-cc246]:TrainNnetSimple():train-nnet.cc:177) Training objective function (this phase) is -1.16489 over 6400 frames.
LOG (nnet-train-simple[5.2.88~1392-cc246]:TrainNnetSimple():train-nnet.cc:177) Training objective function (this phase) is -1.20695 over 6400 frames.
LOG (nnet-train-simple[5.2.88~1392-cc246]:TrainNnetSimple():train-nnet.cc:177) Training objective function (this phase) is -1.1755 over 6400 frames.
LOG (nnet-train-simple[5.2.88~1392-cc246]:TrainNnetSimple():train-nnet.cc:177) Training objective function (this phase) is -1.14451 over 6400 frames.
LOG (nnet-train-simple[5.2.88~1392-cc246]:TrainNnetSimple():train-nnet.cc:177) Training objective function (this phase) is -1.14808 over 6400 frames.
LOG (nnet-train-simple[5.2.88~1392-cc246]:TrainNnetSimple():train-nnet.cc:177) Training objective function (this phase) is -1.19074 over 6400 frames.
LOG (nnet-train-simple[5.2.88~1392-cc246]:TrainNnetSimple():train-nnet.cc:177) Training objective function (this phase) is -1.16424 over 6400 frames.
LOG (nnet-train-simple[5.2.88~1392-cc246]:TrainNnetSimple():train-nnet.cc:177) Training objective function (this phase) is -1.14777 over 6400 frames.
LOG (nnet-train-simple[5.2.88~1392-cc246]:TrainNnetSimple():train-nnet.cc:177) Training objective function (this phase) is -1.17255 over 6400 frames.
LOG (nnet-train-simple[5.2.88~1392-cc246]:TrainNnetSimple():train-nnet.cc:177) Training objective function (this phase) is -1.15381 over 6400 frames.
LOG (nnet-train-simple[5.2.88~1392-cc246]:TrainNnetSimple():train-nnet.cc:177) Training objective function (this phase) is -1.17201 over 6400 frames.
LOG (nnet-train-simple[5.2.88~1392-cc246]:TrainNnetSimple():train-nnet.cc:177) Training objective function (this phase) is -1.1509 over 6400 frames.
LOG (nnet-train-simple[5.2.88~1392-cc246]:TrainNnetSimple():train-nnet.cc:177) Training objective function (this phase) is -1.1523 over 6400 frames.
LOG (nnet-train-simple[5.2.88~1392-cc246]:TrainNnetSimple():train-nnet.cc:177) Training objective function (this phase) is -1.17157 over 6400 frames.
LOG (nnet-train-simple[5.2.88~1392-cc246]:TrainNnetSimple():train-nnet.cc:177) Training objective function (this phase) is -1.1628 over 6400 frames.
LOG (nnet-train-simple[5.2.88~1392-cc246]:TrainNnetSimple():train-nnet.cc:177) Training objective function (this phase) is -1.1654 over 6400 frames.
LOG (nnet-train-simple[5.2.88~1392-cc246]:TrainNnetSimple():train-nnet.cc:177) Training objective function (this phase) is -1.17376 over 6400 frames.
LOG (nnet-train-simple[5.2.88~1392-cc246]:TrainNnetSimple():train-nnet.cc:177) Training objective function (this phase) is -1.15837 over 6400 frames.
LOG (nnet-train-simple[5.2.88~1392-cc246]:TrainNnetSimple():train-nnet.cc:177) Training objective function (this phase) is -1.16674 over 6400 frames.
LOG (nnet-train-simple[5.2.88~1392-cc246]:TrainNnetSimple():train-nnet.cc:177) Training objective function (this phase) is -1.13536 over 6400 frames.
LOG (nnet-train-simple[5.2.88~1392-cc246]:TrainNnetSimple():train-nnet.cc:177) Training objective function (this phase) is -1.15204 over 6400 frames.
LOG (nnet-train-simple[5.2.88~1392-cc246]:GetScalingFactor():nnet-component.cc:1861) Limiting step size using scaling factor 0.990822, for component index 9
LOG (nnet-train-simple[5.2.88~1392-cc246]:TrainNnetSimple():train-nnet.cc:177) Training objective function (this phase) is -1.21104 over 6400 frames.
LOG (nnet-train-simple[5.2.88~1392-cc246]:TrainNnetSimple():train-nnet.cc:177) Training objective function (this phase) is -1.18584 over 6400 frames.
LOG (nnet-train-simple[5.2.88~1392-cc246]:TrainNnetSimple():train-nnet.cc:177) Training objective function (this phase) is -1.19118 over 6400 frames.
LOG (nnet-train-simple[5.2.88~1392-cc246]:TrainNnetSimple():train-nnet.cc:177) Training objective function (this phase) is -1.14871 over 6400 frames.
LOG (nnet-train-simple[5.2.88~1392-cc246]:TrainNnetSimple():train-nnet.cc:177) Training objective function (this phase) is -1.19151 over 6400 frames.
LOG (nnet-train-simple[5.2.88~1392-cc246]:TrainNnetSimple():train-nnet.cc:177) Training objective function (this phase) is -1.1413 over 6400 frames.
LOG (nnet-copy-egs[5.2.88~1392-cc246]:main():nnet-copy-egs.cc:170) Read 351920 neural-network training examples, wrote 351085
LOG (nnet-shuffle-egs[5.2.88~1392-cc246]:main():nnet-shuffle-egs.cc:102) Shuffled order of 351085 neural-network training examples using a buffer (partial randomization)
LOG (nnet-train-simple[5.2.88~1392-cc246]:TrainNnetSimple():train-nnet.cc:177) Training objective function (this phase) is -1.13627 over 5485 frames.
LOG (nnet-train-simple[5.2.88~1392-cc246]:TrainNnetSimple():train-nnet.cc:192) Did backprop on 351085 examples, average log-prob per frame is -1.16437
LOG (nnet-train-simple[5.2.88~1392-cc246]:TrainNnetSimple():train-nnet.cc:195) [this line is to be parsed by a script:] log-prob-per-frame=-1.16437
LOG (nnet-train-simple[5.2.88~1392-cc246]:main():nnet-train-simple.cc:107) Finished training, processed 351085 training examples.  Wrote model to exp/nnet/132.1.mdl
# Accounting: time=29 threads=1
# Ended (code 0) at Fri Sep 28 19:04:23 KST 2018, elapsed time 29 seconds
