# nnet-train-simple --minibatch-size=128 --srand=141 "nnet-am-copy --learning-rate=0.00679427087103892 exp/nnet/141.mdl -|" "ark,bg:nnet-copy-egs --frame=4 ark:exp/nnet/egs/egs.2.ark ark:-|nnet-shuffle-egs --buffer-size=5000 --srand=141 ark:- ark:-|" exp/nnet/142.1.mdl 
# Started at Fri Sep 28 19:08:28 KST 2018
#
nnet-train-simple --minibatch-size=128 --srand=141 'nnet-am-copy --learning-rate=0.00679427087103892 exp/nnet/141.mdl -|' 'ark,bg:nnet-copy-egs --frame=4 ark:exp/nnet/egs/egs.2.ark ark:-|nnet-shuffle-egs --buffer-size=5000 --srand=141 ark:- ark:-|' exp/nnet/142.1.mdl 
WARNING (nnet-train-simple[5.2.88~1392-cc246]:SelectGpuId():cu-device.cc:182) Suggestion: use 'nvidia-smi -c 3' to set compute exclusive mode
LOG (nnet-train-simple[5.2.88~1392-cc246]:SelectGpuIdAuto():cu-device.cc:300) Selecting from 4 GPUs
LOG (nnet-train-simple[5.2.88~1392-cc246]:SelectGpuIdAuto():cu-device.cc:315) cudaSetDevice(0): TITAN Xp	free:11952M, used:234M, total:12186M, free/total:0.980784
LOG (nnet-train-simple[5.2.88~1392-cc246]:SelectGpuIdAuto():cu-device.cc:315) cudaSetDevice(1): TITAN Xp	free:12017M, used:172M, total:12189M, free/total:0.985813
LOG (nnet-train-simple[5.2.88~1392-cc246]:SelectGpuIdAuto():cu-device.cc:315) cudaSetDevice(2): TITAN Xp	free:12017M, used:172M, total:12189M, free/total:0.985813
LOG (nnet-train-simple[5.2.88~1392-cc246]:SelectGpuIdAuto():cu-device.cc:315) cudaSetDevice(3): TITAN Xp	free:12017M, used:172M, total:12189M, free/total:0.985813
LOG (nnet-train-simple[5.2.88~1392-cc246]:SelectGpuIdAuto():cu-device.cc:364) Trying to select device: 1 (automatically), mem_ratio: 0.985813
LOG (nnet-train-simple[5.2.88~1392-cc246]:SelectGpuIdAuto():cu-device.cc:383) Success selecting device 1 free mem ratio: 0.985813
LOG (nnet-train-simple[5.2.88~1392-cc246]:FinalizeActiveGpu():cu-device.cc:225) The active GPU is [1]: TITAN Xp	free:11983M, used:206M, total:12189M, free/total:0.983024 version 6.1
nnet-am-copy --learning-rate=0.00679427087103892 exp/nnet/141.mdl - 
LOG (nnet-am-copy[5.2.88~1392-cc246]:SetLearningRates():nnet-nnet.cc:353) Set learning rates to 0.00679427
LOG (nnet-am-copy[5.2.88~1392-cc246]:main():nnet-am-copy.cc:207) Copied neural net from exp/nnet/141.mdl to -
nnet-copy-egs --frame=4 ark:exp/nnet/egs/egs.2.ark ark:- 
nnet-shuffle-egs --buffer-size=5000 --srand=141 ark:- ark:- 
LOG (nnet-train-simple[5.2.88~1392-cc246]:TrainNnetSimple():train-nnet.cc:177) Training objective function (this phase) is -1.16566 over 6400 frames.
LOG (nnet-train-simple[5.2.88~1392-cc246]:TrainNnetSimple():train-nnet.cc:177) Training objective function (this phase) is -1.11657 over 6400 frames.
LOG (nnet-train-simple[5.2.88~1392-cc246]:TrainNnetSimple():train-nnet.cc:177) Training objective function (this phase) is -1.1688 over 6400 frames.
LOG (nnet-train-simple[5.2.88~1392-cc246]:TrainNnetSimple():train-nnet.cc:177) Training objective function (this phase) is -1.1184 over 6400 frames.
LOG (nnet-train-simple[5.2.88~1392-cc246]:TrainNnetSimple():train-nnet.cc:177) Training objective function (this phase) is -1.13123 over 6400 frames.
LOG (nnet-train-simple[5.2.88~1392-cc246]:TrainNnetSimple():train-nnet.cc:177) Training objective function (this phase) is -1.14108 over 6400 frames.
LOG (nnet-train-simple[5.2.88~1392-cc246]:TrainNnetSimple():train-nnet.cc:177) Training objective function (this phase) is -1.16295 over 6400 frames.
LOG (nnet-train-simple[5.2.88~1392-cc246]:TrainNnetSimple():train-nnet.cc:177) Training objective function (this phase) is -1.11748 over 6400 frames.
LOG (nnet-train-simple[5.2.88~1392-cc246]:TrainNnetSimple():train-nnet.cc:177) Training objective function (this phase) is -1.15762 over 6400 frames.
LOG (nnet-train-simple[5.2.88~1392-cc246]:TrainNnetSimple():train-nnet.cc:177) Training objective function (this phase) is -1.1205 over 6400 frames.
LOG (nnet-train-simple[5.2.88~1392-cc246]:TrainNnetSimple():train-nnet.cc:177) Training objective function (this phase) is -1.15548 over 6400 frames.
LOG (nnet-train-simple[5.2.88~1392-cc246]:TrainNnetSimple():train-nnet.cc:177) Training objective function (this phase) is -1.12829 over 6400 frames.
LOG (nnet-train-simple[5.2.88~1392-cc246]:TrainNnetSimple():train-nnet.cc:177) Training objective function (this phase) is -1.15071 over 6400 frames.
LOG (nnet-train-simple[5.2.88~1392-cc246]:TrainNnetSimple():train-nnet.cc:177) Training objective function (this phase) is -1.15095 over 6400 frames.
LOG (nnet-train-simple[5.2.88~1392-cc246]:TrainNnetSimple():train-nnet.cc:177) Training objective function (this phase) is -1.13972 over 6400 frames.
LOG (nnet-train-simple[5.2.88~1392-cc246]:TrainNnetSimple():train-nnet.cc:177) Training objective function (this phase) is -1.1506 over 6400 frames.
LOG (nnet-train-simple[5.2.88~1392-cc246]:TrainNnetSimple():train-nnet.cc:177) Training objective function (this phase) is -1.14162 over 6400 frames.
LOG (nnet-train-simple[5.2.88~1392-cc246]:TrainNnetSimple():train-nnet.cc:177) Training objective function (this phase) is -1.19542 over 6400 frames.
LOG (nnet-train-simple[5.2.88~1392-cc246]:TrainNnetSimple():train-nnet.cc:177) Training objective function (this phase) is -1.14301 over 6400 frames.
LOG (nnet-train-simple[5.2.88~1392-cc246]:TrainNnetSimple():train-nnet.cc:177) Training objective function (this phase) is -1.12539 over 6400 frames.
LOG (nnet-train-simple[5.2.88~1392-cc246]:TrainNnetSimple():train-nnet.cc:177) Training objective function (this phase) is -1.09569 over 6400 frames.
LOG (nnet-train-simple[5.2.88~1392-cc246]:TrainNnetSimple():train-nnet.cc:177) Training objective function (this phase) is -1.15164 over 6400 frames.
LOG (nnet-train-simple[5.2.88~1392-cc246]:TrainNnetSimple():train-nnet.cc:177) Training objective function (this phase) is -1.11723 over 6400 frames.
LOG (nnet-train-simple[5.2.88~1392-cc246]:TrainNnetSimple():train-nnet.cc:177) Training objective function (this phase) is -1.14241 over 6400 frames.
LOG (nnet-train-simple[5.2.88~1392-cc246]:TrainNnetSimple():train-nnet.cc:177) Training objective function (this phase) is -1.14061 over 6400 frames.
LOG (nnet-train-simple[5.2.88~1392-cc246]:TrainNnetSimple():train-nnet.cc:177) Training objective function (this phase) is -1.1687 over 6400 frames.
LOG (nnet-train-simple[5.2.88~1392-cc246]:TrainNnetSimple():train-nnet.cc:177) Training objective function (this phase) is -1.11239 over 6400 frames.
LOG (nnet-train-simple[5.2.88~1392-cc246]:TrainNnetSimple():train-nnet.cc:177) Training objective function (this phase) is -1.14602 over 6400 frames.
LOG (nnet-train-simple[5.2.88~1392-cc246]:TrainNnetSimple():train-nnet.cc:177) Training objective function (this phase) is -1.11007 over 6400 frames.
LOG (nnet-train-simple[5.2.88~1392-cc246]:TrainNnetSimple():train-nnet.cc:177) Training objective function (this phase) is -1.12448 over 6400 frames.
LOG (nnet-train-simple[5.2.88~1392-cc246]:TrainNnetSimple():train-nnet.cc:177) Training objective function (this phase) is -1.15226 over 6400 frames.
LOG (nnet-train-simple[5.2.88~1392-cc246]:TrainNnetSimple():train-nnet.cc:177) Training objective function (this phase) is -1.12771 over 6400 frames.
LOG (nnet-train-simple[5.2.88~1392-cc246]:TrainNnetSimple():train-nnet.cc:177) Training objective function (this phase) is -1.14486 over 6400 frames.
LOG (nnet-train-simple[5.2.88~1392-cc246]:TrainNnetSimple():train-nnet.cc:177) Training objective function (this phase) is -1.12897 over 6400 frames.
LOG (nnet-train-simple[5.2.88~1392-cc246]:TrainNnetSimple():train-nnet.cc:177) Training objective function (this phase) is -1.15373 over 6400 frames.
LOG (nnet-train-simple[5.2.88~1392-cc246]:TrainNnetSimple():train-nnet.cc:177) Training objective function (this phase) is -1.12402 over 6400 frames.
LOG (nnet-train-simple[5.2.88~1392-cc246]:TrainNnetSimple():train-nnet.cc:177) Training objective function (this phase) is -1.1231 over 6400 frames.
LOG (nnet-train-simple[5.2.88~1392-cc246]:TrainNnetSimple():train-nnet.cc:177) Training objective function (this phase) is -1.1678 over 6400 frames.
LOG (nnet-train-simple[5.2.88~1392-cc246]:TrainNnetSimple():train-nnet.cc:177) Training objective function (this phase) is -1.14089 over 6400 frames.
LOG (nnet-train-simple[5.2.88~1392-cc246]:TrainNnetSimple():train-nnet.cc:177) Training objective function (this phase) is -1.11971 over 6400 frames.
LOG (nnet-train-simple[5.2.88~1392-cc246]:TrainNnetSimple():train-nnet.cc:177) Training objective function (this phase) is -1.11692 over 6400 frames.
LOG (nnet-train-simple[5.2.88~1392-cc246]:TrainNnetSimple():train-nnet.cc:177) Training objective function (this phase) is -1.11878 over 6400 frames.
LOG (nnet-train-simple[5.2.88~1392-cc246]:TrainNnetSimple():train-nnet.cc:177) Training objective function (this phase) is -1.0917 over 6400 frames.
LOG (nnet-train-simple[5.2.88~1392-cc246]:TrainNnetSimple():train-nnet.cc:177) Training objective function (this phase) is -1.10228 over 6400 frames.
LOG (nnet-train-simple[5.2.88~1392-cc246]:TrainNnetSimple():train-nnet.cc:177) Training objective function (this phase) is -1.15842 over 6400 frames.
LOG (nnet-train-simple[5.2.88~1392-cc246]:TrainNnetSimple():train-nnet.cc:177) Training objective function (this phase) is -1.1272 over 6400 frames.
LOG (nnet-train-simple[5.2.88~1392-cc246]:TrainNnetSimple():train-nnet.cc:177) Training objective function (this phase) is -1.12559 over 6400 frames.
LOG (nnet-train-simple[5.2.88~1392-cc246]:TrainNnetSimple():train-nnet.cc:177) Training objective function (this phase) is -1.15652 over 6400 frames.
LOG (nnet-train-simple[5.2.88~1392-cc246]:TrainNnetSimple():train-nnet.cc:177) Training objective function (this phase) is -1.16534 over 6400 frames.
LOG (nnet-train-simple[5.2.88~1392-cc246]:TrainNnetSimple():train-nnet.cc:177) Training objective function (this phase) is -1.14402 over 6400 frames.
LOG (nnet-train-simple[5.2.88~1392-cc246]:TrainNnetSimple():train-nnet.cc:177) Training objective function (this phase) is -1.14049 over 6400 frames.
LOG (nnet-train-simple[5.2.88~1392-cc246]:TrainNnetSimple():train-nnet.cc:177) Training objective function (this phase) is -1.11066 over 6400 frames.
LOG (nnet-train-simple[5.2.88~1392-cc246]:TrainNnetSimple():train-nnet.cc:177) Training objective function (this phase) is -1.17871 over 6400 frames.
LOG (nnet-copy-egs[5.2.88~1392-cc246]:main():nnet-copy-egs.cc:170) Read 351985 neural-network training examples, wrote 350302
LOG (nnet-train-simple[5.2.88~1392-cc246]:TrainNnetSimple():train-nnet.cc:177) Training objective function (this phase) is -1.107 over 6400 frames.
LOG (nnet-shuffle-egs[5.2.88~1392-cc246]:main():nnet-shuffle-egs.cc:102) Shuffled order of 350302 neural-network training examples using a buffer (partial randomization)
LOG (nnet-train-simple[5.2.88~1392-cc246]:TrainNnetSimple():train-nnet.cc:177) Training objective function (this phase) is -1.14848 over 4702 frames.
LOG (nnet-train-simple[5.2.88~1392-cc246]:TrainNnetSimple():train-nnet.cc:192) Did backprop on 350302 examples, average log-prob per frame is -1.13751
LOG (nnet-train-simple[5.2.88~1392-cc246]:TrainNnetSimple():train-nnet.cc:195) [this line is to be parsed by a script:] log-prob-per-frame=-1.13751
LOG (nnet-train-simple[5.2.88~1392-cc246]:main():nnet-train-simple.cc:107) Finished training, processed 350302 training examples.  Wrote model to exp/nnet/142.1.mdl
# Accounting: time=26 threads=1
# Ended (code 0) at Fri Sep 28 19:08:54 KST 2018, elapsed time 26 seconds
