# nnet-train-simple --minibatch-size=128 --srand=322 "nnet-am-copy --learning-rate=0.00413682040238851 exp/nnet/322.mdl -|" "ark,bg:nnet-copy-egs --frame=6 ark:exp/nnet/egs/egs.1.ark ark:-|nnet-shuffle-egs --buffer-size=5000 --srand=322 ark:- ark:-|" exp/nnet/323.1.mdl 
# Started at Fri Sep 28 20:31:24 KST 2018
#
nnet-train-simple --minibatch-size=128 --srand=322 'nnet-am-copy --learning-rate=0.00413682040238851 exp/nnet/322.mdl -|' 'ark,bg:nnet-copy-egs --frame=6 ark:exp/nnet/egs/egs.1.ark ark:-|nnet-shuffle-egs --buffer-size=5000 --srand=322 ark:- ark:-|' exp/nnet/323.1.mdl 
WARNING (nnet-train-simple[5.2.88~1392-cc246]:SelectGpuId():cu-device.cc:182) Suggestion: use 'nvidia-smi -c 3' to set compute exclusive mode
LOG (nnet-train-simple[5.2.88~1392-cc246]:SelectGpuIdAuto():cu-device.cc:300) Selecting from 4 GPUs
LOG (nnet-train-simple[5.2.88~1392-cc246]:SelectGpuIdAuto():cu-device.cc:315) cudaSetDevice(0): TITAN Xp	free:11952M, used:234M, total:12186M, free/total:0.980784
LOG (nnet-train-simple[5.2.88~1392-cc246]:SelectGpuIdAuto():cu-device.cc:315) cudaSetDevice(1): TITAN Xp	free:12017M, used:172M, total:12189M, free/total:0.985813
LOG (nnet-train-simple[5.2.88~1392-cc246]:SelectGpuIdAuto():cu-device.cc:315) cudaSetDevice(2): TITAN Xp	free:12017M, used:172M, total:12189M, free/total:0.985813
LOG (nnet-train-simple[5.2.88~1392-cc246]:SelectGpuIdAuto():cu-device.cc:315) cudaSetDevice(3): TITAN Xp	free:12017M, used:172M, total:12189M, free/total:0.985813
LOG (nnet-train-simple[5.2.88~1392-cc246]:SelectGpuIdAuto():cu-device.cc:364) Trying to select device: 1 (automatically), mem_ratio: 0.985813
LOG (nnet-train-simple[5.2.88~1392-cc246]:SelectGpuIdAuto():cu-device.cc:383) Success selecting device 1 free mem ratio: 0.985813
LOG (nnet-train-simple[5.2.88~1392-cc246]:FinalizeActiveGpu():cu-device.cc:225) The active GPU is [1]: TITAN Xp	free:11983M, used:206M, total:12189M, free/total:0.983024 version 6.1
nnet-am-copy --learning-rate=0.00413682040238851 exp/nnet/322.mdl - 
LOG (nnet-am-copy[5.2.88~1392-cc246]:SetLearningRates():nnet-nnet.cc:353) Set learning rates to 0.00413682
LOG (nnet-am-copy[5.2.88~1392-cc246]:main():nnet-am-copy.cc:207) Copied neural net from exp/nnet/322.mdl to -
nnet-copy-egs --frame=6 ark:exp/nnet/egs/egs.1.ark ark:- 
nnet-shuffle-egs --buffer-size=5000 --srand=322 ark:- ark:- 
LOG (nnet-train-simple[5.2.88~1392-cc246]:TrainNnetSimple():train-nnet.cc:177) Training objective function (this phase) is -0.950656 over 6400 frames.
LOG (nnet-train-simple[5.2.88~1392-cc246]:TrainNnetSimple():train-nnet.cc:177) Training objective function (this phase) is -0.954309 over 6400 frames.
LOG (nnet-train-simple[5.2.88~1392-cc246]:TrainNnetSimple():train-nnet.cc:177) Training objective function (this phase) is -0.94462 over 6400 frames.
LOG (nnet-train-simple[5.2.88~1392-cc246]:TrainNnetSimple():train-nnet.cc:177) Training objective function (this phase) is -0.899954 over 6400 frames.
LOG (nnet-train-simple[5.2.88~1392-cc246]:TrainNnetSimple():train-nnet.cc:177) Training objective function (this phase) is -0.909969 over 6400 frames.
LOG (nnet-train-simple[5.2.88~1392-cc246]:TrainNnetSimple():train-nnet.cc:177) Training objective function (this phase) is -0.898441 over 6400 frames.
LOG (nnet-train-simple[5.2.88~1392-cc246]:TrainNnetSimple():train-nnet.cc:177) Training objective function (this phase) is -0.935915 over 6400 frames.
LOG (nnet-train-simple[5.2.88~1392-cc246]:TrainNnetSimple():train-nnet.cc:177) Training objective function (this phase) is -0.934627 over 6400 frames.
LOG (nnet-train-simple[5.2.88~1392-cc246]:TrainNnetSimple():train-nnet.cc:177) Training objective function (this phase) is -0.88477 over 6400 frames.
LOG (nnet-train-simple[5.2.88~1392-cc246]:TrainNnetSimple():train-nnet.cc:177) Training objective function (this phase) is -0.92741 over 6400 frames.
LOG (nnet-train-simple[5.2.88~1392-cc246]:TrainNnetSimple():train-nnet.cc:177) Training objective function (this phase) is -0.932776 over 6400 frames.
LOG (nnet-train-simple[5.2.88~1392-cc246]:TrainNnetSimple():train-nnet.cc:177) Training objective function (this phase) is -0.93323 over 6400 frames.
LOG (nnet-train-simple[5.2.88~1392-cc246]:TrainNnetSimple():train-nnet.cc:177) Training objective function (this phase) is -0.96101 over 6400 frames.
LOG (nnet-train-simple[5.2.88~1392-cc246]:TrainNnetSimple():train-nnet.cc:177) Training objective function (this phase) is -0.902568 over 6400 frames.
LOG (nnet-train-simple[5.2.88~1392-cc246]:TrainNnetSimple():train-nnet.cc:177) Training objective function (this phase) is -0.927492 over 6400 frames.
LOG (nnet-train-simple[5.2.88~1392-cc246]:TrainNnetSimple():train-nnet.cc:177) Training objective function (this phase) is -0.91731 over 6400 frames.
LOG (nnet-train-simple[5.2.88~1392-cc246]:TrainNnetSimple():train-nnet.cc:177) Training objective function (this phase) is -0.912722 over 6400 frames.
LOG (nnet-train-simple[5.2.88~1392-cc246]:TrainNnetSimple():train-nnet.cc:177) Training objective function (this phase) is -0.926883 over 6400 frames.
LOG (nnet-train-simple[5.2.88~1392-cc246]:TrainNnetSimple():train-nnet.cc:177) Training objective function (this phase) is -0.907684 over 6400 frames.
LOG (nnet-train-simple[5.2.88~1392-cc246]:TrainNnetSimple():train-nnet.cc:177) Training objective function (this phase) is -0.909671 over 6400 frames.
LOG (nnet-train-simple[5.2.88~1392-cc246]:TrainNnetSimple():train-nnet.cc:177) Training objective function (this phase) is -0.917335 over 6400 frames.
LOG (nnet-train-simple[5.2.88~1392-cc246]:TrainNnetSimple():train-nnet.cc:177) Training objective function (this phase) is -0.920723 over 6400 frames.
LOG (nnet-train-simple[5.2.88~1392-cc246]:TrainNnetSimple():train-nnet.cc:177) Training objective function (this phase) is -0.934159 over 6400 frames.
LOG (nnet-train-simple[5.2.88~1392-cc246]:TrainNnetSimple():train-nnet.cc:177) Training objective function (this phase) is -0.950045 over 6400 frames.
LOG (nnet-train-simple[5.2.88~1392-cc246]:TrainNnetSimple():train-nnet.cc:177) Training objective function (this phase) is -0.930621 over 6400 frames.
LOG (nnet-train-simple[5.2.88~1392-cc246]:TrainNnetSimple():train-nnet.cc:177) Training objective function (this phase) is -0.926458 over 6400 frames.
LOG (nnet-train-simple[5.2.88~1392-cc246]:TrainNnetSimple():train-nnet.cc:177) Training objective function (this phase) is -0.938282 over 6400 frames.
LOG (nnet-train-simple[5.2.88~1392-cc246]:TrainNnetSimple():train-nnet.cc:177) Training objective function (this phase) is -0.929133 over 6400 frames.
LOG (nnet-train-simple[5.2.88~1392-cc246]:TrainNnetSimple():train-nnet.cc:177) Training objective function (this phase) is -0.902543 over 6400 frames.
LOG (nnet-train-simple[5.2.88~1392-cc246]:TrainNnetSimple():train-nnet.cc:177) Training objective function (this phase) is -0.904422 over 6400 frames.
LOG (nnet-train-simple[5.2.88~1392-cc246]:TrainNnetSimple():train-nnet.cc:177) Training objective function (this phase) is -0.934827 over 6400 frames.
LOG (nnet-train-simple[5.2.88~1392-cc246]:TrainNnetSimple():train-nnet.cc:177) Training objective function (this phase) is -0.922421 over 6400 frames.
LOG (nnet-train-simple[5.2.88~1392-cc246]:TrainNnetSimple():train-nnet.cc:177) Training objective function (this phase) is -0.908649 over 6400 frames.
LOG (nnet-train-simple[5.2.88~1392-cc246]:TrainNnetSimple():train-nnet.cc:177) Training objective function (this phase) is -0.936701 over 6400 frames.
LOG (nnet-train-simple[5.2.88~1392-cc246]:TrainNnetSimple():train-nnet.cc:177) Training objective function (this phase) is -0.911175 over 6400 frames.
LOG (nnet-train-simple[5.2.88~1392-cc246]:TrainNnetSimple():train-nnet.cc:177) Training objective function (this phase) is -0.924689 over 6400 frames.
LOG (nnet-train-simple[5.2.88~1392-cc246]:TrainNnetSimple():train-nnet.cc:177) Training objective function (this phase) is -0.934024 over 6400 frames.
LOG (nnet-train-simple[5.2.88~1392-cc246]:TrainNnetSimple():train-nnet.cc:177) Training objective function (this phase) is -0.896391 over 6400 frames.
LOG (nnet-train-simple[5.2.88~1392-cc246]:TrainNnetSimple():train-nnet.cc:177) Training objective function (this phase) is -0.92166 over 6400 frames.
LOG (nnet-train-simple[5.2.88~1392-cc246]:TrainNnetSimple():train-nnet.cc:177) Training objective function (this phase) is -0.925285 over 6400 frames.
LOG (nnet-train-simple[5.2.88~1392-cc246]:TrainNnetSimple():train-nnet.cc:177) Training objective function (this phase) is -0.971012 over 6400 frames.
LOG (nnet-train-simple[5.2.88~1392-cc246]:TrainNnetSimple():train-nnet.cc:177) Training objective function (this phase) is -0.921508 over 6400 frames.
LOG (nnet-train-simple[5.2.88~1392-cc246]:TrainNnetSimple():train-nnet.cc:177) Training objective function (this phase) is -0.907756 over 6400 frames.
LOG (nnet-train-simple[5.2.88~1392-cc246]:TrainNnetSimple():train-nnet.cc:177) Training objective function (this phase) is -0.927011 over 6400 frames.
LOG (nnet-train-simple[5.2.88~1392-cc246]:TrainNnetSimple():train-nnet.cc:177) Training objective function (this phase) is -0.930399 over 6400 frames.
LOG (nnet-train-simple[5.2.88~1392-cc246]:TrainNnetSimple():train-nnet.cc:177) Training objective function (this phase) is -0.92405 over 6400 frames.
LOG (nnet-train-simple[5.2.88~1392-cc246]:TrainNnetSimple():train-nnet.cc:177) Training objective function (this phase) is -0.920853 over 6400 frames.
LOG (nnet-train-simple[5.2.88~1392-cc246]:TrainNnetSimple():train-nnet.cc:177) Training objective function (this phase) is -0.910978 over 6400 frames.
LOG (nnet-train-simple[5.2.88~1392-cc246]:TrainNnetSimple():train-nnet.cc:177) Training objective function (this phase) is -0.923616 over 6400 frames.
LOG (nnet-train-simple[5.2.88~1392-cc246]:TrainNnetSimple():train-nnet.cc:177) Training objective function (this phase) is -0.946503 over 6400 frames.
LOG (nnet-train-simple[5.2.88~1392-cc246]:TrainNnetSimple():train-nnet.cc:177) Training objective function (this phase) is -0.912564 over 6400 frames.
LOG (nnet-train-simple[5.2.88~1392-cc246]:TrainNnetSimple():train-nnet.cc:177) Training objective function (this phase) is -0.911408 over 6400 frames.
LOG (nnet-train-simple[5.2.88~1392-cc246]:TrainNnetSimple():train-nnet.cc:177) Training objective function (this phase) is -0.944401 over 6400 frames.
LOG (nnet-copy-egs[5.2.88~1392-cc246]:main():nnet-copy-egs.cc:170) Read 351994 neural-network training examples, wrote 349427
LOG (nnet-train-simple[5.2.88~1392-cc246]:TrainNnetSimple():train-nnet.cc:177) Training objective function (this phase) is -0.91004 over 6400 frames.
LOG (nnet-shuffle-egs[5.2.88~1392-cc246]:main():nnet-shuffle-egs.cc:102) Shuffled order of 349427 neural-network training examples using a buffer (partial randomization)
LOG (nnet-train-simple[5.2.88~1392-cc246]:TrainNnetSimple():train-nnet.cc:177) Training objective function (this phase) is -0.96824 over 3827 frames.
LOG (nnet-train-simple[5.2.88~1392-cc246]:TrainNnetSimple():train-nnet.cc:192) Did backprop on 349427 examples, average log-prob per frame is -0.924625
LOG (nnet-train-simple[5.2.88~1392-cc246]:TrainNnetSimple():train-nnet.cc:195) [this line is to be parsed by a script:] log-prob-per-frame=-0.924625
LOG (nnet-train-simple[5.2.88~1392-cc246]:main():nnet-train-simple.cc:107) Finished training, processed 349427 training examples.  Wrote model to exp/nnet/323.1.mdl
# Accounting: time=27 threads=1
# Ended (code 0) at Fri Sep 28 20:31:51 KST 2018, elapsed time 27 seconds
